"polygons" in: met_min_ca_density.lydrc:35
    Polygons (raw): 71909 (flat)  6616 (hierarchical)
    Elapsed: 0.020s  Memory: 533.00M
"polygons" in: met_min_ca_density.lydrc:36
    Polygons (raw): 137310 (flat)  6830 (hierarchical)
    Elapsed: 0.020s  Memory: 533.00M
"polygons" in: met_min_ca_density.lydrc:38
    Polygons (raw): 73990 (flat)  30847 (hierarchical)
    Elapsed: 0.050s  Memory: 534.00M
"polygons" in: met_min_ca_density.lydrc:39
    Polygons (raw): 9362 (flat)  9330 (hierarchical)
    Elapsed: 0.020s  Memory: 534.00M
"polygons" in: met_min_ca_density.lydrc:41
    Polygons (raw): 18950 (flat)  18914 (hierarchical)
    Elapsed: 0.030s  Memory: 534.00M
"polygons" in: met_min_ca_density.lydrc:42
    Polygons (raw): 1973 (flat)  1965 (hierarchical)
    Elapsed: 0.020s  Memory: 534.00M
"polygons" in: met_min_ca_density.lydrc:44
    Polygons (raw): 4062 (flat)  4049 (hierarchical)
    Elapsed: 0.020s  Memory: 534.00M
"polygons" in: met_min_ca_density.lydrc:45
    Polygons (raw): 5717 (flat)  4654 (hierarchical)
    Elapsed: 0.020s  Memory: 535.00M
"polygons" in: met_min_ca_density.lydrc:47
    Polygons (raw): 1135 (flat)  1113 (hierarchical)
    Elapsed: 0.020s  Memory: 535.00M
"polygons" in: met_min_ca_density.lydrc:48
    Polygons (raw): 0 (flat)  0 (hierarchical)
    Elapsed: 0.010s  Memory: 535.00M
"polygons" in: met_min_ca_density.lydrc:49
    Polygons (raw): 12698 (flat)  12698 (hierarchical)
    Elapsed: 0.030s  Memory: 535.00M
"polygons" in: met_min_ca_density.lydrc:51
    Polygons (raw): 344 (flat)  344 (hierarchical)
    Elapsed: 0.010s  Memory: 535.00M
"input" in: met_min_ca_density.lydrc:53
    Polygons (raw): 121 (flat)  27 (hierarchical)
    Elapsed: 0.020s  Memory: 535.00M
"area" in: met_min_ca_density.lydrc:55
    Elapsed: 0.020s  Memory: 536.00M
"polygons" in: met_min_ca_density.lydrc:59
    Polygons (raw): 71909 (flat)  6616 (hierarchical)
    Elapsed: 0.030s  Memory: 536.00M
"area" in: met_min_ca_density.lydrc:59
    Elapsed: 0.730s  Memory: 546.00M
li1_ca_density is 0.9946492165949953
"polygons" in: met_min_ca_density.lydrc:69
    Polygons (raw): 73990 (flat)  30847 (hierarchical)
    Elapsed: 0.050s  Memory: 546.00M
"area" in: met_min_ca_density.lydrc:69
    Elapsed: 0.760s  Memory: 546.00M
m1_ca_density is 0.991631626262356
"polygons" in: met_min_ca_density.lydrc:79
    Polygons (raw): 18950 (flat)  18914 (hierarchical)
    Elapsed: 0.030s  Memory: 546.00M
"area" in: met_min_ca_density.lydrc:79
    Elapsed: 0.160s  Memory: 547.00M
m2_ca_density is 0.9939226291373171
"polygons" in: met_min_ca_density.lydrc:89
    Polygons (raw): 4062 (flat)  4049 (hierarchical)
    Elapsed: 0.020s  Memory: 547.00M
"area" in: met_min_ca_density.lydrc:89
    Elapsed: 0.050s  Memory: 547.00M
m3_ca_density is 0.9960324844358072
"polygons" in: met_min_ca_density.lydrc:99
    Polygons (raw): 1135 (flat)  1113 (hierarchical)
    Elapsed: 0.020s  Memory: 547.00M
"area" in: met_min_ca_density.lydrc:99
    Elapsed: 0.020s  Memory: 547.00M
m4_ca_density is 0.8448318055387998
"polygons" in: met_min_ca_density.lydrc:109
    Polygons (raw): 344 (flat)  344 (hierarchical)
    Elapsed: 0.010s  Memory: 547.00M
"area" in: met_min_ca_density.lydrc:109
    Elapsed: 0.020s  Memory: 547.00M
m5_ca_density is 0.844177901618929
Writing report database: /home/mxmont/Documents/Universidad/IC-UBB/MixPix/CARAVEL_WRAPPER/MixPix/precheck_results/11_NOV_2022___18_01_45/outputs/reports/klayout_met_min_ca_density_check.xml ..
Total elapsed: 2.360s  Memory: 547.00M
