"polygons" in: met_min_ca_density.lydrc:35
    Polygons (raw): 105792 (flat)  7193 (hierarchical)
    Elapsed: 0.020s  Memory: 534.00M
"polygons" in: met_min_ca_density.lydrc:36
    Polygons (raw): 137313 (flat)  6833 (hierarchical)
    Elapsed: 0.020s  Memory: 534.00M
"polygons" in: met_min_ca_density.lydrc:38
    Polygons (raw): 77992 (flat)  32865 (hierarchical)
    Elapsed: 0.050s  Memory: 535.00M
"polygons" in: met_min_ca_density.lydrc:39
    Polygons (raw): 10182 (flat)  10150 (hierarchical)
    Elapsed: 0.030s  Memory: 535.00M
"polygons" in: met_min_ca_density.lydrc:41
    Polygons (raw): 20143 (flat)  20107 (hierarchical)
    Elapsed: 0.030s  Memory: 536.00M
"polygons" in: met_min_ca_density.lydrc:42
    Polygons (raw): 1992 (flat)  1984 (hierarchical)
    Elapsed: 0.010s  Memory: 536.00M
"polygons" in: met_min_ca_density.lydrc:44
    Polygons (raw): 4208 (flat)  4195 (hierarchical)
    Elapsed: 0.020s  Memory: 536.00M
"polygons" in: met_min_ca_density.lydrc:45
    Polygons (raw): 5751 (flat)  4688 (hierarchical)
    Elapsed: 0.020s  Memory: 536.00M
"polygons" in: met_min_ca_density.lydrc:47
    Polygons (raw): 1199 (flat)  1177 (hierarchical)
    Elapsed: 0.020s  Memory: 536.00M
"polygons" in: met_min_ca_density.lydrc:48
    Polygons (raw): 0 (flat)  0 (hierarchical)
    Elapsed: 0.020s  Memory: 536.00M
"polygons" in: met_min_ca_density.lydrc:49
    Polygons (raw): 12643 (flat)  12643 (hierarchical)
    Elapsed: 0.020s  Memory: 536.00M
"polygons" in: met_min_ca_density.lydrc:51
    Polygons (raw): 346 (flat)  346 (hierarchical)
    Elapsed: 0.010s  Memory: 536.00M
"input" in: met_min_ca_density.lydrc:53
    Polygons (raw): 10493 (flat)  71 (hierarchical)
    Elapsed: 0.010s  Memory: 536.00M
"area" in: met_min_ca_density.lydrc:55
    Elapsed: 1.250s  Memory: 542.00M
"polygons" in: met_min_ca_density.lydrc:59
    Polygons (raw): 105792 (flat)  7193 (hierarchical)
    Elapsed: 0.020s  Memory: 542.00M
"area" in: met_min_ca_density.lydrc:59
    Elapsed: 0.660s  Memory: 548.00M
li1_ca_density is 0.9946387808754281
"polygons" in: met_min_ca_density.lydrc:69
    Polygons (raw): 77992 (flat)  32865 (hierarchical)
    Elapsed: 0.050s  Memory: 548.00M
"area" in: met_min_ca_density.lydrc:69
    Elapsed: 0.660s  Memory: 550.00M
m1_ca_density is 0.9915155664427343
"polygons" in: met_min_ca_density.lydrc:79
    Polygons (raw): 20143 (flat)  20107 (hierarchical)
    Elapsed: 0.030s  Memory: 550.00M
"area" in: met_min_ca_density.lydrc:79
    Elapsed: 0.200s  Memory: 550.00M
m2_ca_density is 0.9939802838014672
"polygons" in: met_min_ca_density.lydrc:89
    Polygons (raw): 4208 (flat)  4195 (hierarchical)
    Elapsed: 0.010s  Memory: 550.00M
"area" in: met_min_ca_density.lydrc:89
    Elapsed: 0.050s  Memory: 550.00M
m3_ca_density is 0.9959320846167692
"polygons" in: met_min_ca_density.lydrc:99
    Polygons (raw): 1199 (flat)  1177 (hierarchical)
    Elapsed: 0.020s  Memory: 550.00M
"area" in: met_min_ca_density.lydrc:99
    Elapsed: 0.030s  Memory: 550.00M
m4_ca_density is 0.8452225952531522
"polygons" in: met_min_ca_density.lydrc:109
    Polygons (raw): 346 (flat)  346 (hierarchical)
    Elapsed: 0.020s  Memory: 550.00M
"area" in: met_min_ca_density.lydrc:109
    Elapsed: 0.020s  Memory: 550.00M
m5_ca_density is 0.844177901618929
Writing report database: /home/mxmont/Documents/Universidad/IC-UBB/MixPix/CARAVEL_WRAPPER/MixPix/precheck_results/12_NOV_2022___16_23_52/outputs/reports/klayout_met_min_ca_density_check.xml ..
Total elapsed: 3.490s  Memory: 550.00M
