"polygons" in: met_min_ca_density.lydrc:35
    Polygons (raw): 252237 (flat)  3682 (hierarchical)
    Elapsed: 0.030s  Memory: 565.00M
"polygons" in: met_min_ca_density.lydrc:36
    Polygons (raw): 822248 (flat)  3512 (hierarchical)
    Elapsed: 0.020s  Memory: 565.00M
"polygons" in: met_min_ca_density.lydrc:38
    Polygons (raw): 227770 (flat)  16424 (hierarchical)
    Elapsed: 0.030s  Memory: 565.00M
"polygons" in: met_min_ca_density.lydrc:39
    Polygons (raw): 10777 (flat)  10777 (hierarchical)
    Elapsed: 0.030s  Memory: 565.00M
"polygons" in: met_min_ca_density.lydrc:41
    Polygons (raw): 13312 (flat)  13312 (hierarchical)
    Elapsed: 0.030s  Memory: 565.00M
"polygons" in: met_min_ca_density.lydrc:42
    Polygons (raw): 5239 (flat)  5239 (hierarchical)
    Elapsed: 0.030s  Memory: 565.00M
"polygons" in: met_min_ca_density.lydrc:44
    Polygons (raw): 2064 (flat)  2064 (hierarchical)
    Elapsed: 0.030s  Memory: 565.00M
"polygons" in: met_min_ca_density.lydrc:45
    Polygons (raw): 5150 (flat)  5150 (hierarchical)
    Elapsed: 0.030s  Memory: 565.00M
"polygons" in: met_min_ca_density.lydrc:47
    Polygons (raw): 491 (flat)  491 (hierarchical)
    Elapsed: 0.020s  Memory: 565.00M
"polygons" in: met_min_ca_density.lydrc:48
    Polygons (raw): 0 (flat)  0 (hierarchical)
    Elapsed: 0.010s  Memory: 565.00M
"polygons" in: met_min_ca_density.lydrc:49
    Polygons (raw): 12056 (flat)  12056 (hierarchical)
    Elapsed: 0.010s  Memory: 565.00M
"polygons" in: met_min_ca_density.lydrc:51
    Polygons (raw): 344 (flat)  344 (hierarchical)
    Elapsed: 0.000s  Memory: 565.00M
"input" in: met_min_ca_density.lydrc:53
    Polygons (raw): 2 (flat)  2 (hierarchical)
    Elapsed: 0.020s  Memory: 565.00M
"area" in: met_min_ca_density.lydrc:55
    Elapsed: 0.040s  Memory: 568.00M
"polygons" in: met_min_ca_density.lydrc:59
    Polygons (raw): 252237 (flat)  3682 (hierarchical)
    Elapsed: 0.030s  Memory: 568.00M
"area" in: met_min_ca_density.lydrc:59
    Elapsed: 2.320s  Memory: 599.00M
li1_ca_density is 0.9749364819743346
"polygons" in: met_min_ca_density.lydrc:69
    Polygons (raw): 227770 (flat)  16424 (hierarchical)
    Elapsed: 0.030s  Memory: 599.00M
"area" in: met_min_ca_density.lydrc:69
    Elapsed: 1.960s  Memory: 598.00M
m1_ca_density is 0.9850086963681117
"polygons" in: met_min_ca_density.lydrc:79
    Polygons (raw): 13312 (flat)  13312 (hierarchical)
    Elapsed: 0.030s  Memory: 598.00M
"area" in: met_min_ca_density.lydrc:79
    Elapsed: 0.130s  Memory: 600.00M
m2_ca_density is 0.9866295936235212
"polygons" in: met_min_ca_density.lydrc:89
    Polygons (raw): 2064 (flat)  2064 (hierarchical)
    Elapsed: 0.030s  Memory: 600.00M
"area" in: met_min_ca_density.lydrc:89
    Elapsed: 0.040s  Memory: 600.00M
m3_ca_density is 0.999037480094178
"polygons" in: met_min_ca_density.lydrc:99
    Polygons (raw): 491 (flat)  491 (hierarchical)
    Elapsed: 0.020s  Memory: 600.00M
"area" in: met_min_ca_density.lydrc:99
    Elapsed: 0.040s  Memory: 600.00M
m4_ca_density is 0.8478534813589664
"polygons" in: met_min_ca_density.lydrc:109
    Polygons (raw): 344 (flat)  344 (hierarchical)
    Elapsed: 0.010s  Memory: 600.00M
"area" in: met_min_ca_density.lydrc:109
    Elapsed: 0.030s  Memory: 600.00M
m5_ca_density is 0.844177901618929
Writing report database: /home/mxmont/Documents/Universidad/IC-UBB/MixPix/CARAVEL_WRAPPER/MixPix/precheck_results/30_AUG_2022___21_31_53/outputs/reports/klayout_met_min_ca_density_check.xml ..
Total elapsed: 5.400s  Memory: 600.00M
