2022-08-30 21:31:53 - [INFO] - {{EXTRACTING FILES}} Extracting compressed files in: /home/mxmont/Documents/Universidad/IC-UBB/MixPix/CARAVEL_WRAPPER/MixPix
2022-08-30 21:32:04 - [INFO] - {{Project Type Info}} digital
2022-08-30 21:32:04 - [INFO] - {{Project GDS Info}} user_project_wrapper: 334fd2adb27e41c4dcfbac198f7d57d90dc31288
2022-08-30 21:32:04 - [INFO] - {{Tools Info}} KLayout: v0.27.10 | Magic: v8.3.315
2022-08-30 21:32:04 - [ERROR] - MPW Precheck failed to get Open PDKs & Skywater PDK versions: Command '['git', '-C', '/home/mxmont/Documents/Universidad/IC-UBB/MixPix/CARAVEL_WRAPPER/MixPix/dependencies/pdks/open_pdks', 'rev-parse', '--verify', 'HEAD']' returned non-zero exit status 128.
2022-08-30 21:32:04 - [INFO] - {{START}} Precheck Started, the full log 'precheck.log' will be located in '/home/mxmont/Documents/Universidad/IC-UBB/MixPix/CARAVEL_WRAPPER/MixPix/precheck_results/30_AUG_2022___21_31_53/logs'
2022-08-30 21:32:04 - [INFO] - {{PRECHECK SEQUENCE}} Precheck will run the following checks: [License, Makefile, Default, Documentation, Consistency, XOR, Magic DRC, Klayout FEOL, Klayout BEOL, Klayout Offgrid, Klayout Metal Minimum Clear Area Density, Klayout Pin Label Purposes Overlapping Drawing, Klayout ZeroArea]
2022-08-30 21:32:04 - [INFO] - {{STEP UPDATE}} Executing Check 1 of 13: License
2022-08-30 21:32:05 - [INFO] - An approved LICENSE (Apache-2.0) was found in /home/mxmont/Documents/Universidad/IC-UBB/MixPix/CARAVEL_WRAPPER/MixPix.
2022-08-30 21:32:05 - [INFO] - {{MAIN LICENSE CHECK PASSED}} An approved LICENSE was found in project root.
2022-08-30 21:32:06 - [INFO] - An approved LICENSE (Apache-2.0) was found in /home/mxmont/Documents/Universidad/IC-UBB/MixPix/CARAVEL_WRAPPER/MixPix.
2022-08-30 21:32:07 - [INFO] - An approved LICENSE (Apache-2.0) was found in /home/mxmont/Documents/Universidad/IC-UBB/MixPix/CARAVEL_WRAPPER/MixPix.
2022-08-30 21:32:09 - [INFO] - An approved LICENSE (Apache-2.0) was found in /home/mxmont/Documents/Universidad/IC-UBB/MixPix/CARAVEL_WRAPPER/MixPix.
2022-08-30 21:32:09 - [INFO] - {{SUBMODULES LICENSE CHECK PASSED}} No prohibited LICENSE file(s) was found in project submodules
2022-08-30 21:32:11 - [ERROR] - SPDX COMPLIANCE FILE UNICODE DECODE EXCEPTION in (/home/mxmont/Documents/Universidad/IC-UBB/MixPix/CARAVEL_WRAPPER/MixPix/mgmt_core_wrapper/lvs/examples/utils/vlog2Spice): 'utf-8' codec can't decode byte 0xf8 in position 96: invalid start byte
2022-08-30 21:32:11 - [ERROR] - SPDX COMPLIANCE FILE UNICODE DECODE EXCEPTION in (/home/mxmont/Documents/Universidad/IC-UBB/MixPix/CARAVEL_WRAPPER/MixPix/mgmt_core_wrapper/lvs/utils/vlog2Spice): 'utf-8' codec can't decode byte 0xf8 in position 96: invalid start byte
2022-08-30 21:32:25 - [ERROR] - SPDX COMPLIANCE FILE UNICODE DECODE EXCEPTION in (/home/mxmont/Documents/Universidad/IC-UBB/MixPix/CARAVEL_WRAPPER/MixPix/mgmt_core_wrapper/verilog/dv/tests-standalone/spi_master/spi_master.vcd.hier): 'utf-8' codec can't decode byte 0xfc in position 0: invalid start byte
2022-08-30 21:32:25 - [ERROR] - SPDX COMPLIANCE FILE UNICODE DECODE EXCEPTION in (/home/mxmont/Documents/Universidad/IC-UBB/MixPix/CARAVEL_WRAPPER/MixPix/mgmt_core_wrapper/verilog/rtl/ibex/sv-source-orig/sv2v): 'utf-8' codec can't decode byte 0xcf in position 0: invalid continuation byte
2022-08-30 21:32:29 - [ERROR] - SPDX COMPLIANCE FILE UNICODE DECODE EXCEPTION in (/home/mxmont/Documents/Universidad/IC-UBB/MixPix/CARAVEL_WRAPPER/MixPix/dependencies/openlane_src/docs/_static/striVe.jpeg): 'utf-8' codec can't decode byte 0xff in position 0: invalid start byte
2022-08-30 21:32:45 - [WARNING] - {{SPDX COMPLIANCE CHECK FAILED}} Found 4319 non-compliant file(s) with the SPDX Standard.
2022-08-30 21:32:45 - [INFO] - SPDX COMPLIANCE: NON-COMPLIANT FILE(S) PREVIEW: ['/home/mxmont/Documents/Universidad/IC-UBB/MixPix/CARAVEL_WRAPPER/MixPix/Makefile', '/home/mxmont/Documents/Universidad/IC-UBB/MixPix/CARAVEL_WRAPPER/MixPix/precheck_results/30_AUG_2022___21_31_53/logs/tools.info', '/home/mxmont/Documents/Universidad/IC-UBB/MixPix/CARAVEL_WRAPPER/MixPix/precheck_results/30_AUG_2022___21_31_53/logs/gds.info', '/home/mxmont/Documents/Universidad/IC-UBB/MixPix/CARAVEL_WRAPPER/MixPix/mgmt_core_wrapper/sram_roerrors', '/home/mxmont/Documents/Universidad/IC-UBB/MixPix/CARAVEL_WRAPPER/MixPix/mgmt_core_wrapper/.readthedocs.yaml', '/home/mxmont/Documents/Universidad/IC-UBB/MixPix/CARAVEL_WRAPPER/MixPix/mgmt_core_wrapper/ef_io.list', '/home/mxmont/Documents/Universidad/IC-UBB/MixPix/CARAVEL_WRAPPER/MixPix/mgmt_core_wrapper/Makefile', '/home/mxmont/Documents/Universidad/IC-UBB/MixPix/CARAVEL_WRAPPER/MixPix/mgmt_core_wrapper/spef/mgmt_core_wrapper.spef', '/home/mxmont/Documents/Universidad/IC-UBB/MixPix/CARAVEL_WRAPPER/MixPix/mgmt_core_wrapper/spef/mgmt_core.spef', '/home/mxmont/Documents/Universidad/IC-UBB/MixPix/CARAVEL_WRAPPER/MixPix/mgmt_core_wrapper/spef/DFFRAM.spef', '/home/mxmont/Documents/Universidad/IC-UBB/MixPix/CARAVEL_WRAPPER/MixPix/mgmt_core_wrapper/sdf/DFFRAM.sdf', '/home/mxmont/Documents/Universidad/IC-UBB/MixPix/CARAVEL_WRAPPER/MixPix/mgmt_core_wrapper/sdf/mgmt_core_wrapper.sdf', '/home/mxmont/Documents/Universidad/IC-UBB/MixPix/CARAVEL_WRAPPER/MixPix/mgmt_core_wrapper/sdf/mgmt_core.sdf', '/home/mxmont/Documents/Universidad/IC-UBB/MixPix/CARAVEL_WRAPPER/MixPix/mgmt_core_wrapper/docs/environment.yml', '/home/mxmont/Documents/Universidad/IC-UBB/MixPix/CARAVEL_WRAPPER/MixPix/mgmt_core_wrapper/docs/Makefile']
2022-08-30 21:32:45 - [INFO] - For the full SPDX compliance report check: /home/mxmont/Documents/Universidad/IC-UBB/MixPix/CARAVEL_WRAPPER/MixPix/precheck_results/30_AUG_2022___21_31_53/logs/spdx_compliance_report.log
2022-08-30 21:32:45 - [INFO] - {{STEP UPDATE}} Executing Check 2 of 13: Makefile
2022-08-30 21:32:45 - [INFO] - {{MAKEFILE CHECK PASSED}} Makefile valid.
2022-08-30 21:32:45 - [INFO] - {{STEP UPDATE}} Executing Check 3 of 13: Default
2022-08-30 21:32:45 - [WARNING] - The provided 'README.md' is identical to the default 'README.md'
2022-08-30 21:32:45 - [WARNING] - {{README DEFAULT CHECK FAILED}} Project 'README.md' was not modified and is identical to the default 'README.md'
2022-08-30 21:32:46 - [INFO] - {{CONTENT DEFAULT CHECK PASSED}} Project 'gds' was modified and is not identical to the default 'gds'
2022-08-30 21:32:46 - [INFO] - {{STEP UPDATE}} Executing Check 4 of 13: Documentation
2022-08-30 21:32:46 - [INFO] - {{DOCUMENTATION CHECK PASSED}} Project documentation is appropriate.
2022-08-30 21:32:46 - [INFO] - {{STEP UPDATE}} Executing Check 5 of 13: Consistency
2022-08-30 21:32:52 - [INFO] - HIERARCHY CHECK PASSED: Module user_project_wrapper is instantiated in caravel. 
2022-08-30 21:32:52 - [INFO] - COMPLEXITY CHECK PASSED: Netlist caravel contains at least 8 instances (90 instances). 
2022-08-30 21:32:52 - [INFO] - MODELING CHECK PASSED: Netlist caravel is structural.
2022-08-30 21:32:52 - [INFO] - SUBMODULE HOOKS CHECK PASSED: All module ports for user_project_wrapper are correctly connected in the top level netlist caravel.
2022-08-30 21:32:52 - [INFO] - POWER CONNECTIONS CHECK PASSED: All instances in caravel are connected to power
2022-08-30 21:32:52 - [INFO] - {{NETLIST CONSISTENCY CHECK PASSED}} caravel netlist passed all consistency checks.
2022-08-30 21:32:52 - [INFO] - PORTS CHECK PASSED: Netlist user_project_wrapper ports match the golden wrapper ports
2022-08-30 21:32:52 - [INFO] - COMPLEXITY CHECK PASSED: Netlist user_project_wrapper contains at least 1 instances (1 instances). 
2022-08-30 21:32:52 - [INFO] - MODELING CHECK PASSED: Netlist user_project_wrapper is structural.
2022-08-30 21:32:52 - [INFO] - LAYOUT CHECK PASSED: The GDS layout for user_project_wrapper matches the provided structural netlist.
2022-08-30 21:32:52 - [INFO] - POWER CONNECTIONS CHECK PASSED: All instances in user_project_wrapper are connected to power
2022-08-30 21:32:52 - [INFO] - PORT TYPES CHECK PASSED: Netlist user_project_wrapper port types match the golden wrapper port types.
2022-08-30 21:32:52 - [INFO] - {{NETLIST CONSISTENCY CHECK PASSED}} user_project_wrapper netlist passed all consistency checks.
2022-08-30 21:32:52 - [INFO] - {{CONSISTENCY CHECK PASSED}} The user netlist and the top netlist are valid.
2022-08-30 21:32:52 - [INFO] - {{STEP UPDATE}} Executing Check 6 of 13: XOR
2022-08-30 21:32:59 - [INFO] - {{XOR CHECK UPDATE}} Total XOR differences: 0, for more details view /home/mxmont/Documents/Universidad/IC-UBB/MixPix/CARAVEL_WRAPPER/MixPix/precheck_results/30_AUG_2022___21_31_53/outputs/user_project_wrapper.xor.gds
2022-08-30 21:32:59 - [INFO] - {{XOR CHECK PASSED}} The GDS file has no XOR violations.
2022-08-30 21:32:59 - [INFO] - {{STEP UPDATE}} Executing Check 7 of 13: Magic DRC
2022-08-30 21:33:00 - [INFO] - 0 DRC violations
2022-08-30 21:33:00 - [INFO] - {{MAGIC DRC CHECK PASSED}} The GDS file, user_project_wrapper.gds, has no DRC violations.
2022-08-30 21:33:00 - [INFO] - {{STEP UPDATE}} Executing Check 8 of 13: Klayout FEOL
2022-08-30 21:33:17 - [INFO] - No DRC Violations found
2022-08-30 21:33:17 - [INFO] - {{Klayout FEOL CHECK PASSED}} The GDS file, user_project_wrapper.gds, has no DRC violations.
2022-08-30 21:33:17 - [INFO] - {{STEP UPDATE}} Executing Check 9 of 13: Klayout BEOL
2022-08-30 21:35:00 - [INFO] - No DRC Violations found
2022-08-30 21:35:00 - [INFO] - {{Klayout BEOL CHECK PASSED}} The GDS file, user_project_wrapper.gds, has no DRC violations.
2022-08-30 21:35:00 - [INFO] - {{STEP UPDATE}} Executing Check 10 of 13: Klayout Offgrid
2022-08-30 21:35:23 - [INFO] - No DRC Violations found
2022-08-30 21:35:23 - [INFO] - {{Klayout Offgrid CHECK PASSED}} The GDS file, user_project_wrapper.gds, has no DRC violations.
2022-08-30 21:35:23 - [INFO] - {{STEP UPDATE}} Executing Check 11 of 13: Klayout Metal Minimum Clear Area Density
2022-08-30 21:35:29 - [INFO] - No DRC Violations found
2022-08-30 21:35:29 - [INFO] - {{Klayout Metal Minimum Clear Area Density CHECK PASSED}} The GDS file, user_project_wrapper.gds, has no DRC violations.
2022-08-30 21:35:29 - [INFO] - {{STEP UPDATE}} Executing Check 12 of 13: Klayout Pin Label Purposes Overlapping Drawing
2022-08-30 21:35:35 - [INFO] - No DRC Violations found
2022-08-30 21:35:35 - [INFO] - {{Klayout Pin Label Purposes Overlapping Drawing CHECK PASSED}} The GDS file, user_project_wrapper.gds, has no DRC violations.
2022-08-30 21:35:35 - [INFO] - {{STEP UPDATE}} Executing Check 13 of 13: Klayout ZeroArea
2022-08-30 21:35:37 - [INFO] - No DRC Violations found
2022-08-30 21:35:37 - [INFO] - {{Klayout ZeroArea CHECK PASSED}} The GDS file, user_project_wrapper.gds, has no DRC violations.
2022-08-30 21:35:37 - [INFO] - {{FINISH}} Executing Finished, the full log 'precheck.log' can be found in '/home/mxmont/Documents/Universidad/IC-UBB/MixPix/CARAVEL_WRAPPER/MixPix/precheck_results/30_AUG_2022___21_31_53/logs'
2022-08-30 21:35:37 - [CRITICAL] - {{FAILURE}} 1 Check(s) Failed: ['Default'] !!!
