"polygons" in: met_min_ca_density.lydrc:35
    Polygons (raw): 71909 (flat)  6616 (hierarchical)
    Elapsed: 0.010s  Memory: 533.00M
"polygons" in: met_min_ca_density.lydrc:36
    Polygons (raw): 137310 (flat)  6830 (hierarchical)
    Elapsed: 0.010s  Memory: 533.00M
"polygons" in: met_min_ca_density.lydrc:38
    Polygons (raw): 74041 (flat)  30898 (hierarchical)
    Elapsed: 0.030s  Memory: 534.00M
"polygons" in: met_min_ca_density.lydrc:39
    Polygons (raw): 9400 (flat)  9368 (hierarchical)
    Elapsed: 0.020s  Memory: 534.00M
"polygons" in: met_min_ca_density.lydrc:41
    Polygons (raw): 18925 (flat)  18889 (hierarchical)
    Elapsed: 0.030s  Memory: 534.00M
"polygons" in: met_min_ca_density.lydrc:42
    Polygons (raw): 1978 (flat)  1970 (hierarchical)
    Elapsed: 0.010s  Memory: 534.00M
"polygons" in: met_min_ca_density.lydrc:44
    Polygons (raw): 4106 (flat)  4093 (hierarchical)
    Elapsed: 0.020s  Memory: 534.00M
"polygons" in: met_min_ca_density.lydrc:45
    Polygons (raw): 5727 (flat)  4664 (hierarchical)
    Elapsed: 0.020s  Memory: 535.00M
"polygons" in: met_min_ca_density.lydrc:47
    Polygons (raw): 1164 (flat)  1142 (hierarchical)
    Elapsed: 0.010s  Memory: 535.00M
"polygons" in: met_min_ca_density.lydrc:48
    Polygons (raw): 0 (flat)  0 (hierarchical)
    Elapsed: 0.010s  Memory: 535.00M
"polygons" in: met_min_ca_density.lydrc:49
    Polygons (raw): 12698 (flat)  12698 (hierarchical)
    Elapsed: 0.020s  Memory: 535.00M
"polygons" in: met_min_ca_density.lydrc:51
    Polygons (raw): 344 (flat)  344 (hierarchical)
    Elapsed: 0.010s  Memory: 535.00M
"input" in: met_min_ca_density.lydrc:53
    Polygons (raw): 121 (flat)  27 (hierarchical)
    Elapsed: 0.020s  Memory: 535.00M
"area" in: met_min_ca_density.lydrc:55
    Elapsed: 0.020s  Memory: 536.00M
"polygons" in: met_min_ca_density.lydrc:59
    Polygons (raw): 71909 (flat)  6616 (hierarchical)
    Elapsed: 0.020s  Memory: 536.00M
"area" in: met_min_ca_density.lydrc:59
    Elapsed: 0.500s  Memory: 546.00M
li1_ca_density is 0.9946492165949953
"polygons" in: met_min_ca_density.lydrc:69
    Polygons (raw): 74041 (flat)  30898 (hierarchical)
    Elapsed: 0.030s  Memory: 546.00M
"area" in: met_min_ca_density.lydrc:69
    Elapsed: 0.480s  Memory: 546.00M
m1_ca_density is 0.9916420211389905
"polygons" in: met_min_ca_density.lydrc:79
    Polygons (raw): 18925 (flat)  18889 (hierarchical)
    Elapsed: 0.020s  Memory: 546.00M
"area" in: met_min_ca_density.lydrc:79
    Elapsed: 0.130s  Memory: 547.00M
m2_ca_density is 0.9939262974563161
"polygons" in: met_min_ca_density.lydrc:89
    Polygons (raw): 4106 (flat)  4093 (hierarchical)
    Elapsed: 0.010s  Memory: 547.00M
"area" in: met_min_ca_density.lydrc:89
    Elapsed: 0.030s  Memory: 547.00M
m3_ca_density is 0.9960280483319388
"polygons" in: met_min_ca_density.lydrc:99
    Polygons (raw): 1164 (flat)  1142 (hierarchical)
    Elapsed: 0.020s  Memory: 547.00M
"area" in: met_min_ca_density.lydrc:99
    Elapsed: 0.020s  Memory: 547.00M
m4_ca_density is 0.8448251733611263
"polygons" in: met_min_ca_density.lydrc:109
    Polygons (raw): 344 (flat)  344 (hierarchical)
    Elapsed: 0.010s  Memory: 547.00M
"area" in: met_min_ca_density.lydrc:109
    Elapsed: 0.020s  Memory: 547.00M
m5_ca_density is 0.844177901618929
Writing report database: /home/mxmont/Documents/Universidad/IC-UBB/MixPix/CARAVEL_WRAPPER/MixPix/precheck_results/11_NOV_2022___01_55_49/outputs/reports/klayout_met_min_ca_density_check.xml ..
Total elapsed: 1.650s  Memory: 547.00M
