2022-11-11 18:13:40 - [INFO] - {{EXTRACTING FILES}} Extracting compressed files in: /home/mxmont/Documents/Universidad/IC-UBB/MixPix/CARAVEL_WRAPPER/MixPix
2022-11-11 18:13:43 - [INFO] - {{Project Type Info}} digital
2022-11-11 18:13:43 - [INFO] - {{Project GDS Info}} user_project_wrapper: 1162a8d40a13a52d3e56978186e79bb97f3d3959
2022-11-11 18:13:43 - [INFO] - {{Tools Info}} KLayout: v0.27.10 | Magic: v8.3.315
2022-11-11 18:13:43 - [ERROR] - MPW Precheck failed to get Open PDKs & Skywater PDK versions: Command '['git', '-C', '/home/mxmont/Documents/Universidad/IC-UBB/MixPix/CARAVEL_WRAPPER/MixPix/dependencies/pdks/open_pdks', 'rev-parse', '--verify', 'HEAD']' returned non-zero exit status 128.
2022-11-11 18:13:43 - [INFO] - {{START}} Precheck Started, the full log 'precheck.log' will be located in '/home/mxmont/Documents/Universidad/IC-UBB/MixPix/CARAVEL_WRAPPER/MixPix/precheck_results/11_NOV_2022___18_13_40/logs'
2022-11-11 18:13:43 - [INFO] - {{PRECHECK SEQUENCE}} Precheck will run the following checks: [License, Makefile, Default, Documentation, Consistency, XOR, Magic DRC, Klayout FEOL, Klayout BEOL, Klayout Offgrid, Klayout Metal Minimum Clear Area Density, Klayout Pin Label Purposes Overlapping Drawing, Klayout ZeroArea]
2022-11-11 18:13:43 - [INFO] - {{STEP UPDATE}} Executing Check 1 of 13: License
2022-11-11 18:13:44 - [INFO] - An approved LICENSE (Apache-2.0) was found in /home/mxmont/Documents/Universidad/IC-UBB/MixPix/CARAVEL_WRAPPER/MixPix.
2022-11-11 18:13:44 - [INFO] - {{MAIN LICENSE CHECK PASSED}} An approved LICENSE was found in project root.
2022-11-11 18:13:46 - [INFO] - An approved LICENSE (Apache-2.0) was found in /home/mxmont/Documents/Universidad/IC-UBB/MixPix/CARAVEL_WRAPPER/MixPix.
2022-11-11 18:13:47 - [INFO] - An approved LICENSE (Apache-2.0) was found in /home/mxmont/Documents/Universidad/IC-UBB/MixPix/CARAVEL_WRAPPER/MixPix.
2022-11-11 18:13:50 - [INFO] - An approved LICENSE (Apache-2.0) was found in /home/mxmont/Documents/Universidad/IC-UBB/MixPix/CARAVEL_WRAPPER/MixPix.
2022-11-11 18:13:51 - [INFO] - An approved LICENSE (Apache-2.0) was found in /home/mxmont/Documents/Universidad/IC-UBB/MixPix/CARAVEL_WRAPPER/MixPix.
2022-11-11 18:13:51 - [INFO] - {{SUBMODULES LICENSE CHECK PASSED}} No prohibited LICENSE file(s) was found in project submodules
2022-11-11 18:13:54 - [ERROR] - SPDX COMPLIANCE FILE UNICODE DECODE EXCEPTION in (/home/mxmont/Documents/Universidad/IC-UBB/MixPix/CARAVEL_WRAPPER/MixPix/mgmt_core_wrapper/lvs/examples/utils/vlog2Spice): 'utf-8' codec can't decode byte 0xf8 in position 96: invalid start byte
2022-11-11 18:13:54 - [ERROR] - SPDX COMPLIANCE FILE UNICODE DECODE EXCEPTION in (/home/mxmont/Documents/Universidad/IC-UBB/MixPix/CARAVEL_WRAPPER/MixPix/mgmt_core_wrapper/lvs/utils/vlog2Spice): 'utf-8' codec can't decode byte 0xf8 in position 96: invalid start byte
2022-11-11 18:14:11 - [ERROR] - SPDX COMPLIANCE FILE UNICODE DECODE EXCEPTION in (/home/mxmont/Documents/Universidad/IC-UBB/MixPix/CARAVEL_WRAPPER/MixPix/mgmt_core_wrapper/verilog/dv/tests-standalone/spi_master/spi_master.vcd.hier): 'utf-8' codec can't decode byte 0xfc in position 0: invalid start byte
2022-11-11 18:14:12 - [ERROR] - SPDX COMPLIANCE FILE UNICODE DECODE EXCEPTION in (/home/mxmont/Documents/Universidad/IC-UBB/MixPix/CARAVEL_WRAPPER/MixPix/mgmt_core_wrapper/verilog/rtl/ibex/sv-source-orig/sv2v): 'utf-8' codec can't decode byte 0xcf in position 0: invalid continuation byte
2022-11-11 18:21:53 - [ERROR] - SPDX COMPLIANCE FILE UNICODE DECODE EXCEPTION in (/home/mxmont/Documents/Universidad/IC-UBB/MixPix/CARAVEL_WRAPPER/MixPix/dependencies/openlane_src/docs/_static/striVe.jpeg): 'utf-8' codec can't decode byte 0xff in position 0: invalid start byte
2022-11-11 18:22:09 - [WARNING] - {{SPDX COMPLIANCE CHECK FAILED}} Found 48035 non-compliant file(s) with the SPDX Standard.
2022-11-11 18:22:09 - [INFO] - SPDX COMPLIANCE: NON-COMPLIANT FILE(S) PREVIEW: ['/home/mxmont/Documents/Universidad/IC-UBB/MixPix/CARAVEL_WRAPPER/MixPix/run.sh', '/home/mxmont/Documents/Universidad/IC-UBB/MixPix/CARAVEL_WRAPPER/MixPix/setup_env', '/home/mxmont/Documents/Universidad/IC-UBB/MixPix/CARAVEL_WRAPPER/MixPix/Makefile', '/home/mxmont/Documents/Universidad/IC-UBB/MixPix/CARAVEL_WRAPPER/MixPix/precheck_results/11_NOV_2022___01_55_49/outputs/user_project_wrapper.filtered.v', '/home/mxmont/Documents/Universidad/IC-UBB/MixPix/CARAVEL_WRAPPER/MixPix/precheck_results/11_NOV_2022___01_55_49/outputs/reports/magic_drc_check.drc.report', '/home/mxmont/Documents/Universidad/IC-UBB/MixPix/CARAVEL_WRAPPER/MixPix/precheck_results/11_NOV_2022___01_55_49/logs/tools.info', '/home/mxmont/Documents/Universidad/IC-UBB/MixPix/CARAVEL_WRAPPER/MixPix/precheck_results/11_NOV_2022___01_55_49/logs/klayout_beol_check.total', '/home/mxmont/Documents/Universidad/IC-UBB/MixPix/CARAVEL_WRAPPER/MixPix/precheck_results/11_NOV_2022___01_55_49/logs/klayout_feol_check.total', '/home/mxmont/Documents/Universidad/IC-UBB/MixPix/CARAVEL_WRAPPER/MixPix/precheck_results/11_NOV_2022___01_55_49/logs/klayout_zeroarea_check.total', '/home/mxmont/Documents/Universidad/IC-UBB/MixPix/CARAVEL_WRAPPER/MixPix/precheck_results/11_NOV_2022___01_55_49/logs/xor_check.total', '/home/mxmont/Documents/Universidad/IC-UBB/MixPix/CARAVEL_WRAPPER/MixPix/precheck_results/11_NOV_2022___01_55_49/logs/klayout_met_min_ca_density_check.total', '/home/mxmont/Documents/Universidad/IC-UBB/MixPix/CARAVEL_WRAPPER/MixPix/precheck_results/11_NOV_2022___01_55_49/logs/klayout_offgrid_check.total', '/home/mxmont/Documents/Universidad/IC-UBB/MixPix/CARAVEL_WRAPPER/MixPix/precheck_results/11_NOV_2022___01_55_49/logs/klayout_pin_label_purposes_overlapping_drawing_check.total', '/home/mxmont/Documents/Universidad/IC-UBB/MixPix/CARAVEL_WRAPPER/MixPix/precheck_results/11_NOV_2022___01_55_49/logs/gds.info', '/home/mxmont/Documents/Universidad/IC-UBB/MixPix/CARAVEL_WRAPPER/MixPix/precheck_results/11_NOV_2022___01_55_49/logs/magic_drc_check.total']
2022-11-11 18:22:09 - [INFO] - For the full SPDX compliance report check: /home/mxmont/Documents/Universidad/IC-UBB/MixPix/CARAVEL_WRAPPER/MixPix/precheck_results/11_NOV_2022___18_13_40/logs/spdx_compliance_report.log
2022-11-11 18:22:09 - [INFO] - {{STEP UPDATE}} Executing Check 2 of 13: Makefile
2022-11-11 18:22:09 - [INFO] - {{MAKEFILE CHECK PASSED}} Makefile valid.
2022-11-11 18:22:09 - [INFO] - {{STEP UPDATE}} Executing Check 3 of 13: Default
2022-11-11 18:22:09 - [INFO] - {{README DEFAULT CHECK PASSED}} Project 'README.md' was modified and is not identical to the default 'README.md'
2022-11-11 18:22:10 - [INFO] - {{CONTENT DEFAULT CHECK PASSED}} Project 'gds' was modified and is not identical to the default 'gds'
2022-11-11 18:22:10 - [INFO] - {{STEP UPDATE}} Executing Check 4 of 13: Documentation
2022-11-11 18:22:14 - [INFO] - {{DOCUMENTATION CHECK PASSED}} Project documentation is appropriate.
2022-11-11 18:22:14 - [INFO] - {{STEP UPDATE}} Executing Check 5 of 13: Consistency
2022-11-11 18:22:23 - [INFO] - HIERARCHY CHECK PASSED: Module user_project_wrapper is instantiated in caravel. 
2022-11-11 18:22:23 - [INFO] - COMPLEXITY CHECK PASSED: Netlist caravel contains at least 8 instances (90 instances). 
2022-11-11 18:22:23 - [INFO] - MODELING CHECK PASSED: Netlist caravel is structural.
2022-11-11 18:22:23 - [INFO] - SUBMODULE HOOKS CHECK PASSED: All module ports for user_project_wrapper are correctly connected in the top level netlist caravel.
2022-11-11 18:22:23 - [INFO] - POWER CONNECTIONS CHECK PASSED: All instances in caravel are connected to power
2022-11-11 18:22:23 - [INFO] - {{NETLIST CONSISTENCY CHECK PASSED}} caravel netlist passed all consistency checks.
2022-11-11 18:22:23 - [INFO] - PORTS CHECK PASSED: Netlist user_project_wrapper ports match the golden wrapper ports
2022-11-11 18:22:23 - [INFO] - COMPLEXITY CHECK PASSED: Netlist user_project_wrapper contains at least 1 instances (3 instances). 
2022-11-11 18:22:23 - [INFO] - MODELING CHECK PASSED: Netlist user_project_wrapper is structural.
2022-11-11 18:22:23 - [INFO] - LAYOUT CHECK PASSED: The GDS layout for user_project_wrapper matches the provided structural netlist.
2022-11-11 18:22:23 - [INFO] - POWER CONNECTIONS CHECK PASSED: All instances in user_project_wrapper are connected to power
2022-11-11 18:22:23 - [INFO] - PORT TYPES CHECK PASSED: Netlist user_project_wrapper port types match the golden wrapper port types.
2022-11-11 18:22:23 - [INFO] - {{NETLIST CONSISTENCY CHECK PASSED}} user_project_wrapper netlist passed all consistency checks.
2022-11-11 18:22:23 - [INFO] - {{CONSISTENCY CHECK PASSED}} The user netlist and the top netlist are valid.
2022-11-11 18:22:23 - [INFO] - {{STEP UPDATE}} Executing Check 6 of 13: XOR
2022-11-11 18:22:31 - [INFO] - {{XOR CHECK UPDATE}} Total XOR differences: 0, for more details view /home/mxmont/Documents/Universidad/IC-UBB/MixPix/CARAVEL_WRAPPER/MixPix/precheck_results/11_NOV_2022___18_13_40/outputs/user_project_wrapper.xor.gds
2022-11-11 18:22:31 - [INFO] - {{XOR CHECK PASSED}} The GDS file has no XOR violations.
2022-11-11 18:22:31 - [INFO] - {{STEP UPDATE}} Executing Check 7 of 13: Magic DRC
2022-11-11 18:22:32 - [INFO] - 0 DRC violations
2022-11-11 18:22:32 - [INFO] - {{MAGIC DRC CHECK PASSED}} The GDS file, user_project_wrapper.gds, has no DRC violations.
2022-11-11 18:22:32 - [INFO] - {{STEP UPDATE}} Executing Check 8 of 13: Klayout FEOL
2022-11-11 18:22:43 - [ERROR] - Total # of DRC violations is 57 Please check /home/mxmont/Documents/Universidad/IC-UBB/MixPix/CARAVEL_WRAPPER/MixPix/precheck_results/11_NOV_2022___18_13_40/outputs/reports/klayout_feol_check.xml For more details
2022-11-11 18:22:43 - [WARNING] - {{Klayout FEOL CHECK FAILED}} The GDS file, user_project_wrapper.gds, has DRC violations.
2022-11-11 18:22:43 - [INFO] - {{STEP UPDATE}} Executing Check 9 of 13: Klayout BEOL
2022-11-11 18:23:29 - [INFO] - No DRC Violations found
2022-11-11 18:23:29 - [INFO] - {{Klayout BEOL CHECK PASSED}} The GDS file, user_project_wrapper.gds, has no DRC violations.
2022-11-11 18:23:29 - [INFO] - {{STEP UPDATE}} Executing Check 10 of 13: Klayout Offgrid
2022-11-11 18:23:40 - [INFO] - No DRC Violations found
2022-11-11 18:23:40 - [INFO] - {{Klayout Offgrid CHECK PASSED}} The GDS file, user_project_wrapper.gds, has no DRC violations.
2022-11-11 18:23:40 - [INFO] - {{STEP UPDATE}} Executing Check 11 of 13: Klayout Metal Minimum Clear Area Density
2022-11-11 18:23:46 - [INFO] - No DRC Violations found
2022-11-11 18:23:46 - [INFO] - {{Klayout Metal Minimum Clear Area Density CHECK PASSED}} The GDS file, user_project_wrapper.gds, has no DRC violations.
2022-11-11 18:23:46 - [INFO] - {{STEP UPDATE}} Executing Check 12 of 13: Klayout Pin Label Purposes Overlapping Drawing
2022-11-11 18:23:50 - [INFO] - No DRC Violations found
2022-11-11 18:23:50 - [INFO] - {{Klayout Pin Label Purposes Overlapping Drawing CHECK PASSED}} The GDS file, user_project_wrapper.gds, has no DRC violations.
2022-11-11 18:23:50 - [INFO] - {{STEP UPDATE}} Executing Check 13 of 13: Klayout ZeroArea
2022-11-11 18:23:53 - [INFO] - No DRC Violations found
2022-11-11 18:23:53 - [INFO] - {{Klayout ZeroArea CHECK PASSED}} The GDS file, user_project_wrapper.gds, has no DRC violations.
2022-11-11 18:23:53 - [INFO] - {{FINISH}} Executing Finished, the full log 'precheck.log' can be found in '/home/mxmont/Documents/Universidad/IC-UBB/MixPix/CARAVEL_WRAPPER/MixPix/precheck_results/11_NOV_2022___18_13_40/logs'
2022-11-11 18:23:53 - [CRITICAL] - {{FAILURE}} 1 Check(s) Failed: ['Klayout FEOL'] !!!
