#! /usr/bin/vvp
:ivl_version "10.3 (stable)";
:ivl_delay_selection "TYPICAL";
:vpi_time_precision + 0;
:vpi_module "system";
:vpi_module "vhdl_sys";
:vpi_module "v2005_math";
:vpi_module "va_math";
S_0x556fd43ed8c0 .scope module, "pixel_macro" "pixel_macro" 2 19;
 .timescale 0 0;
    .port_info 0 /INPUT 1 "wb_clk_i"
    .port_info 1 /INPUT 1 "wb_rst_i"
    .port_info 2 /INPUT 1 "wbs_stb_i"
    .port_info 3 /INPUT 1 "wbs_cyc_i"
    .port_info 4 /INPUT 1 "wbs_we_i"
    .port_info 5 /INPUT 4 "wbs_sel_i"
    .port_info 6 /INPUT 32 "wbs_dat_i"
    .port_info 7 /INPUT 32 "wbs_adr_i"
    .port_info 8 /OUTPUT 1 "wbs_ack_o"
    .port_info 9 /OUTPUT 32 "wbs_dat_o"
    .port_info 10 /INPUT 128 "la_data_in"
    .port_info 11 /OUTPUT 128 "la_data_out"
    .port_info 12 /INPUT 128 "la_oenb"
    .port_info 13 /INPUT 2 "io_in"
    .port_info 14 /OUTPUT 2 "io_out"
    .port_info 15 /OUTPUT 2 "io_oeb"
    .port_info 16 /OUTPUT 3 "irq"
P_0x556fd43bb450 .param/l "ADJ_MAX_CLK_ADDR" 1 2 117, C4<00000000000000000000000000000110>;
P_0x556fd43bb490 .param/l "ADJ_TIMER_M_I_ADDR" 1 2 114, C4<00000000000000000000000000000011>;
P_0x556fd43bb4d0 .param/l "BITS" 0 2 20, +C4<00000000000000000000000000100000>;
P_0x556fd43bb510 .param/l "DATA_IN_ADDR" 1 2 115, C4<00000000000000000000000000000100>;
P_0x556fd43bb550 .param/l "DATA_OUT_ADDR" 1 2 118, C4<00000000000000000000000000000111>;
P_0x556fd43bb590 .param/l "LOC_MAX_CLK_ADDR" 1 2 116, C4<00000000000000000000000000000101>;
P_0x556fd43bb5d0 .param/l "LOC_TIMER_I_ADDR" 1 2 113, C4<00000000000000000000000000000010>;
P_0x556fd43bb610 .param/l "PXL_DONE_I_ADDR" 1 2 112, C4<00000000000000000000000000000001>;
P_0x556fd43bb650 .param/l "PXL_START_I_ADDR" 1 2 111, C4<00000000000000000000000000000000>;
o0x7f54f0f90c98 .functor BUFZ 1, C4<z>; HiZ drive
o0x7f54f0f90d88 .functor BUFZ 1, C4<z>; HiZ drive
L_0x556fd43da950 .functor AND 1, o0x7f54f0f90c98, o0x7f54f0f90d88, C4<1>, C4<1>;
o0x7f54f0f90d58 .functor BUFZ 4, C4<zzzz>; HiZ drive
L_0x556fd43a79d0 .functor AND 4, o0x7f54f0f90d58, L_0x556fd44466e0, C4<1111>, C4<1111>;
L_0x556fd43a78c0 .functor BUFZ 32, v0x556fd4442cc0_0, C4<00000000000000000000000000000000>, C4<00000000000000000000000000000000>, C4<00000000000000000000000000000000>;
o0x7f54f0f90cc8 .functor BUFZ 32, C4<zzzzzzzzzzzzzzzzzzzzzzzzzzzzzzzz>; HiZ drive
L_0x556fd43a77b0 .functor BUFZ 32, o0x7f54f0f90cc8, C4<00000000000000000000000000000000>, C4<00000000000000000000000000000000>, C4<00000000000000000000000000000000>;
L_0x556fd43a7ae0 .functor BUFZ 1, v0x556fd44434a0_0, C4<0>, C4<0>, C4<0>;
o0x7f54f0f90bd8 .functor BUFZ 1, C4<z>; HiZ drive
L_0x556fd43a76a0 .functor BUFZ 1, o0x7f54f0f90bd8, C4<0>, C4<0>, C4<0>;
o0x7f54f0f90c08 .functor BUFZ 1, C4<z>; HiZ drive
L_0x556fd44200c0 .functor BUFZ 1, o0x7f54f0f90c08, C4<0>, C4<0>, C4<0>;
v0x556fd4441c20_0 .net *"_s48", 3 0, L_0x556fd44466e0;  1 drivers
v0x556fd4441d20_0 .net *"_s57", 3 0, L_0x556fd44468a0;  1 drivers
v0x556fd4441e00_0 .net *"_s58", 31 0, L_0x556fd4446940;  1 drivers
L_0x7f54f0f46018 .functor BUFT 1, C4<0000000000000000000000000000>, C4<0>, C4<0>, C4<0>;
v0x556fd4441ef0_0 .net *"_s61", 27 0, L_0x7f54f0f46018;  1 drivers
L_0x7f54f0f46060 .functor BUFT 1, C4<00000000000000000000000000000011>, C4<0>, C4<0>, C4<0>;
v0x556fd4441fd0_0 .net/2u *"_s62", 31 0, L_0x7f54f0f46060;  1 drivers
v0x556fd4442100_0 .net *"_s64", 0 0, L_0x556fd4456b20;  1 drivers
L_0x7f54f0f460a8 .functor BUFT 1, C4<01>, C4<0>, C4<0>, C4<0>;
v0x556fd44421c0_0 .net/2s *"_s66", 1 0, L_0x7f54f0f460a8;  1 drivers
L_0x7f54f0f460f0 .functor BUFT 1, C4<00>, C4<0>, C4<0>, C4<0>;
v0x556fd44422a0_0 .net/2s *"_s68", 1 0, L_0x7f54f0f460f0;  1 drivers
v0x556fd4442380_0 .net *"_s70", 1 0, L_0x556fd4456c60;  1 drivers
v0x556fd4442460_0 .net "addr_valid", 0 0, L_0x556fd4456f10;  1 drivers
v0x556fd4442520_0 .net "clk", 0 0, L_0x556fd43a76a0;  1 drivers
v0x556fd44425c0_0 .var "control_reg_pxl_fsm", 24 0;
o0x7f54f0f90a28 .functor BUFZ 2, C4<zz>; HiZ drive
v0x556fd44426a0_0 .net "io_in", -1 0, o0x7f54f0f90a28;  0 drivers
o0x7f54f0f90a58 .functor BUFZ 2, C4<zz>; HiZ drive
v0x556fd4442780_0 .net "io_oeb", -1 0, o0x7f54f0f90a58;  0 drivers
o0x7f54f0f90a88 .functor BUFZ 2, C4<zz>; HiZ drive
v0x556fd4442860_0 .net "io_out", -1 0, o0x7f54f0f90a88;  0 drivers
o0x7f54f0f90ab8 .functor BUFZ 3, C4<zzz>; HiZ drive
v0x556fd4442940_0 .net "irq", 2 0, o0x7f54f0f90ab8;  0 drivers
o0x7f54f0f90ae8 .functor BUFZ 128, C4<zzzzzzzzzzzzzzzzzzzzzzzzzzzzzzzzzzzzzzzzzzzzzzzzzzzzzzzzzzzzzzzzzzzzzzzzzzzzzzzzzzzzzzzzzzzzzzzzzzzzzzzzzzzzzzzzzzzzzzzzzzzzzzzz>; HiZ drive
v0x556fd4442a20_0 .net "la_data_in", 127 0, o0x7f54f0f90ae8;  0 drivers
o0x7f54f0f90b18 .functor BUFZ 128, C4<zzzzzzzzzzzzzzzzzzzzzzzzzzzzzzzzzzzzzzzzzzzzzzzzzzzzzzzzzzzzzzzzzzzzzzzzzzzzzzzzzzzzzzzzzzzzzzzzzzzzzzzzzzzzzzzzzzzzzzzzzzzzzzzz>; HiZ drive
v0x556fd4442b00_0 .net "la_data_out", 127 0, o0x7f54f0f90b18;  0 drivers
o0x7f54f0f90b48 .functor BUFZ 128, C4<zzzzzzzzzzzzzzzzzzzzzzzzzzzzzzzzzzzzzzzzzzzzzzzzzzzzzzzzzzzzzzzzzzzzzzzzzzzzzzzzzzzzzzzzzzzzzzzzzzzzzzzzzzzzzzzzzzzzzzzzzzzzzzzz>; HiZ drive
v0x556fd4442be0_0 .net "la_oenb", 127 0, o0x7f54f0f90b48;  0 drivers
v0x556fd4442cc0_0 .var "rdata", 31 0;
v0x556fd4442da0_0 .net "rst", 0 0, L_0x556fd44200c0;  1 drivers
v0x556fd4442e40_0 .net "valid", 0 0, L_0x556fd43da950;  1 drivers
v0x556fd4442f00_0 .net "wb_clk_i", 0 0, o0x7f54f0f90bd8;  0 drivers
v0x556fd4442fc0_0 .net "wb_rst_i", 0 0, o0x7f54f0f90c08;  0 drivers
v0x556fd4443080_0 .net "wbs_ack_o", 0 0, L_0x556fd43a7ae0;  1 drivers
o0x7f54f0f90c68 .functor BUFZ 32, C4<zzzzzzzzzzzzzzzzzzzzzzzzzzzzzzzz>; HiZ drive
v0x556fd4443140_0 .net "wbs_adr_i", 31 0, o0x7f54f0f90c68;  0 drivers
v0x556fd4443220_0 .net "wbs_cyc_i", 0 0, o0x7f54f0f90c98;  0 drivers
v0x556fd44432e0_0 .net "wbs_dat_i", 31 0, o0x7f54f0f90cc8;  0 drivers
v0x556fd44433c0_0 .net "wbs_dat_o", 31 0, L_0x556fd43a78c0;  1 drivers
v0x556fd44434a0_0 .var "wbs_done", 0 0;
v0x556fd4443560_0 .net "wbs_sel_i", 3 0, o0x7f54f0f90d58;  0 drivers
v0x556fd4443640_0 .net "wbs_stb_i", 0 0, o0x7f54f0f90d88;  0 drivers
o0x7f54f0f90db8 .functor BUFZ 1, C4<z>; HiZ drive
v0x556fd4443700_0 .net "wbs_we_i", 0 0, o0x7f54f0f90db8;  0 drivers
v0x556fd44439d0_0 .net "wdata", 31 0, L_0x556fd43a77b0;  1 drivers
v0x556fd4443ab0_0 .net "wire_adj_max_clk", 9 0, L_0x556fd4446640;  1 drivers
RS_0x7f54f0f8f678 .resolv tri, v0x556fd443cc60_0, L_0x556fd44453e0;
v0x556fd4443b70_0 .net8 "wire_adj_timer_en", 0 0, RS_0x7f54f0f8f678;  2 drivers
v0x556fd4443c10_0 .net "wire_adj_timer_m_i", 0 0, L_0x556fd4446390;  1 drivers
RS_0x7f54f0f8feb8 .resolv tri, L_0x556fd4445d30, L_0x556fd4457f90;
v0x556fd4443cb0_0 .net8 "wire_adj_timer_max", 0 0, RS_0x7f54f0f8feb8;  2 drivers
v0x556fd4443da0_0 .net "wire_data_in", 0 0, L_0x556fd4446250;  1 drivers
RS_0x7f54f0f8f048 .resolv tri, v0x556fd43fa380_0, v0x556fd443a280_0, v0x556fd443a770_0, v0x556fd443ad30_0, v0x556fd443b2a0_0, v0x556fd443b720_0, v0x556fd443bcb0_0, v0x556fd443c240_0;
v0x556fd4443e40_0 .net8 "wire_data_out", 15 0, RS_0x7f54f0f8f048;  8 drivers
v0x556fd4443ee0_0 .net "wire_data_sel", 3 0, L_0x556fd4445200;  1 drivers
RS_0x7f54f0f90068 .resolv tri, v0x556fd443f390_0, L_0x556fd4445dd0;
v0x556fd4443f80_0 .net8 "wire_kernel_done_o", 0 0, RS_0x7f54f0f90068;  2 drivers
v0x556fd4444070_0 .net "wire_loc_max_clk", 9 0, L_0x556fd44464e0;  1 drivers
RS_0x7f54f0f8f708 .resolv tri, v0x556fd443ced0_0, L_0x556fd4445340;
v0x556fd4444160_0 .net8 "wire_loc_timer_en", 0 0, RS_0x7f54f0f8f708;  2 drivers
v0x556fd4444200_0 .net "wire_loc_timer_m_i", 0 0, L_0x556fd44462f0;  1 drivers
RS_0x7f54f0f8fd08 .resolv tri, L_0x556fd4445c10, L_0x556fd4457e60;
v0x556fd44442a0_0 .net8 "wire_loc_timer_max", 0 0, RS_0x7f54f0f8fd08;  2 drivers
v0x556fd4444390_0 .net "wire_pxl_done_i", 0 0, L_0x556fd44461b0;  1 drivers
RS_0x7f54f0f8f798 .resolv tri, v0x556fd443d130_0, L_0x556fd4445b70;
v0x556fd4444430_0 .net8 "wire_pxl_done_o", 0 0, RS_0x7f54f0f8f798;  2 drivers
RS_0x7f54f0f900f8 .resolv tri, L_0x556fd4445160, v0x556fd443f6c0_0;
v0x556fd4444520_0 .net8 "wire_pxl_q", 3 0, RS_0x7f54f0f900f8;  2 drivers
v0x556fd4444610_0 .net "wire_pxl_start_i", 0 0, L_0x556fd4446110;  1 drivers
RS_0x7f54f0f8f828 .resolv tri, v0x556fd443d400_0, L_0x556fd4445690;
v0x556fd4444700_0 .net8 "wire_s1", 0 0, RS_0x7f54f0f8f828;  2 drivers
RS_0x7f54f0f8f858 .resolv tri, v0x556fd443d4c0_0, L_0x556fd4445820;
v0x556fd44447f0_0 .net8 "wire_s1_inv", 0 0, RS_0x7f54f0f8f858;  2 drivers
RS_0x7f54f0f8f888 .resolv tri, v0x556fd443d580_0, L_0x556fd4445730;
v0x556fd44448e0_0 .net8 "wire_s2", 0 0, RS_0x7f54f0f8f888;  2 drivers
RS_0x7f54f0f8f8b8 .resolv tri, v0x556fd443d640_0, L_0x556fd44458c0;
v0x556fd44449d0_0 .net8 "wire_s2_inv", 0 0, RS_0x7f54f0f8f8b8;  2 drivers
RS_0x7f54f0f8f8e8 .resolv tri, v0x556fd443d700_0, L_0x556fd4445510;
v0x556fd4444ac0_0 .net8 "wire_s_p1", 0 0, RS_0x7f54f0f8f8e8;  2 drivers
RS_0x7f54f0f8f918 .resolv tri, v0x556fd443d7c0_0, L_0x556fd44455b0;
v0x556fd4444bb0_0 .net8 "wire_s_p2", 0 0, RS_0x7f54f0f8f918;  2 drivers
RS_0x7f54f0f8f978 .resolv tri, v0x556fd443d960_0, L_0x556fd44459c0;
v0x556fd4444ca0_0 .net8 "wire_v_b0", 0 0, RS_0x7f54f0f8f978;  2 drivers
RS_0x7f54f0f8f9a8 .resolv tri, v0x556fd443db30_0, L_0x556fd4445a60;
v0x556fd4444d90_0 .net8 "wire_v_b1", 0 0, RS_0x7f54f0f8f9a8;  2 drivers
v0x556fd4444e80_0 .net "wstrb", 3 0, L_0x556fd43a79d0;  1 drivers
L_0x556fd4445160 .part o0x7f54f0f90b18, 0, 4;
L_0x556fd4445200 .part o0x7f54f0f90b18, 4, 4;
L_0x556fd4445340 .part o0x7f54f0f90b18, 8, 1;
L_0x556fd44453e0 .part o0x7f54f0f90b18, 9, 1;
L_0x556fd4445510 .part o0x7f54f0f90b18, 10, 1;
L_0x556fd44455b0 .part o0x7f54f0f90b18, 11, 1;
L_0x556fd4445690 .part o0x7f54f0f90b18, 12, 1;
L_0x556fd4445730 .part o0x7f54f0f90b18, 13, 1;
L_0x556fd4445820 .part o0x7f54f0f90b18, 14, 1;
L_0x556fd44458c0 .part o0x7f54f0f90b18, 15, 1;
L_0x556fd44459c0 .part o0x7f54f0f90b18, 16, 1;
L_0x556fd4445a60 .part o0x7f54f0f90b18, 17, 1;
L_0x556fd4445b70 .part o0x7f54f0f90b18, 18, 1;
L_0x556fd4445c10 .part o0x7f54f0f90b18, 19, 1;
L_0x556fd4445d30 .part o0x7f54f0f90b18, 20, 1;
L_0x556fd4445dd0 .part o0x7f54f0f90b18, 21, 1;
L_0x556fd4446110 .part v0x556fd44425c0_0, 0, 1;
L_0x556fd44461b0 .part v0x556fd44425c0_0, 1, 1;
L_0x556fd44462f0 .part v0x556fd44425c0_0, 2, 1;
L_0x556fd4446390 .part v0x556fd44425c0_0, 3, 1;
L_0x556fd4446250 .part v0x556fd44425c0_0, 4, 1;
L_0x556fd44464e0 .part v0x556fd44425c0_0, 5, 10;
L_0x556fd4446640 .part v0x556fd44425c0_0, 15, 10;
L_0x556fd44466e0 .concat [ 1 1 1 1], o0x7f54f0f90db8, o0x7f54f0f90db8, o0x7f54f0f90db8, o0x7f54f0f90db8;
L_0x556fd44468a0 .part o0x7f54f0f90c68, 28, 4;
L_0x556fd4446940 .concat [ 4 28 0 0], L_0x556fd44468a0, L_0x7f54f0f46018;
L_0x556fd4456b20 .cmp/eq 32, L_0x556fd4446940, L_0x7f54f0f46060;
L_0x556fd4456c60 .functor MUXZ 2, L_0x7f54f0f460f0, L_0x7f54f0f460a8, L_0x556fd4456b20, C4<>;
L_0x556fd4456f10 .part L_0x556fd4456c60, 0, 1;
S_0x556fd43ed510 .scope module, "pixel_fsm0" "pixel" 2 165, 3 242 0, S_0x556fd43ed8c0;
 .timescale 0 0;
    .port_info 0 /INPUT 1 "clk"
    .port_info 1 /INPUT 1 "reset"
    .port_info 2 /INPUT 1 "pxl_start_i"
    .port_info 3 /INPUT 1 "loc_timer_m_i"
    .port_info 4 /OUTPUT 1 "loc_timer_en"
    .port_info 5 /INPUT 1 "adj_timer_m_i"
    .port_info 6 /OUTPUT 1 "adj_timer_en"
    .port_info 7 /OUTPUT 1 "s_p1"
    .port_info 8 /OUTPUT 1 "s_p2"
    .port_info 9 /OUTPUT 1 "s1"
    .port_info 10 /OUTPUT 1 "s2"
    .port_info 11 /OUTPUT 1 "s1_inv"
    .port_info 12 /OUTPUT 1 "s2_inv"
    .port_info 13 /OUTPUT 1 "v_b1"
    .port_info 14 /OUTPUT 1 "v_b0"
    .port_info 15 /OUTPUT 1 "pxl_done_o"
    .port_info 16 /OUTPUT 1 "loc_timer_max"
    .port_info 17 /INPUT 10 "loc_max_clk"
    .port_info 18 /OUTPUT 1 "adj_timer_max"
    .port_info 19 /INPUT 10 "adj_max_clk"
    .port_info 20 /INPUT 1 "pxl_done_i"
    .port_info 21 /OUTPUT 4 "pxl_q"
    .port_info 22 /OUTPUT 1 "kernel_done_o"
    .port_info 23 /INPUT 1 "data_in"
    .port_info 24 /OUTPUT 4 "data_sel"
    .port_info 25 /OUTPUT 16 "data_out"
L_0x556fd44570d0 .functor BUFZ 1, RS_0x7f54f0f8fd08, C4<0>, C4<0>, C4<0>;
L_0x556fd44571d0 .functor BUFZ 1, RS_0x7f54f0f8feb8, C4<0>, C4<0>, C4<0>;
L_0x556fd44572d0 .functor BUFZ 1, RS_0x7f54f0f8f798, C4<0>, C4<0>, C4<0>;
L_0x556fd44573d0 .functor BUFZ 4, RS_0x7f54f0f900f8, C4<0000>, C4<0000>, C4<0000>;
L_0x556fd4457500 .functor BUFZ 1, RS_0x7f54f0f8f8e8, C4<0>, C4<0>, C4<0>;
L_0x556fd4457600 .functor BUFZ 1, RS_0x7f54f0f8f918, C4<0>, C4<0>, C4<0>;
L_0x556fd4457740 .functor BUFZ 1, RS_0x7f54f0f8f828, C4<0>, C4<0>, C4<0>;
L_0x556fd4457840 .functor BUFZ 1, RS_0x7f54f0f8f888, C4<0>, C4<0>, C4<0>;
L_0x556fd4457990 .functor BUFZ 1, RS_0x7f54f0f8f858, C4<0>, C4<0>, C4<0>;
L_0x556fd4457a90 .functor BUFZ 1, RS_0x7f54f0f8f8b8, C4<0>, C4<0>, C4<0>;
L_0x556fd4457bf0 .functor BUFZ 1, RS_0x7f54f0f8f9a8, C4<0>, C4<0>, C4<0>;
L_0x556fd4457cf0 .functor BUFZ 1, RS_0x7f54f0f8f978, C4<0>, C4<0>, C4<0>;
v0x556fd443f8f0_0 .net "adj_max_clk", 9 0, L_0x556fd4446640;  alias, 1 drivers
v0x556fd443f9d0_0 .net8 "adj_timer_en", 0 0, RS_0x7f54f0f8f678;  alias, 2 drivers
v0x556fd443fac0_0 .net "adj_timer_m_i", 0 0, L_0x556fd4446390;  alias, 1 drivers
v0x556fd443fb60_0 .net "adj_timer_m_i_net", 0 0, L_0x556fd44571d0;  1 drivers
v0x556fd443fc30_0 .net8 "adj_timer_max", 0 0, RS_0x7f54f0f8feb8;  alias, 2 drivers
v0x556fd443fd20_0 .net "clk", 0 0, L_0x556fd43a76a0;  alias, 1 drivers
v0x556fd443fdc0_0 .net "data_in", 0 0, L_0x556fd4446250;  alias, 1 drivers
v0x556fd443fe60_0 .net8 "data_out", 15 0, RS_0x7f54f0f8f048;  alias, 8 drivers
v0x556fd4440010_0 .net "data_sel", 3 0, L_0x556fd4445200;  alias, 1 drivers
v0x556fd44400d0_0 .net "data_sel_net", 3 0, L_0x556fd44573d0;  1 drivers
v0x556fd44402a0_0 .net8 "kernel_done_o", 0 0, RS_0x7f54f0f90068;  alias, 2 drivers
v0x556fd4440370_0 .net "loc_max_clk", 9 0, L_0x556fd44464e0;  alias, 1 drivers
v0x556fd4440440_0 .net8 "loc_timer_en", 0 0, RS_0x7f54f0f8f708;  alias, 2 drivers
v0x556fd44404e0_0 .net "loc_timer_m_i", 0 0, L_0x556fd44462f0;  alias, 1 drivers
v0x556fd4440580_0 .net "loc_timer_m_i_net", 0 0, L_0x556fd44570d0;  1 drivers
v0x556fd4440620_0 .net8 "loc_timer_max", 0 0, RS_0x7f54f0f8fd08;  alias, 2 drivers
v0x556fd44406f0_0 .net "pxl_done_i", 0 0, L_0x556fd44461b0;  alias, 1 drivers
v0x556fd44408a0_0 .net "pxl_done_i_net", 0 0, L_0x556fd44572d0;  1 drivers
v0x556fd4440970_0 .net8 "pxl_done_o", 0 0, RS_0x7f54f0f8f798;  alias, 2 drivers
v0x556fd4440a40_0 .net8 "pxl_q", 3 0, RS_0x7f54f0f900f8;  alias, 2 drivers
v0x556fd4440b10_0 .net "pxl_start_i", 0 0, L_0x556fd4446110;  alias, 1 drivers
v0x556fd4440be0_0 .net "reset", 0 0, L_0x556fd44200c0;  alias, 1 drivers
v0x556fd4440c80_0 .net8 "s1", 0 0, RS_0x7f54f0f8f828;  alias, 2 drivers
v0x556fd4440d20_0 .net8 "s1_inv", 0 0, RS_0x7f54f0f8f858;  alias, 2 drivers
v0x556fd4440df0_0 .net "s1_inv_net", 0 0, L_0x556fd4457990;  1 drivers
v0x556fd4440ec0_0 .net "s1_net", 0 0, L_0x556fd4457740;  1 drivers
v0x556fd4440f90_0 .net8 "s2", 0 0, RS_0x7f54f0f8f888;  alias, 2 drivers
v0x556fd4441060_0 .net8 "s2_inv", 0 0, RS_0x7f54f0f8f8b8;  alias, 2 drivers
v0x556fd4441130_0 .net "s2_inv_net", 0 0, L_0x556fd4457a90;  1 drivers
v0x556fd4441200_0 .net "s2_net", 0 0, L_0x556fd4457840;  1 drivers
v0x556fd44412d0_0 .net8 "s_p1", 0 0, RS_0x7f54f0f8f8e8;  alias, 2 drivers
v0x556fd44413a0_0 .net "s_p1_net", 0 0, L_0x556fd4457500;  1 drivers
v0x556fd4441470_0 .net8 "s_p2", 0 0, RS_0x7f54f0f8f918;  alias, 2 drivers
v0x556fd4441750_0 .net "s_p2_net", 0 0, L_0x556fd4457600;  1 drivers
v0x556fd4441820_0 .net8 "v_b0", 0 0, RS_0x7f54f0f8f978;  alias, 2 drivers
v0x556fd44418f0_0 .net "v_b0_net", 0 0, L_0x556fd4457cf0;  1 drivers
v0x556fd44419c0_0 .net8 "v_b1", 0 0, RS_0x7f54f0f8f9a8;  alias, 2 drivers
v0x556fd4441a90_0 .net "v_b1_net", 0 0, L_0x556fd4457bf0;  1 drivers
S_0x556fd43ed160 .scope module, "demux_s1" "demux" 3 321, 3 211 0, S_0x556fd43ed510;
 .timescale 0 0;
    .port_info 0 /INPUT 1 "data_in"
    .port_info 1 /INPUT 4 "data_sel"
    .port_info 2 /OUTPUT 16 "data_out"
v0x556fd4420f00_0 .net "data_in", 0 0, L_0x556fd4457740;  alias, 1 drivers
v0x556fd43fa380_0 .var "data_out", 15 0;
v0x556fd43fa480_0 .net "data_sel", 3 0, L_0x556fd44573d0;  alias, 1 drivers
E_0x556fd43b6ab0 .event edge, v0x556fd43fa480_0, v0x556fd4420f00_0;
S_0x556fd4439f40 .scope module, "demux_s1_inv" "demux" 3 333, 3 211 0, S_0x556fd43ed510;
 .timescale 0 0;
    .port_info 0 /INPUT 1 "data_in"
    .port_info 1 /INPUT 4 "data_sel"
    .port_info 2 /OUTPUT 16 "data_out"
v0x556fd443a1a0_0 .net "data_in", 0 0, L_0x556fd4457990;  alias, 1 drivers
v0x556fd443a280_0 .var "data_out", 15 0;
v0x556fd443a340_0 .net "data_sel", 3 0, L_0x556fd44573d0;  alias, 1 drivers
E_0x556fd43b6ca0 .event edge, v0x556fd43fa480_0, v0x556fd443a1a0_0;
S_0x556fd443a420 .scope module, "demux_s2" "demux" 3 327, 3 211 0, S_0x556fd43ed510;
 .timescale 0 0;
    .port_info 0 /INPUT 1 "data_in"
    .port_info 1 /INPUT 4 "data_sel"
    .port_info 2 /OUTPUT 16 "data_out"
v0x556fd443a690_0 .net "data_in", 0 0, L_0x556fd4457840;  alias, 1 drivers
v0x556fd443a770_0 .var "data_out", 15 0;
v0x556fd443a880_0 .net "data_sel", 3 0, L_0x556fd44573d0;  alias, 1 drivers
E_0x556fd43b64f0 .event edge, v0x556fd43fa480_0, v0x556fd443a690_0;
S_0x556fd443a9f0 .scope module, "demux_s2_inv" "demux" 3 339, 3 211 0, S_0x556fd43ed510;
 .timescale 0 0;
    .port_info 0 /INPUT 1 "data_in"
    .port_info 1 /INPUT 4 "data_sel"
    .port_info 2 /OUTPUT 16 "data_out"
v0x556fd443ac50_0 .net "data_in", 0 0, L_0x556fd4457a90;  alias, 1 drivers
v0x556fd443ad30_0 .var "data_out", 15 0;
v0x556fd443adf0_0 .net "data_sel", 3 0, L_0x556fd44573d0;  alias, 1 drivers
E_0x556fd43b6600 .event edge, v0x556fd43fa480_0, v0x556fd443ac50_0;
S_0x556fd443af10 .scope module, "demux_sp1" "demux" 3 309, 3 211 0, S_0x556fd43ed510;
 .timescale 0 0;
    .port_info 0 /INPUT 1 "data_in"
    .port_info 1 /INPUT 4 "data_sel"
    .port_info 2 /OUTPUT 16 "data_out"
v0x556fd443b1c0_0 .net "data_in", 0 0, L_0x556fd4457500;  alias, 1 drivers
v0x556fd443b2a0_0 .var "data_out", 15 0;
v0x556fd443b360_0 .net "data_sel", 3 0, L_0x556fd44573d0;  alias, 1 drivers
E_0x556fd4420a20 .event edge, v0x556fd43fa480_0, v0x556fd443b1c0_0;
S_0x556fd443b480 .scope module, "demux_sp2" "demux" 3 315, 3 211 0, S_0x556fd43ed510;
 .timescale 0 0;
    .port_info 0 /INPUT 1 "data_in"
    .port_info 1 /INPUT 4 "data_sel"
    .port_info 2 /OUTPUT 16 "data_out"
v0x556fd443b640_0 .net "data_in", 0 0, L_0x556fd4457600;  alias, 1 drivers
v0x556fd443b720_0 .var "data_out", 15 0;
v0x556fd443b7e0_0 .net "data_sel", 3 0, L_0x556fd44573d0;  alias, 1 drivers
E_0x556fd4420e70 .event edge, v0x556fd43fa480_0, v0x556fd443b640_0;
S_0x556fd443b930 .scope module, "demux_vb0" "demux" 3 351, 3 211 0, S_0x556fd43ed510;
 .timescale 0 0;
    .port_info 0 /INPUT 1 "data_in"
    .port_info 1 /INPUT 4 "data_sel"
    .port_info 2 /OUTPUT 16 "data_out"
v0x556fd443bbd0_0 .net "data_in", 0 0, L_0x556fd4457cf0;  alias, 1 drivers
v0x556fd443bcb0_0 .var "data_out", 15 0;
v0x556fd443bd70_0 .net "data_sel", 3 0, L_0x556fd44573d0;  alias, 1 drivers
E_0x556fd443bb50 .event edge, v0x556fd43fa480_0, v0x556fd443bbd0_0;
S_0x556fd443bec0 .scope module, "demux_vb1" "demux" 3 345, 3 211 0, S_0x556fd43ed510;
 .timescale 0 0;
    .port_info 0 /INPUT 1 "data_in"
    .port_info 1 /INPUT 4 "data_sel"
    .port_info 2 /OUTPUT 16 "data_out"
v0x556fd443c160_0 .net "data_in", 0 0, L_0x556fd4457bf0;  alias, 1 drivers
v0x556fd443c240_0 .var "data_out", 15 0;
v0x556fd443c300_0 .net "data_sel", 3 0, L_0x556fd44573d0;  alias, 1 drivers
E_0x556fd443c0e0 .event edge, v0x556fd43fa480_0, v0x556fd443c160_0;
S_0x556fd443c450 .scope module, "inst1" "pixel_fsm" 3 268, 3 4 0, S_0x556fd43ed510;
 .timescale 0 0;
    .port_info 0 /INPUT 1 "clk"
    .port_info 1 /INPUT 1 "reset"
    .port_info 2 /INPUT 1 "pxl_start_i"
    .port_info 3 /INPUT 1 "loc_timer_m_i"
    .port_info 4 /OUTPUT 1 "loc_timer_en"
    .port_info 5 /INPUT 1 "adj_timer_m_i"
    .port_info 6 /OUTPUT 1 "adj_timer_en"
    .port_info 7 /OUTPUT 1 "s_p1"
    .port_info 8 /OUTPUT 1 "s_p2"
    .port_info 9 /OUTPUT 1 "s1"
    .port_info 10 /OUTPUT 1 "s2"
    .port_info 11 /OUTPUT 1 "s1_inv"
    .port_info 12 /OUTPUT 1 "s2_inv"
    .port_info 13 /OUTPUT 1 "v_b1"
    .port_info 14 /OUTPUT 1 "v_b0"
    .port_info 15 /OUTPUT 1 "pxl_done_o"
P_0x556fd443c620 .param/l "ADJ_PIXEL" 0 3 11, C4<011>;
P_0x556fd443c660 .param/l "IDLE" 0 3 10, C4<010>;
P_0x556fd443c6a0 .param/l "LOC_PIXEL" 0 3 10, C4<001>;
P_0x556fd443c6e0 .param/l "PXL_DONE" 0 3 11, C4<100>;
P_0x556fd443c720 .param/l "RESET" 0 3 10, C4<000>;
v0x556fd443cc60_0 .var "adj_timer_en", 0 0;
v0x556fd443cd40_0 .net "adj_timer_m_i", 0 0, L_0x556fd44571d0;  alias, 1 drivers
v0x556fd443ce00_0 .net "clk", 0 0, L_0x556fd43a76a0;  alias, 1 drivers
v0x556fd443ced0_0 .var "loc_timer_en", 0 0;
v0x556fd443cf90_0 .net "loc_timer_m_i", 0 0, L_0x556fd44570d0;  alias, 1 drivers
v0x556fd443d050_0 .var "next_state", 2 0;
v0x556fd443d130_0 .var "pxl_done_o", 0 0;
v0x556fd443d1f0_0 .net "pxl_start_i", 0 0, L_0x556fd4446110;  alias, 1 drivers
v0x556fd443d2b0_0 .net "reset", 0 0, L_0x556fd44200c0;  alias, 1 drivers
v0x556fd443d400_0 .var "s1", 0 0;
v0x556fd443d4c0_0 .var "s1_inv", 0 0;
v0x556fd443d580_0 .var "s2", 0 0;
v0x556fd443d640_0 .var "s2_inv", 0 0;
v0x556fd443d700_0 .var "s_p1", 0 0;
v0x556fd443d7c0_0 .var "s_p2", 0 0;
v0x556fd443d880_0 .var "state", 2 0;
v0x556fd443d960_0 .var "v_b0", 0 0;
v0x556fd443db30_0 .var "v_b1", 0 0;
E_0x556fd443cb30 .event edge, v0x556fd443d880_0;
E_0x556fd443cb90 .event edge, v0x556fd443cd40_0, v0x556fd443cf90_0, v0x556fd443d1f0_0, v0x556fd443d880_0;
E_0x556fd443cc00 .event posedge, v0x556fd443d2b0_0, v0x556fd443ce00_0;
S_0x556fd443ddf0 .scope module, "inst2" "loc_timer_int" 3 287, 3 126 0, S_0x556fd43ed510;
 .timescale 0 0;
    .port_info 0 /INPUT 1 "clk"
    .port_info 1 /INPUT 1 "reset"
    .port_info 2 /INPUT 1 "loc_timer_en"
    .port_info 3 /INPUT 10 "loc_max_clk"
    .port_info 4 /OUTPUT 1 "loc_timer_max"
v0x556fd443e070_0 .net "clk", 0 0, L_0x556fd43a76a0;  alias, 1 drivers
v0x556fd443e160_0 .net "loc_max_clk", 9 0, L_0x556fd44464e0;  alias, 1 drivers
v0x556fd443e220_0 .net8 "loc_timer_en", 0 0, RS_0x7f54f0f8f708;  alias, 2 drivers
v0x556fd443e320_0 .net8 "loc_timer_max", 0 0, RS_0x7f54f0f8fd08;  alias, 2 drivers
v0x556fd443e3c0_0 .var "loc_timer_q", 9 0;
o0x7f54f0f8fd68 .functor BUFZ 1, C4<z>; HiZ drive
v0x556fd443e4d0_0 .net "reset", 0 0, o0x7f54f0f8fd68;  0 drivers
E_0x556fd443dff0 .event posedge, v0x556fd443e4d0_0, v0x556fd443ce00_0;
L_0x556fd4457e60 .cmp/eq 10, v0x556fd443e3c0_0, L_0x556fd44464e0;
S_0x556fd443e630 .scope module, "inst3" "adj_timer_int" 3 294, 3 153 0, S_0x556fd43ed510;
 .timescale 0 0;
    .port_info 0 /INPUT 1 "clk"
    .port_info 1 /INPUT 1 "reset"
    .port_info 2 /INPUT 1 "adj_timer_en"
    .port_info 3 /INPUT 10 "adj_max_clk"
    .port_info 4 /OUTPUT 1 "adj_timer_max"
v0x556fd443e900_0 .net "adj_max_clk", 9 0, L_0x556fd4446640;  alias, 1 drivers
v0x556fd443ea00_0 .net8 "adj_timer_en", 0 0, RS_0x7f54f0f8f678;  alias, 2 drivers
v0x556fd443eaf0_0 .net8 "adj_timer_max", 0 0, RS_0x7f54f0f8feb8;  alias, 2 drivers
v0x556fd443ebc0_0 .var "adj_timer_q", 9 0;
v0x556fd443ec60_0 .net "clk", 0 0, L_0x556fd43a76a0;  alias, 1 drivers
o0x7f54f0f8ff18 .functor BUFZ 1, C4<z>; HiZ drive
v0x556fd443eda0_0 .net "reset", 0 0, o0x7f54f0f8ff18;  0 drivers
E_0x556fd443e880 .event posedge, v0x556fd443eda0_0, v0x556fd443ce00_0;
L_0x556fd4457f90 .cmp/eq 10, v0x556fd443ebc0_0, L_0x556fd4446640;
S_0x556fd443ef00 .scope module, "inst4" "pixel_counter" 3 301, 3 181 0, S_0x556fd43ed510;
 .timescale 0 0;
    .port_info 0 /INPUT 1 "clk"
    .port_info 1 /INPUT 1 "reset"
    .port_info 2 /INPUT 1 "pxl_done_i"
    .port_info 3 /OUTPUT 4 "pxl_q"
    .port_info 4 /OUTPUT 1 "kernel_done_o"
L_0x7f54f0f46138 .functor BUFT 1, C4<1010>, C4<0>, C4<0>, C4<0>;
v0x556fd443f1d0_0 .net/2u *"_s2", 3 0, L_0x7f54f0f46138;  1 drivers
v0x556fd443f2d0_0 .net "clk", 0 0, L_0x556fd43a76a0;  alias, 1 drivers
v0x556fd443f390_0 .var "kernel_done_o", 0 0;
v0x556fd443f430_0 .net "pixel_count_max", 0 0, L_0x556fd4458130;  1 drivers
v0x556fd443f4d0_0 .net "pxl_done_i", 0 0, L_0x556fd44572d0;  alias, 1 drivers
v0x556fd443f5e0_0 .net8 "pxl_q", 3 0, RS_0x7f54f0f900f8;  alias, 2 drivers
v0x556fd443f6c0_0 .var "pxl_tmp", 3 0;
v0x556fd443f7a0_0 .net "reset", 0 0, L_0x556fd44200c0;  alias, 1 drivers
E_0x556fd443f150 .event posedge, v0x556fd443ce00_0;
L_0x556fd4458130 .cmp/eq 4, RS_0x7f54f0f900f8, L_0x7f54f0f46138;
    .scope S_0x556fd443c450;
T_0 ;
    %pushi/vec4 0, 0, 3;
    %store/vec4 v0x556fd443d880_0, 0, 3;
    %end;
    .thread T_0;
    .scope S_0x556fd443c450;
T_1 ;
    %wait E_0x556fd443cc00;
    %load/vec4 v0x556fd443d2b0_0;
    %flag_set/vec4 8;
    %jmp/0xz  T_1.0, 8;
    %pushi/vec4 0, 0, 3;
    %assign/vec4 v0x556fd443d880_0, 0;
    %jmp T_1.1;
T_1.0 ;
    %load/vec4 v0x556fd443d050_0;
    %assign/vec4 v0x556fd443d880_0, 0;
T_1.1 ;
    %jmp T_1;
    .thread T_1;
    .scope S_0x556fd443c450;
T_2 ;
    %wait E_0x556fd443cb90;
    %load/vec4 v0x556fd443d880_0;
    %dup/vec4;
    %pushi/vec4 0, 0, 3;
    %cmp/u;
    %jmp/1 T_2.0, 6;
    %dup/vec4;
    %pushi/vec4 1, 0, 3;
    %cmp/u;
    %jmp/1 T_2.1, 6;
    %dup/vec4;
    %pushi/vec4 2, 0, 3;
    %cmp/u;
    %jmp/1 T_2.2, 6;
    %dup/vec4;
    %pushi/vec4 3, 0, 3;
    %cmp/u;
    %jmp/1 T_2.3, 6;
    %dup/vec4;
    %pushi/vec4 4, 0, 3;
    %cmp/u;
    %jmp/1 T_2.4, 6;
    %jmp T_2.5;
T_2.0 ;
    %load/vec4 v0x556fd443d1f0_0;
    %cmpi/e 0, 0, 1;
    %jmp/0xz  T_2.6, 4;
    %pushi/vec4 0, 0, 3;
    %store/vec4 v0x556fd443d050_0, 0, 3;
    %jmp T_2.7;
T_2.6 ;
    %pushi/vec4 1, 0, 3;
    %store/vec4 v0x556fd443d050_0, 0, 3;
T_2.7 ;
    %jmp T_2.5;
T_2.1 ;
    %load/vec4 v0x556fd443cf90_0;
    %cmpi/e 0, 0, 1;
    %jmp/0xz  T_2.8, 4;
    %pushi/vec4 1, 0, 3;
    %store/vec4 v0x556fd443d050_0, 0, 3;
    %jmp T_2.9;
T_2.8 ;
    %pushi/vec4 2, 0, 3;
    %store/vec4 v0x556fd443d050_0, 0, 3;
T_2.9 ;
    %jmp T_2.5;
T_2.2 ;
    %pushi/vec4 3, 0, 3;
    %store/vec4 v0x556fd443d050_0, 0, 3;
    %jmp T_2.5;
T_2.3 ;
    %load/vec4 v0x556fd443cd40_0;
    %cmpi/e 0, 0, 1;
    %jmp/0xz  T_2.10, 4;
    %pushi/vec4 3, 0, 3;
    %store/vec4 v0x556fd443d050_0, 0, 3;
    %jmp T_2.11;
T_2.10 ;
    %pushi/vec4 4, 0, 3;
    %store/vec4 v0x556fd443d050_0, 0, 3;
T_2.11 ;
    %jmp T_2.5;
T_2.4 ;
    %pushi/vec4 0, 0, 3;
    %store/vec4 v0x556fd443d050_0, 0, 3;
    %jmp T_2.5;
T_2.5 ;
    %pop/vec4 1;
    %jmp T_2;
    .thread T_2, $push;
    .scope S_0x556fd443c450;
T_3 ;
    %wait E_0x556fd443cb30;
    %load/vec4 v0x556fd443d880_0;
    %dup/vec4;
    %pushi/vec4 0, 0, 3;
    %cmp/u;
    %jmp/1 T_3.0, 6;
    %dup/vec4;
    %pushi/vec4 1, 0, 3;
    %cmp/u;
    %jmp/1 T_3.1, 6;
    %dup/vec4;
    %pushi/vec4 2, 0, 3;
    %cmp/u;
    %jmp/1 T_3.2, 6;
    %dup/vec4;
    %pushi/vec4 3, 0, 3;
    %cmp/u;
    %jmp/1 T_3.3, 6;
    %dup/vec4;
    %pushi/vec4 4, 0, 3;
    %cmp/u;
    %jmp/1 T_3.4, 6;
    %jmp T_3.5;
T_3.0 ;
    %pushi/vec4 0, 0, 1;
    %store/vec4 v0x556fd443ced0_0, 0, 1;
    %pushi/vec4 0, 0, 1;
    %store/vec4 v0x556fd443cc60_0, 0, 1;
    %pushi/vec4 0, 0, 1;
    %store/vec4 v0x556fd443d700_0, 0, 1;
    %pushi/vec4 0, 0, 1;
    %store/vec4 v0x556fd443d7c0_0, 0, 1;
    %pushi/vec4 0, 0, 1;
    %store/vec4 v0x556fd443d400_0, 0, 1;
    %load/vec4 v0x556fd443d400_0;
    %inv;
    %store/vec4 v0x556fd443d4c0_0, 0, 1;
    %pushi/vec4 0, 0, 1;
    %store/vec4 v0x556fd443d580_0, 0, 1;
    %load/vec4 v0x556fd443d580_0;
    %inv;
    %store/vec4 v0x556fd443d640_0, 0, 1;
    %pushi/vec4 0, 0, 1;
    %store/vec4 v0x556fd443db30_0, 0, 1;
    %load/vec4 v0x556fd443db30_0;
    %inv;
    %store/vec4 v0x556fd443d960_0, 0, 1;
    %pushi/vec4 0, 0, 1;
    %store/vec4 v0x556fd443d130_0, 0, 1;
    %jmp T_3.5;
T_3.1 ;
    %pushi/vec4 1, 0, 1;
    %store/vec4 v0x556fd443ced0_0, 0, 1;
    %pushi/vec4 0, 0, 1;
    %store/vec4 v0x556fd443cc60_0, 0, 1;
    %pushi/vec4 1, 0, 1;
    %store/vec4 v0x556fd443d700_0, 0, 1;
    %pushi/vec4 0, 0, 1;
    %store/vec4 v0x556fd443d7c0_0, 0, 1;
    %pushi/vec4 1, 0, 1;
    %store/vec4 v0x556fd443d400_0, 0, 1;
    %load/vec4 v0x556fd443d400_0;
    %inv;
    %store/vec4 v0x556fd443d4c0_0, 0, 1;
    %pushi/vec4 0, 0, 1;
    %store/vec4 v0x556fd443d580_0, 0, 1;
    %load/vec4 v0x556fd443d580_0;
    %inv;
    %store/vec4 v0x556fd443d640_0, 0, 1;
    %pushi/vec4 1, 0, 1;
    %store/vec4 v0x556fd443db30_0, 0, 1;
    %load/vec4 v0x556fd443db30_0;
    %inv;
    %store/vec4 v0x556fd443d960_0, 0, 1;
    %pushi/vec4 0, 0, 1;
    %store/vec4 v0x556fd443d130_0, 0, 1;
    %jmp T_3.5;
T_3.2 ;
    %pushi/vec4 0, 0, 1;
    %store/vec4 v0x556fd443ced0_0, 0, 1;
    %pushi/vec4 0, 0, 1;
    %store/vec4 v0x556fd443cc60_0, 0, 1;
    %pushi/vec4 0, 0, 1;
    %store/vec4 v0x556fd443d700_0, 0, 1;
    %pushi/vec4 0, 0, 1;
    %store/vec4 v0x556fd443d7c0_0, 0, 1;
    %pushi/vec4 0, 0, 1;
    %store/vec4 v0x556fd443d400_0, 0, 1;
    %load/vec4 v0x556fd443d400_0;
    %inv;
    %store/vec4 v0x556fd443d4c0_0, 0, 1;
    %pushi/vec4 0, 0, 1;
    %store/vec4 v0x556fd443d580_0, 0, 1;
    %load/vec4 v0x556fd443d580_0;
    %inv;
    %store/vec4 v0x556fd443d640_0, 0, 1;
    %pushi/vec4 0, 0, 1;
    %store/vec4 v0x556fd443db30_0, 0, 1;
    %load/vec4 v0x556fd443db30_0;
    %inv;
    %store/vec4 v0x556fd443d960_0, 0, 1;
    %pushi/vec4 0, 0, 1;
    %store/vec4 v0x556fd443d130_0, 0, 1;
    %jmp T_3.5;
T_3.3 ;
    %pushi/vec4 0, 0, 1;
    %store/vec4 v0x556fd443ced0_0, 0, 1;
    %pushi/vec4 1, 0, 1;
    %store/vec4 v0x556fd443cc60_0, 0, 1;
    %pushi/vec4 0, 0, 1;
    %store/vec4 v0x556fd443d700_0, 0, 1;
    %pushi/vec4 1, 0, 1;
    %store/vec4 v0x556fd443d7c0_0, 0, 1;
    %pushi/vec4 0, 0, 1;
    %store/vec4 v0x556fd443d400_0, 0, 1;
    %load/vec4 v0x556fd443d400_0;
    %inv;
    %store/vec4 v0x556fd443d4c0_0, 0, 1;
    %pushi/vec4 1, 0, 1;
    %store/vec4 v0x556fd443d580_0, 0, 1;
    %load/vec4 v0x556fd443d580_0;
    %inv;
    %store/vec4 v0x556fd443d640_0, 0, 1;
    %pushi/vec4 1, 0, 1;
    %store/vec4 v0x556fd443db30_0, 0, 1;
    %load/vec4 v0x556fd443db30_0;
    %inv;
    %store/vec4 v0x556fd443d960_0, 0, 1;
    %pushi/vec4 0, 0, 1;
    %store/vec4 v0x556fd443d130_0, 0, 1;
    %jmp T_3.5;
T_3.4 ;
    %pushi/vec4 0, 0, 1;
    %store/vec4 v0x556fd443ced0_0, 0, 1;
    %pushi/vec4 0, 0, 1;
    %store/vec4 v0x556fd443cc60_0, 0, 1;
    %pushi/vec4 0, 0, 1;
    %store/vec4 v0x556fd443d700_0, 0, 1;
    %pushi/vec4 0, 0, 1;
    %store/vec4 v0x556fd443d7c0_0, 0, 1;
    %pushi/vec4 0, 0, 1;
    %store/vec4 v0x556fd443d400_0, 0, 1;
    %load/vec4 v0x556fd443d400_0;
    %inv;
    %store/vec4 v0x556fd443d4c0_0, 0, 1;
    %pushi/vec4 0, 0, 1;
    %store/vec4 v0x556fd443d580_0, 0, 1;
    %load/vec4 v0x556fd443d580_0;
    %inv;
    %store/vec4 v0x556fd443d640_0, 0, 1;
    %pushi/vec4 0, 0, 1;
    %store/vec4 v0x556fd443db30_0, 0, 1;
    %load/vec4 v0x556fd443db30_0;
    %inv;
    %store/vec4 v0x556fd443d960_0, 0, 1;
    %pushi/vec4 1, 0, 1;
    %store/vec4 v0x556fd443d130_0, 0, 1;
    %jmp T_3.5;
T_3.5 ;
    %pop/vec4 1;
    %jmp T_3;
    .thread T_3, $push;
    .scope S_0x556fd443ddf0;
T_4 ;
    %pushi/vec4 0, 0, 10;
    %store/vec4 v0x556fd443e3c0_0, 0, 10;
    %end;
    .thread T_4;
    .scope S_0x556fd443ddf0;
T_5 ;
    %wait E_0x556fd443dff0;
    %load/vec4 v0x556fd443e4d0_0;
    %flag_set/vec4 8;
    %jmp/0xz  T_5.0, 8;
    %pushi/vec4 0, 0, 10;
    %assign/vec4 v0x556fd443e3c0_0, 0;
    %jmp T_5.1;
T_5.0 ;
    %load/vec4 v0x556fd443e220_0;
    %nor/r;
    %flag_set/vec4 8;
    %load/vec4 v0x556fd443e3c0_0;
    %load/vec4 v0x556fd443e160_0;
    %cmp/e;
    %flag_or 4, 8;
    %jmp/0xz  T_5.2, 4;
    %pushi/vec4 0, 0, 10;
    %assign/vec4 v0x556fd443e3c0_0, 0;
    %jmp T_5.3;
T_5.2 ;
    %load/vec4 v0x556fd443e3c0_0;
    %addi 1, 0, 10;
    %assign/vec4 v0x556fd443e3c0_0, 0;
T_5.3 ;
T_5.1 ;
    %jmp T_5;
    .thread T_5;
    .scope S_0x556fd443e630;
T_6 ;
    %pushi/vec4 0, 0, 10;
    %store/vec4 v0x556fd443ebc0_0, 0, 10;
    %end;
    .thread T_6;
    .scope S_0x556fd443e630;
T_7 ;
    %wait E_0x556fd443e880;
    %load/vec4 v0x556fd443eda0_0;
    %flag_set/vec4 8;
    %jmp/0xz  T_7.0, 8;
    %pushi/vec4 0, 0, 10;
    %assign/vec4 v0x556fd443ebc0_0, 0;
    %jmp T_7.1;
T_7.0 ;
    %load/vec4 v0x556fd443ea00_0;
    %nor/r;
    %flag_set/vec4 8;
    %load/vec4 v0x556fd443ebc0_0;
    %load/vec4 v0x556fd443e900_0;
    %cmp/e;
    %flag_or 4, 8;
    %jmp/0xz  T_7.2, 4;
    %pushi/vec4 0, 0, 10;
    %assign/vec4 v0x556fd443ebc0_0, 0;
    %jmp T_7.3;
T_7.2 ;
    %load/vec4 v0x556fd443ebc0_0;
    %addi 1, 0, 10;
    %assign/vec4 v0x556fd443ebc0_0, 0;
T_7.3 ;
T_7.1 ;
    %jmp T_7;
    .thread T_7;
    .scope S_0x556fd443ef00;
T_8 ;
    %pushi/vec4 0, 0, 1;
    %store/vec4 v0x556fd443f390_0, 0, 1;
    %end;
    .thread T_8;
    .scope S_0x556fd443ef00;
T_9 ;
    %wait E_0x556fd443cc00;
    %load/vec4 v0x556fd443f7a0_0;
    %flag_set/vec4 8;
    %jmp/0xz  T_9.0, 8;
    %pushi/vec4 1, 0, 4;
    %assign/vec4 v0x556fd443f6c0_0, 0;
    %jmp T_9.1;
T_9.0 ;
    %load/vec4 v0x556fd443f390_0;
    %flag_set/vec4 8;
    %jmp/0xz  T_9.2, 8;
    %pushi/vec4 0, 0, 4;
    %assign/vec4 v0x556fd443f6c0_0, 0;
    %jmp T_9.3;
T_9.2 ;
    %load/vec4 v0x556fd443f4d0_0;
    %flag_set/vec4 8;
    %jmp/0xz  T_9.4, 8;
    %load/vec4 v0x556fd443f6c0_0;
    %addi 1, 0, 4;
    %assign/vec4 v0x556fd443f6c0_0, 0;
T_9.4 ;
T_9.3 ;
T_9.1 ;
    %jmp T_9;
    .thread T_9;
    .scope S_0x556fd443ef00;
T_10 ;
    %wait E_0x556fd443f150;
    %load/vec4 v0x556fd443f430_0;
    %assign/vec4 v0x556fd443f390_0, 0;
    %jmp T_10;
    .thread T_10;
    .scope S_0x556fd443af10;
T_11 ;
    %wait E_0x556fd4420a20;
    %load/vec4 v0x556fd443b360_0;
    %dup/vec4;
    %pushi/vec4 0, 0, 4;
    %cmp/u;
    %jmp/1 T_11.0, 6;
    %dup/vec4;
    %pushi/vec4 1, 0, 4;
    %cmp/u;
    %jmp/1 T_11.1, 6;
    %dup/vec4;
    %pushi/vec4 2, 0, 4;
    %cmp/u;
    %jmp/1 T_11.2, 6;
    %dup/vec4;
    %pushi/vec4 3, 0, 4;
    %cmp/u;
    %jmp/1 T_11.3, 6;
    %dup/vec4;
    %pushi/vec4 4, 0, 4;
    %cmp/u;
    %jmp/1 T_11.4, 6;
    %dup/vec4;
    %pushi/vec4 5, 0, 4;
    %cmp/u;
    %jmp/1 T_11.5, 6;
    %dup/vec4;
    %pushi/vec4 6, 0, 4;
    %cmp/u;
    %jmp/1 T_11.6, 6;
    %dup/vec4;
    %pushi/vec4 7, 0, 4;
    %cmp/u;
    %jmp/1 T_11.7, 6;
    %dup/vec4;
    %pushi/vec4 8, 0, 4;
    %cmp/u;
    %jmp/1 T_11.8, 6;
    %dup/vec4;
    %pushi/vec4 9, 0, 4;
    %cmp/u;
    %jmp/1 T_11.9, 6;
    %dup/vec4;
    %pushi/vec4 10, 0, 4;
    %cmp/u;
    %jmp/1 T_11.10, 6;
    %dup/vec4;
    %pushi/vec4 11, 0, 4;
    %cmp/u;
    %jmp/1 T_11.11, 6;
    %dup/vec4;
    %pushi/vec4 12, 0, 4;
    %cmp/u;
    %jmp/1 T_11.12, 6;
    %dup/vec4;
    %pushi/vec4 13, 0, 4;
    %cmp/u;
    %jmp/1 T_11.13, 6;
    %dup/vec4;
    %pushi/vec4 14, 0, 4;
    %cmp/u;
    %jmp/1 T_11.14, 6;
    %dup/vec4;
    %pushi/vec4 15, 0, 4;
    %cmp/u;
    %jmp/1 T_11.15, 6;
    %pushi/vec4 0, 0, 16;
    %store/vec4 v0x556fd443b2a0_0, 0, 16;
    %jmp T_11.17;
T_11.0 ;
    %pushi/vec4 0, 0, 16;
    %store/vec4 v0x556fd443b2a0_0, 0, 16;
    %jmp T_11.17;
T_11.1 ;
    %load/vec4 v0x556fd443b1c0_0;
    %ix/load 4, 0, 0;
    %flag_set/imm 4, 0;
    %store/vec4 v0x556fd443b2a0_0, 4, 1;
    %pushi/vec4 0, 0, 15;
    %ix/load 4, 1, 0;
    %flag_set/imm 4, 0;
    %store/vec4 v0x556fd443b2a0_0, 4, 15;
    %jmp T_11.17;
T_11.2 ;
    %load/vec4 v0x556fd443b1c0_0;
    %ix/load 4, 1, 0;
    %flag_set/imm 4, 0;
    %store/vec4 v0x556fd443b2a0_0, 4, 1;
    %pushi/vec4 0, 0, 1;
    %ix/load 4, 0, 0;
    %flag_set/imm 4, 0;
    %store/vec4 v0x556fd443b2a0_0, 4, 1;
    %jmp T_11.17;
T_11.3 ;
    %load/vec4 v0x556fd443b1c0_0;
    %ix/load 4, 2, 0;
    %flag_set/imm 4, 0;
    %store/vec4 v0x556fd443b2a0_0, 4, 1;
    %pushi/vec4 0, 0, 2;
    %ix/load 4, 0, 0;
    %flag_set/imm 4, 0;
    %store/vec4 v0x556fd443b2a0_0, 4, 2;
    %jmp T_11.17;
T_11.4 ;
    %load/vec4 v0x556fd443b1c0_0;
    %ix/load 4, 3, 0;
    %flag_set/imm 4, 0;
    %store/vec4 v0x556fd443b2a0_0, 4, 1;
    %pushi/vec4 0, 0, 3;
    %ix/load 4, 0, 0;
    %flag_set/imm 4, 0;
    %store/vec4 v0x556fd443b2a0_0, 4, 3;
    %jmp T_11.17;
T_11.5 ;
    %load/vec4 v0x556fd443b1c0_0;
    %ix/load 4, 4, 0;
    %flag_set/imm 4, 0;
    %store/vec4 v0x556fd443b2a0_0, 4, 1;
    %pushi/vec4 0, 0, 4;
    %ix/load 4, 0, 0;
    %flag_set/imm 4, 0;
    %store/vec4 v0x556fd443b2a0_0, 4, 4;
    %jmp T_11.17;
T_11.6 ;
    %load/vec4 v0x556fd443b1c0_0;
    %ix/load 4, 5, 0;
    %flag_set/imm 4, 0;
    %store/vec4 v0x556fd443b2a0_0, 4, 1;
    %pushi/vec4 0, 0, 5;
    %ix/load 4, 0, 0;
    %flag_set/imm 4, 0;
    %store/vec4 v0x556fd443b2a0_0, 4, 5;
    %jmp T_11.17;
T_11.7 ;
    %load/vec4 v0x556fd443b1c0_0;
    %ix/load 4, 6, 0;
    %flag_set/imm 4, 0;
    %store/vec4 v0x556fd443b2a0_0, 4, 1;
    %pushi/vec4 0, 0, 6;
    %ix/load 4, 0, 0;
    %flag_set/imm 4, 0;
    %store/vec4 v0x556fd443b2a0_0, 4, 6;
    %jmp T_11.17;
T_11.8 ;
    %load/vec4 v0x556fd443b1c0_0;
    %ix/load 4, 7, 0;
    %flag_set/imm 4, 0;
    %store/vec4 v0x556fd443b2a0_0, 4, 1;
    %pushi/vec4 0, 0, 7;
    %ix/load 4, 0, 0;
    %flag_set/imm 4, 0;
    %store/vec4 v0x556fd443b2a0_0, 4, 7;
    %jmp T_11.17;
T_11.9 ;
    %load/vec4 v0x556fd443b1c0_0;
    %ix/load 4, 8, 0;
    %flag_set/imm 4, 0;
    %store/vec4 v0x556fd443b2a0_0, 4, 1;
    %pushi/vec4 0, 0, 8;
    %ix/load 4, 0, 0;
    %flag_set/imm 4, 0;
    %store/vec4 v0x556fd443b2a0_0, 4, 8;
    %jmp T_11.17;
T_11.10 ;
    %load/vec4 v0x556fd443b1c0_0;
    %ix/load 4, 9, 0;
    %flag_set/imm 4, 0;
    %store/vec4 v0x556fd443b2a0_0, 4, 1;
    %pushi/vec4 0, 0, 9;
    %ix/load 4, 0, 0;
    %flag_set/imm 4, 0;
    %store/vec4 v0x556fd443b2a0_0, 4, 9;
    %jmp T_11.17;
T_11.11 ;
    %load/vec4 v0x556fd443b1c0_0;
    %ix/load 4, 10, 0;
    %flag_set/imm 4, 0;
    %store/vec4 v0x556fd443b2a0_0, 4, 1;
    %pushi/vec4 0, 0, 10;
    %ix/load 4, 0, 0;
    %flag_set/imm 4, 0;
    %store/vec4 v0x556fd443b2a0_0, 4, 10;
    %jmp T_11.17;
T_11.12 ;
    %load/vec4 v0x556fd443b1c0_0;
    %ix/load 4, 11, 0;
    %flag_set/imm 4, 0;
    %store/vec4 v0x556fd443b2a0_0, 4, 1;
    %pushi/vec4 0, 0, 11;
    %ix/load 4, 0, 0;
    %flag_set/imm 4, 0;
    %store/vec4 v0x556fd443b2a0_0, 4, 11;
    %jmp T_11.17;
T_11.13 ;
    %load/vec4 v0x556fd443b1c0_0;
    %ix/load 4, 12, 0;
    %flag_set/imm 4, 0;
    %store/vec4 v0x556fd443b2a0_0, 4, 1;
    %pushi/vec4 0, 0, 12;
    %ix/load 4, 0, 0;
    %flag_set/imm 4, 0;
    %store/vec4 v0x556fd443b2a0_0, 4, 12;
    %jmp T_11.17;
T_11.14 ;
    %load/vec4 v0x556fd443b1c0_0;
    %ix/load 4, 13, 0;
    %flag_set/imm 4, 0;
    %store/vec4 v0x556fd443b2a0_0, 4, 1;
    %pushi/vec4 0, 0, 13;
    %ix/load 4, 0, 0;
    %flag_set/imm 4, 0;
    %store/vec4 v0x556fd443b2a0_0, 4, 13;
    %jmp T_11.17;
T_11.15 ;
    %load/vec4 v0x556fd443b1c0_0;
    %ix/load 4, 14, 0;
    %flag_set/imm 4, 0;
    %store/vec4 v0x556fd443b2a0_0, 4, 1;
    %pushi/vec4 0, 0, 14;
    %ix/load 4, 0, 0;
    %flag_set/imm 4, 0;
    %store/vec4 v0x556fd443b2a0_0, 4, 14;
    %jmp T_11.17;
T_11.17 ;
    %pop/vec4 1;
    %jmp T_11;
    .thread T_11, $push;
    .scope S_0x556fd443b480;
T_12 ;
    %wait E_0x556fd4420e70;
    %load/vec4 v0x556fd443b7e0_0;
    %dup/vec4;
    %pushi/vec4 0, 0, 4;
    %cmp/u;
    %jmp/1 T_12.0, 6;
    %dup/vec4;
    %pushi/vec4 1, 0, 4;
    %cmp/u;
    %jmp/1 T_12.1, 6;
    %dup/vec4;
    %pushi/vec4 2, 0, 4;
    %cmp/u;
    %jmp/1 T_12.2, 6;
    %dup/vec4;
    %pushi/vec4 3, 0, 4;
    %cmp/u;
    %jmp/1 T_12.3, 6;
    %dup/vec4;
    %pushi/vec4 4, 0, 4;
    %cmp/u;
    %jmp/1 T_12.4, 6;
    %dup/vec4;
    %pushi/vec4 5, 0, 4;
    %cmp/u;
    %jmp/1 T_12.5, 6;
    %dup/vec4;
    %pushi/vec4 6, 0, 4;
    %cmp/u;
    %jmp/1 T_12.6, 6;
    %dup/vec4;
    %pushi/vec4 7, 0, 4;
    %cmp/u;
    %jmp/1 T_12.7, 6;
    %dup/vec4;
    %pushi/vec4 8, 0, 4;
    %cmp/u;
    %jmp/1 T_12.8, 6;
    %dup/vec4;
    %pushi/vec4 9, 0, 4;
    %cmp/u;
    %jmp/1 T_12.9, 6;
    %dup/vec4;
    %pushi/vec4 10, 0, 4;
    %cmp/u;
    %jmp/1 T_12.10, 6;
    %dup/vec4;
    %pushi/vec4 11, 0, 4;
    %cmp/u;
    %jmp/1 T_12.11, 6;
    %dup/vec4;
    %pushi/vec4 12, 0, 4;
    %cmp/u;
    %jmp/1 T_12.12, 6;
    %dup/vec4;
    %pushi/vec4 13, 0, 4;
    %cmp/u;
    %jmp/1 T_12.13, 6;
    %dup/vec4;
    %pushi/vec4 14, 0, 4;
    %cmp/u;
    %jmp/1 T_12.14, 6;
    %dup/vec4;
    %pushi/vec4 15, 0, 4;
    %cmp/u;
    %jmp/1 T_12.15, 6;
    %pushi/vec4 0, 0, 16;
    %store/vec4 v0x556fd443b720_0, 0, 16;
    %jmp T_12.17;
T_12.0 ;
    %pushi/vec4 0, 0, 16;
    %store/vec4 v0x556fd443b720_0, 0, 16;
    %jmp T_12.17;
T_12.1 ;
    %load/vec4 v0x556fd443b640_0;
    %ix/load 4, 0, 0;
    %flag_set/imm 4, 0;
    %store/vec4 v0x556fd443b720_0, 4, 1;
    %pushi/vec4 0, 0, 15;
    %ix/load 4, 1, 0;
    %flag_set/imm 4, 0;
    %store/vec4 v0x556fd443b720_0, 4, 15;
    %jmp T_12.17;
T_12.2 ;
    %load/vec4 v0x556fd443b640_0;
    %ix/load 4, 1, 0;
    %flag_set/imm 4, 0;
    %store/vec4 v0x556fd443b720_0, 4, 1;
    %pushi/vec4 0, 0, 1;
    %ix/load 4, 0, 0;
    %flag_set/imm 4, 0;
    %store/vec4 v0x556fd443b720_0, 4, 1;
    %jmp T_12.17;
T_12.3 ;
    %load/vec4 v0x556fd443b640_0;
    %ix/load 4, 2, 0;
    %flag_set/imm 4, 0;
    %store/vec4 v0x556fd443b720_0, 4, 1;
    %pushi/vec4 0, 0, 2;
    %ix/load 4, 0, 0;
    %flag_set/imm 4, 0;
    %store/vec4 v0x556fd443b720_0, 4, 2;
    %jmp T_12.17;
T_12.4 ;
    %load/vec4 v0x556fd443b640_0;
    %ix/load 4, 3, 0;
    %flag_set/imm 4, 0;
    %store/vec4 v0x556fd443b720_0, 4, 1;
    %pushi/vec4 0, 0, 3;
    %ix/load 4, 0, 0;
    %flag_set/imm 4, 0;
    %store/vec4 v0x556fd443b720_0, 4, 3;
    %jmp T_12.17;
T_12.5 ;
    %load/vec4 v0x556fd443b640_0;
    %ix/load 4, 4, 0;
    %flag_set/imm 4, 0;
    %store/vec4 v0x556fd443b720_0, 4, 1;
    %pushi/vec4 0, 0, 4;
    %ix/load 4, 0, 0;
    %flag_set/imm 4, 0;
    %store/vec4 v0x556fd443b720_0, 4, 4;
    %jmp T_12.17;
T_12.6 ;
    %load/vec4 v0x556fd443b640_0;
    %ix/load 4, 5, 0;
    %flag_set/imm 4, 0;
    %store/vec4 v0x556fd443b720_0, 4, 1;
    %pushi/vec4 0, 0, 5;
    %ix/load 4, 0, 0;
    %flag_set/imm 4, 0;
    %store/vec4 v0x556fd443b720_0, 4, 5;
    %jmp T_12.17;
T_12.7 ;
    %load/vec4 v0x556fd443b640_0;
    %ix/load 4, 6, 0;
    %flag_set/imm 4, 0;
    %store/vec4 v0x556fd443b720_0, 4, 1;
    %pushi/vec4 0, 0, 6;
    %ix/load 4, 0, 0;
    %flag_set/imm 4, 0;
    %store/vec4 v0x556fd443b720_0, 4, 6;
    %jmp T_12.17;
T_12.8 ;
    %load/vec4 v0x556fd443b640_0;
    %ix/load 4, 7, 0;
    %flag_set/imm 4, 0;
    %store/vec4 v0x556fd443b720_0, 4, 1;
    %pushi/vec4 0, 0, 7;
    %ix/load 4, 0, 0;
    %flag_set/imm 4, 0;
    %store/vec4 v0x556fd443b720_0, 4, 7;
    %jmp T_12.17;
T_12.9 ;
    %load/vec4 v0x556fd443b640_0;
    %ix/load 4, 8, 0;
    %flag_set/imm 4, 0;
    %store/vec4 v0x556fd443b720_0, 4, 1;
    %pushi/vec4 0, 0, 8;
    %ix/load 4, 0, 0;
    %flag_set/imm 4, 0;
    %store/vec4 v0x556fd443b720_0, 4, 8;
    %jmp T_12.17;
T_12.10 ;
    %load/vec4 v0x556fd443b640_0;
    %ix/load 4, 9, 0;
    %flag_set/imm 4, 0;
    %store/vec4 v0x556fd443b720_0, 4, 1;
    %pushi/vec4 0, 0, 9;
    %ix/load 4, 0, 0;
    %flag_set/imm 4, 0;
    %store/vec4 v0x556fd443b720_0, 4, 9;
    %jmp T_12.17;
T_12.11 ;
    %load/vec4 v0x556fd443b640_0;
    %ix/load 4, 10, 0;
    %flag_set/imm 4, 0;
    %store/vec4 v0x556fd443b720_0, 4, 1;
    %pushi/vec4 0, 0, 10;
    %ix/load 4, 0, 0;
    %flag_set/imm 4, 0;
    %store/vec4 v0x556fd443b720_0, 4, 10;
    %jmp T_12.17;
T_12.12 ;
    %load/vec4 v0x556fd443b640_0;
    %ix/load 4, 11, 0;
    %flag_set/imm 4, 0;
    %store/vec4 v0x556fd443b720_0, 4, 1;
    %pushi/vec4 0, 0, 11;
    %ix/load 4, 0, 0;
    %flag_set/imm 4, 0;
    %store/vec4 v0x556fd443b720_0, 4, 11;
    %jmp T_12.17;
T_12.13 ;
    %load/vec4 v0x556fd443b640_0;
    %ix/load 4, 12, 0;
    %flag_set/imm 4, 0;
    %store/vec4 v0x556fd443b720_0, 4, 1;
    %pushi/vec4 0, 0, 12;
    %ix/load 4, 0, 0;
    %flag_set/imm 4, 0;
    %store/vec4 v0x556fd443b720_0, 4, 12;
    %jmp T_12.17;
T_12.14 ;
    %load/vec4 v0x556fd443b640_0;
    %ix/load 4, 13, 0;
    %flag_set/imm 4, 0;
    %store/vec4 v0x556fd443b720_0, 4, 1;
    %pushi/vec4 0, 0, 13;
    %ix/load 4, 0, 0;
    %flag_set/imm 4, 0;
    %store/vec4 v0x556fd443b720_0, 4, 13;
    %jmp T_12.17;
T_12.15 ;
    %load/vec4 v0x556fd443b640_0;
    %ix/load 4, 14, 0;
    %flag_set/imm 4, 0;
    %store/vec4 v0x556fd443b720_0, 4, 1;
    %pushi/vec4 0, 0, 14;
    %ix/load 4, 0, 0;
    %flag_set/imm 4, 0;
    %store/vec4 v0x556fd443b720_0, 4, 14;
    %jmp T_12.17;
T_12.17 ;
    %pop/vec4 1;
    %jmp T_12;
    .thread T_12, $push;
    .scope S_0x556fd43ed160;
T_13 ;
    %wait E_0x556fd43b6ab0;
    %load/vec4 v0x556fd43fa480_0;
    %dup/vec4;
    %pushi/vec4 0, 0, 4;
    %cmp/u;
    %jmp/1 T_13.0, 6;
    %dup/vec4;
    %pushi/vec4 1, 0, 4;
    %cmp/u;
    %jmp/1 T_13.1, 6;
    %dup/vec4;
    %pushi/vec4 2, 0, 4;
    %cmp/u;
    %jmp/1 T_13.2, 6;
    %dup/vec4;
    %pushi/vec4 3, 0, 4;
    %cmp/u;
    %jmp/1 T_13.3, 6;
    %dup/vec4;
    %pushi/vec4 4, 0, 4;
    %cmp/u;
    %jmp/1 T_13.4, 6;
    %dup/vec4;
    %pushi/vec4 5, 0, 4;
    %cmp/u;
    %jmp/1 T_13.5, 6;
    %dup/vec4;
    %pushi/vec4 6, 0, 4;
    %cmp/u;
    %jmp/1 T_13.6, 6;
    %dup/vec4;
    %pushi/vec4 7, 0, 4;
    %cmp/u;
    %jmp/1 T_13.7, 6;
    %dup/vec4;
    %pushi/vec4 8, 0, 4;
    %cmp/u;
    %jmp/1 T_13.8, 6;
    %dup/vec4;
    %pushi/vec4 9, 0, 4;
    %cmp/u;
    %jmp/1 T_13.9, 6;
    %dup/vec4;
    %pushi/vec4 10, 0, 4;
    %cmp/u;
    %jmp/1 T_13.10, 6;
    %dup/vec4;
    %pushi/vec4 11, 0, 4;
    %cmp/u;
    %jmp/1 T_13.11, 6;
    %dup/vec4;
    %pushi/vec4 12, 0, 4;
    %cmp/u;
    %jmp/1 T_13.12, 6;
    %dup/vec4;
    %pushi/vec4 13, 0, 4;
    %cmp/u;
    %jmp/1 T_13.13, 6;
    %dup/vec4;
    %pushi/vec4 14, 0, 4;
    %cmp/u;
    %jmp/1 T_13.14, 6;
    %dup/vec4;
    %pushi/vec4 15, 0, 4;
    %cmp/u;
    %jmp/1 T_13.15, 6;
    %pushi/vec4 0, 0, 16;
    %store/vec4 v0x556fd43fa380_0, 0, 16;
    %jmp T_13.17;
T_13.0 ;
    %pushi/vec4 0, 0, 16;
    %store/vec4 v0x556fd43fa380_0, 0, 16;
    %jmp T_13.17;
T_13.1 ;
    %load/vec4 v0x556fd4420f00_0;
    %ix/load 4, 0, 0;
    %flag_set/imm 4, 0;
    %store/vec4 v0x556fd43fa380_0, 4, 1;
    %pushi/vec4 0, 0, 15;
    %ix/load 4, 1, 0;
    %flag_set/imm 4, 0;
    %store/vec4 v0x556fd43fa380_0, 4, 15;
    %jmp T_13.17;
T_13.2 ;
    %load/vec4 v0x556fd4420f00_0;
    %ix/load 4, 1, 0;
    %flag_set/imm 4, 0;
    %store/vec4 v0x556fd43fa380_0, 4, 1;
    %pushi/vec4 0, 0, 1;
    %ix/load 4, 0, 0;
    %flag_set/imm 4, 0;
    %store/vec4 v0x556fd43fa380_0, 4, 1;
    %jmp T_13.17;
T_13.3 ;
    %load/vec4 v0x556fd4420f00_0;
    %ix/load 4, 2, 0;
    %flag_set/imm 4, 0;
    %store/vec4 v0x556fd43fa380_0, 4, 1;
    %pushi/vec4 0, 0, 2;
    %ix/load 4, 0, 0;
    %flag_set/imm 4, 0;
    %store/vec4 v0x556fd43fa380_0, 4, 2;
    %jmp T_13.17;
T_13.4 ;
    %load/vec4 v0x556fd4420f00_0;
    %ix/load 4, 3, 0;
    %flag_set/imm 4, 0;
    %store/vec4 v0x556fd43fa380_0, 4, 1;
    %pushi/vec4 0, 0, 3;
    %ix/load 4, 0, 0;
    %flag_set/imm 4, 0;
    %store/vec4 v0x556fd43fa380_0, 4, 3;
    %jmp T_13.17;
T_13.5 ;
    %load/vec4 v0x556fd4420f00_0;
    %ix/load 4, 4, 0;
    %flag_set/imm 4, 0;
    %store/vec4 v0x556fd43fa380_0, 4, 1;
    %pushi/vec4 0, 0, 4;
    %ix/load 4, 0, 0;
    %flag_set/imm 4, 0;
    %store/vec4 v0x556fd43fa380_0, 4, 4;
    %jmp T_13.17;
T_13.6 ;
    %load/vec4 v0x556fd4420f00_0;
    %ix/load 4, 5, 0;
    %flag_set/imm 4, 0;
    %store/vec4 v0x556fd43fa380_0, 4, 1;
    %pushi/vec4 0, 0, 5;
    %ix/load 4, 0, 0;
    %flag_set/imm 4, 0;
    %store/vec4 v0x556fd43fa380_0, 4, 5;
    %jmp T_13.17;
T_13.7 ;
    %load/vec4 v0x556fd4420f00_0;
    %ix/load 4, 6, 0;
    %flag_set/imm 4, 0;
    %store/vec4 v0x556fd43fa380_0, 4, 1;
    %pushi/vec4 0, 0, 6;
    %ix/load 4, 0, 0;
    %flag_set/imm 4, 0;
    %store/vec4 v0x556fd43fa380_0, 4, 6;
    %jmp T_13.17;
T_13.8 ;
    %load/vec4 v0x556fd4420f00_0;
    %ix/load 4, 7, 0;
    %flag_set/imm 4, 0;
    %store/vec4 v0x556fd43fa380_0, 4, 1;
    %pushi/vec4 0, 0, 7;
    %ix/load 4, 0, 0;
    %flag_set/imm 4, 0;
    %store/vec4 v0x556fd43fa380_0, 4, 7;
    %jmp T_13.17;
T_13.9 ;
    %load/vec4 v0x556fd4420f00_0;
    %ix/load 4, 8, 0;
    %flag_set/imm 4, 0;
    %store/vec4 v0x556fd43fa380_0, 4, 1;
    %pushi/vec4 0, 0, 8;
    %ix/load 4, 0, 0;
    %flag_set/imm 4, 0;
    %store/vec4 v0x556fd43fa380_0, 4, 8;
    %jmp T_13.17;
T_13.10 ;
    %load/vec4 v0x556fd4420f00_0;
    %ix/load 4, 9, 0;
    %flag_set/imm 4, 0;
    %store/vec4 v0x556fd43fa380_0, 4, 1;
    %pushi/vec4 0, 0, 9;
    %ix/load 4, 0, 0;
    %flag_set/imm 4, 0;
    %store/vec4 v0x556fd43fa380_0, 4, 9;
    %jmp T_13.17;
T_13.11 ;
    %load/vec4 v0x556fd4420f00_0;
    %ix/load 4, 10, 0;
    %flag_set/imm 4, 0;
    %store/vec4 v0x556fd43fa380_0, 4, 1;
    %pushi/vec4 0, 0, 10;
    %ix/load 4, 0, 0;
    %flag_set/imm 4, 0;
    %store/vec4 v0x556fd43fa380_0, 4, 10;
    %jmp T_13.17;
T_13.12 ;
    %load/vec4 v0x556fd4420f00_0;
    %ix/load 4, 11, 0;
    %flag_set/imm 4, 0;
    %store/vec4 v0x556fd43fa380_0, 4, 1;
    %pushi/vec4 0, 0, 11;
    %ix/load 4, 0, 0;
    %flag_set/imm 4, 0;
    %store/vec4 v0x556fd43fa380_0, 4, 11;
    %jmp T_13.17;
T_13.13 ;
    %load/vec4 v0x556fd4420f00_0;
    %ix/load 4, 12, 0;
    %flag_set/imm 4, 0;
    %store/vec4 v0x556fd43fa380_0, 4, 1;
    %pushi/vec4 0, 0, 12;
    %ix/load 4, 0, 0;
    %flag_set/imm 4, 0;
    %store/vec4 v0x556fd43fa380_0, 4, 12;
    %jmp T_13.17;
T_13.14 ;
    %load/vec4 v0x556fd4420f00_0;
    %ix/load 4, 13, 0;
    %flag_set/imm 4, 0;
    %store/vec4 v0x556fd43fa380_0, 4, 1;
    %pushi/vec4 0, 0, 13;
    %ix/load 4, 0, 0;
    %flag_set/imm 4, 0;
    %store/vec4 v0x556fd43fa380_0, 4, 13;
    %jmp T_13.17;
T_13.15 ;
    %load/vec4 v0x556fd4420f00_0;
    %ix/load 4, 14, 0;
    %flag_set/imm 4, 0;
    %store/vec4 v0x556fd43fa380_0, 4, 1;
    %pushi/vec4 0, 0, 14;
    %ix/load 4, 0, 0;
    %flag_set/imm 4, 0;
    %store/vec4 v0x556fd43fa380_0, 4, 14;
    %jmp T_13.17;
T_13.17 ;
    %pop/vec4 1;
    %jmp T_13;
    .thread T_13, $push;
    .scope S_0x556fd443a420;
T_14 ;
    %wait E_0x556fd43b64f0;
    %load/vec4 v0x556fd443a880_0;
    %dup/vec4;
    %pushi/vec4 0, 0, 4;
    %cmp/u;
    %jmp/1 T_14.0, 6;
    %dup/vec4;
    %pushi/vec4 1, 0, 4;
    %cmp/u;
    %jmp/1 T_14.1, 6;
    %dup/vec4;
    %pushi/vec4 2, 0, 4;
    %cmp/u;
    %jmp/1 T_14.2, 6;
    %dup/vec4;
    %pushi/vec4 3, 0, 4;
    %cmp/u;
    %jmp/1 T_14.3, 6;
    %dup/vec4;
    %pushi/vec4 4, 0, 4;
    %cmp/u;
    %jmp/1 T_14.4, 6;
    %dup/vec4;
    %pushi/vec4 5, 0, 4;
    %cmp/u;
    %jmp/1 T_14.5, 6;
    %dup/vec4;
    %pushi/vec4 6, 0, 4;
    %cmp/u;
    %jmp/1 T_14.6, 6;
    %dup/vec4;
    %pushi/vec4 7, 0, 4;
    %cmp/u;
    %jmp/1 T_14.7, 6;
    %dup/vec4;
    %pushi/vec4 8, 0, 4;
    %cmp/u;
    %jmp/1 T_14.8, 6;
    %dup/vec4;
    %pushi/vec4 9, 0, 4;
    %cmp/u;
    %jmp/1 T_14.9, 6;
    %dup/vec4;
    %pushi/vec4 10, 0, 4;
    %cmp/u;
    %jmp/1 T_14.10, 6;
    %dup/vec4;
    %pushi/vec4 11, 0, 4;
    %cmp/u;
    %jmp/1 T_14.11, 6;
    %dup/vec4;
    %pushi/vec4 12, 0, 4;
    %cmp/u;
    %jmp/1 T_14.12, 6;
    %dup/vec4;
    %pushi/vec4 13, 0, 4;
    %cmp/u;
    %jmp/1 T_14.13, 6;
    %dup/vec4;
    %pushi/vec4 14, 0, 4;
    %cmp/u;
    %jmp/1 T_14.14, 6;
    %dup/vec4;
    %pushi/vec4 15, 0, 4;
    %cmp/u;
    %jmp/1 T_14.15, 6;
    %pushi/vec4 0, 0, 16;
    %store/vec4 v0x556fd443a770_0, 0, 16;
    %jmp T_14.17;
T_14.0 ;
    %pushi/vec4 0, 0, 16;
    %store/vec4 v0x556fd443a770_0, 0, 16;
    %jmp T_14.17;
T_14.1 ;
    %load/vec4 v0x556fd443a690_0;
    %ix/load 4, 0, 0;
    %flag_set/imm 4, 0;
    %store/vec4 v0x556fd443a770_0, 4, 1;
    %pushi/vec4 0, 0, 15;
    %ix/load 4, 1, 0;
    %flag_set/imm 4, 0;
    %store/vec4 v0x556fd443a770_0, 4, 15;
    %jmp T_14.17;
T_14.2 ;
    %load/vec4 v0x556fd443a690_0;
    %ix/load 4, 1, 0;
    %flag_set/imm 4, 0;
    %store/vec4 v0x556fd443a770_0, 4, 1;
    %pushi/vec4 0, 0, 1;
    %ix/load 4, 0, 0;
    %flag_set/imm 4, 0;
    %store/vec4 v0x556fd443a770_0, 4, 1;
    %jmp T_14.17;
T_14.3 ;
    %load/vec4 v0x556fd443a690_0;
    %ix/load 4, 2, 0;
    %flag_set/imm 4, 0;
    %store/vec4 v0x556fd443a770_0, 4, 1;
    %pushi/vec4 0, 0, 2;
    %ix/load 4, 0, 0;
    %flag_set/imm 4, 0;
    %store/vec4 v0x556fd443a770_0, 4, 2;
    %jmp T_14.17;
T_14.4 ;
    %load/vec4 v0x556fd443a690_0;
    %ix/load 4, 3, 0;
    %flag_set/imm 4, 0;
    %store/vec4 v0x556fd443a770_0, 4, 1;
    %pushi/vec4 0, 0, 3;
    %ix/load 4, 0, 0;
    %flag_set/imm 4, 0;
    %store/vec4 v0x556fd443a770_0, 4, 3;
    %jmp T_14.17;
T_14.5 ;
    %load/vec4 v0x556fd443a690_0;
    %ix/load 4, 4, 0;
    %flag_set/imm 4, 0;
    %store/vec4 v0x556fd443a770_0, 4, 1;
    %pushi/vec4 0, 0, 4;
    %ix/load 4, 0, 0;
    %flag_set/imm 4, 0;
    %store/vec4 v0x556fd443a770_0, 4, 4;
    %jmp T_14.17;
T_14.6 ;
    %load/vec4 v0x556fd443a690_0;
    %ix/load 4, 5, 0;
    %flag_set/imm 4, 0;
    %store/vec4 v0x556fd443a770_0, 4, 1;
    %pushi/vec4 0, 0, 5;
    %ix/load 4, 0, 0;
    %flag_set/imm 4, 0;
    %store/vec4 v0x556fd443a770_0, 4, 5;
    %jmp T_14.17;
T_14.7 ;
    %load/vec4 v0x556fd443a690_0;
    %ix/load 4, 6, 0;
    %flag_set/imm 4, 0;
    %store/vec4 v0x556fd443a770_0, 4, 1;
    %pushi/vec4 0, 0, 6;
    %ix/load 4, 0, 0;
    %flag_set/imm 4, 0;
    %store/vec4 v0x556fd443a770_0, 4, 6;
    %jmp T_14.17;
T_14.8 ;
    %load/vec4 v0x556fd443a690_0;
    %ix/load 4, 7, 0;
    %flag_set/imm 4, 0;
    %store/vec4 v0x556fd443a770_0, 4, 1;
    %pushi/vec4 0, 0, 7;
    %ix/load 4, 0, 0;
    %flag_set/imm 4, 0;
    %store/vec4 v0x556fd443a770_0, 4, 7;
    %jmp T_14.17;
T_14.9 ;
    %load/vec4 v0x556fd443a690_0;
    %ix/load 4, 8, 0;
    %flag_set/imm 4, 0;
    %store/vec4 v0x556fd443a770_0, 4, 1;
    %pushi/vec4 0, 0, 8;
    %ix/load 4, 0, 0;
    %flag_set/imm 4, 0;
    %store/vec4 v0x556fd443a770_0, 4, 8;
    %jmp T_14.17;
T_14.10 ;
    %load/vec4 v0x556fd443a690_0;
    %ix/load 4, 9, 0;
    %flag_set/imm 4, 0;
    %store/vec4 v0x556fd443a770_0, 4, 1;
    %pushi/vec4 0, 0, 9;
    %ix/load 4, 0, 0;
    %flag_set/imm 4, 0;
    %store/vec4 v0x556fd443a770_0, 4, 9;
    %jmp T_14.17;
T_14.11 ;
    %load/vec4 v0x556fd443a690_0;
    %ix/load 4, 10, 0;
    %flag_set/imm 4, 0;
    %store/vec4 v0x556fd443a770_0, 4, 1;
    %pushi/vec4 0, 0, 10;
    %ix/load 4, 0, 0;
    %flag_set/imm 4, 0;
    %store/vec4 v0x556fd443a770_0, 4, 10;
    %jmp T_14.17;
T_14.12 ;
    %load/vec4 v0x556fd443a690_0;
    %ix/load 4, 11, 0;
    %flag_set/imm 4, 0;
    %store/vec4 v0x556fd443a770_0, 4, 1;
    %pushi/vec4 0, 0, 11;
    %ix/load 4, 0, 0;
    %flag_set/imm 4, 0;
    %store/vec4 v0x556fd443a770_0, 4, 11;
    %jmp T_14.17;
T_14.13 ;
    %load/vec4 v0x556fd443a690_0;
    %ix/load 4, 12, 0;
    %flag_set/imm 4, 0;
    %store/vec4 v0x556fd443a770_0, 4, 1;
    %pushi/vec4 0, 0, 12;
    %ix/load 4, 0, 0;
    %flag_set/imm 4, 0;
    %store/vec4 v0x556fd443a770_0, 4, 12;
    %jmp T_14.17;
T_14.14 ;
    %load/vec4 v0x556fd443a690_0;
    %ix/load 4, 13, 0;
    %flag_set/imm 4, 0;
    %store/vec4 v0x556fd443a770_0, 4, 1;
    %pushi/vec4 0, 0, 13;
    %ix/load 4, 0, 0;
    %flag_set/imm 4, 0;
    %store/vec4 v0x556fd443a770_0, 4, 13;
    %jmp T_14.17;
T_14.15 ;
    %load/vec4 v0x556fd443a690_0;
    %ix/load 4, 14, 0;
    %flag_set/imm 4, 0;
    %store/vec4 v0x556fd443a770_0, 4, 1;
    %pushi/vec4 0, 0, 14;
    %ix/load 4, 0, 0;
    %flag_set/imm 4, 0;
    %store/vec4 v0x556fd443a770_0, 4, 14;
    %jmp T_14.17;
T_14.17 ;
    %pop/vec4 1;
    %jmp T_14;
    .thread T_14, $push;
    .scope S_0x556fd4439f40;
T_15 ;
    %wait E_0x556fd43b6ca0;
    %load/vec4 v0x556fd443a340_0;
    %dup/vec4;
    %pushi/vec4 0, 0, 4;
    %cmp/u;
    %jmp/1 T_15.0, 6;
    %dup/vec4;
    %pushi/vec4 1, 0, 4;
    %cmp/u;
    %jmp/1 T_15.1, 6;
    %dup/vec4;
    %pushi/vec4 2, 0, 4;
    %cmp/u;
    %jmp/1 T_15.2, 6;
    %dup/vec4;
    %pushi/vec4 3, 0, 4;
    %cmp/u;
    %jmp/1 T_15.3, 6;
    %dup/vec4;
    %pushi/vec4 4, 0, 4;
    %cmp/u;
    %jmp/1 T_15.4, 6;
    %dup/vec4;
    %pushi/vec4 5, 0, 4;
    %cmp/u;
    %jmp/1 T_15.5, 6;
    %dup/vec4;
    %pushi/vec4 6, 0, 4;
    %cmp/u;
    %jmp/1 T_15.6, 6;
    %dup/vec4;
    %pushi/vec4 7, 0, 4;
    %cmp/u;
    %jmp/1 T_15.7, 6;
    %dup/vec4;
    %pushi/vec4 8, 0, 4;
    %cmp/u;
    %jmp/1 T_15.8, 6;
    %dup/vec4;
    %pushi/vec4 9, 0, 4;
    %cmp/u;
    %jmp/1 T_15.9, 6;
    %dup/vec4;
    %pushi/vec4 10, 0, 4;
    %cmp/u;
    %jmp/1 T_15.10, 6;
    %dup/vec4;
    %pushi/vec4 11, 0, 4;
    %cmp/u;
    %jmp/1 T_15.11, 6;
    %dup/vec4;
    %pushi/vec4 12, 0, 4;
    %cmp/u;
    %jmp/1 T_15.12, 6;
    %dup/vec4;
    %pushi/vec4 13, 0, 4;
    %cmp/u;
    %jmp/1 T_15.13, 6;
    %dup/vec4;
    %pushi/vec4 14, 0, 4;
    %cmp/u;
    %jmp/1 T_15.14, 6;
    %dup/vec4;
    %pushi/vec4 15, 0, 4;
    %cmp/u;
    %jmp/1 T_15.15, 6;
    %pushi/vec4 0, 0, 16;
    %store/vec4 v0x556fd443a280_0, 0, 16;
    %jmp T_15.17;
T_15.0 ;
    %pushi/vec4 0, 0, 16;
    %store/vec4 v0x556fd443a280_0, 0, 16;
    %jmp T_15.17;
T_15.1 ;
    %load/vec4 v0x556fd443a1a0_0;
    %ix/load 4, 0, 0;
    %flag_set/imm 4, 0;
    %store/vec4 v0x556fd443a280_0, 4, 1;
    %pushi/vec4 0, 0, 15;
    %ix/load 4, 1, 0;
    %flag_set/imm 4, 0;
    %store/vec4 v0x556fd443a280_0, 4, 15;
    %jmp T_15.17;
T_15.2 ;
    %load/vec4 v0x556fd443a1a0_0;
    %ix/load 4, 1, 0;
    %flag_set/imm 4, 0;
    %store/vec4 v0x556fd443a280_0, 4, 1;
    %pushi/vec4 0, 0, 1;
    %ix/load 4, 0, 0;
    %flag_set/imm 4, 0;
    %store/vec4 v0x556fd443a280_0, 4, 1;
    %jmp T_15.17;
T_15.3 ;
    %load/vec4 v0x556fd443a1a0_0;
    %ix/load 4, 2, 0;
    %flag_set/imm 4, 0;
    %store/vec4 v0x556fd443a280_0, 4, 1;
    %pushi/vec4 0, 0, 2;
    %ix/load 4, 0, 0;
    %flag_set/imm 4, 0;
    %store/vec4 v0x556fd443a280_0, 4, 2;
    %jmp T_15.17;
T_15.4 ;
    %load/vec4 v0x556fd443a1a0_0;
    %ix/load 4, 3, 0;
    %flag_set/imm 4, 0;
    %store/vec4 v0x556fd443a280_0, 4, 1;
    %pushi/vec4 0, 0, 3;
    %ix/load 4, 0, 0;
    %flag_set/imm 4, 0;
    %store/vec4 v0x556fd443a280_0, 4, 3;
    %jmp T_15.17;
T_15.5 ;
    %load/vec4 v0x556fd443a1a0_0;
    %ix/load 4, 4, 0;
    %flag_set/imm 4, 0;
    %store/vec4 v0x556fd443a280_0, 4, 1;
    %pushi/vec4 0, 0, 4;
    %ix/load 4, 0, 0;
    %flag_set/imm 4, 0;
    %store/vec4 v0x556fd443a280_0, 4, 4;
    %jmp T_15.17;
T_15.6 ;
    %load/vec4 v0x556fd443a1a0_0;
    %ix/load 4, 5, 0;
    %flag_set/imm 4, 0;
    %store/vec4 v0x556fd443a280_0, 4, 1;
    %pushi/vec4 0, 0, 5;
    %ix/load 4, 0, 0;
    %flag_set/imm 4, 0;
    %store/vec4 v0x556fd443a280_0, 4, 5;
    %jmp T_15.17;
T_15.7 ;
    %load/vec4 v0x556fd443a1a0_0;
    %ix/load 4, 6, 0;
    %flag_set/imm 4, 0;
    %store/vec4 v0x556fd443a280_0, 4, 1;
    %pushi/vec4 0, 0, 6;
    %ix/load 4, 0, 0;
    %flag_set/imm 4, 0;
    %store/vec4 v0x556fd443a280_0, 4, 6;
    %jmp T_15.17;
T_15.8 ;
    %load/vec4 v0x556fd443a1a0_0;
    %ix/load 4, 7, 0;
    %flag_set/imm 4, 0;
    %store/vec4 v0x556fd443a280_0, 4, 1;
    %pushi/vec4 0, 0, 7;
    %ix/load 4, 0, 0;
    %flag_set/imm 4, 0;
    %store/vec4 v0x556fd443a280_0, 4, 7;
    %jmp T_15.17;
T_15.9 ;
    %load/vec4 v0x556fd443a1a0_0;
    %ix/load 4, 8, 0;
    %flag_set/imm 4, 0;
    %store/vec4 v0x556fd443a280_0, 4, 1;
    %pushi/vec4 0, 0, 8;
    %ix/load 4, 0, 0;
    %flag_set/imm 4, 0;
    %store/vec4 v0x556fd443a280_0, 4, 8;
    %jmp T_15.17;
T_15.10 ;
    %load/vec4 v0x556fd443a1a0_0;
    %ix/load 4, 9, 0;
    %flag_set/imm 4, 0;
    %store/vec4 v0x556fd443a280_0, 4, 1;
    %pushi/vec4 0, 0, 9;
    %ix/load 4, 0, 0;
    %flag_set/imm 4, 0;
    %store/vec4 v0x556fd443a280_0, 4, 9;
    %jmp T_15.17;
T_15.11 ;
    %load/vec4 v0x556fd443a1a0_0;
    %ix/load 4, 10, 0;
    %flag_set/imm 4, 0;
    %store/vec4 v0x556fd443a280_0, 4, 1;
    %pushi/vec4 0, 0, 10;
    %ix/load 4, 0, 0;
    %flag_set/imm 4, 0;
    %store/vec4 v0x556fd443a280_0, 4, 10;
    %jmp T_15.17;
T_15.12 ;
    %load/vec4 v0x556fd443a1a0_0;
    %ix/load 4, 11, 0;
    %flag_set/imm 4, 0;
    %store/vec4 v0x556fd443a280_0, 4, 1;
    %pushi/vec4 0, 0, 11;
    %ix/load 4, 0, 0;
    %flag_set/imm 4, 0;
    %store/vec4 v0x556fd443a280_0, 4, 11;
    %jmp T_15.17;
T_15.13 ;
    %load/vec4 v0x556fd443a1a0_0;
    %ix/load 4, 12, 0;
    %flag_set/imm 4, 0;
    %store/vec4 v0x556fd443a280_0, 4, 1;
    %pushi/vec4 0, 0, 12;
    %ix/load 4, 0, 0;
    %flag_set/imm 4, 0;
    %store/vec4 v0x556fd443a280_0, 4, 12;
    %jmp T_15.17;
T_15.14 ;
    %load/vec4 v0x556fd443a1a0_0;
    %ix/load 4, 13, 0;
    %flag_set/imm 4, 0;
    %store/vec4 v0x556fd443a280_0, 4, 1;
    %pushi/vec4 0, 0, 13;
    %ix/load 4, 0, 0;
    %flag_set/imm 4, 0;
    %store/vec4 v0x556fd443a280_0, 4, 13;
    %jmp T_15.17;
T_15.15 ;
    %load/vec4 v0x556fd443a1a0_0;
    %ix/load 4, 14, 0;
    %flag_set/imm 4, 0;
    %store/vec4 v0x556fd443a280_0, 4, 1;
    %pushi/vec4 0, 0, 14;
    %ix/load 4, 0, 0;
    %flag_set/imm 4, 0;
    %store/vec4 v0x556fd443a280_0, 4, 14;
    %jmp T_15.17;
T_15.17 ;
    %pop/vec4 1;
    %jmp T_15;
    .thread T_15, $push;
    .scope S_0x556fd443a9f0;
T_16 ;
    %wait E_0x556fd43b6600;
    %load/vec4 v0x556fd443adf0_0;
    %dup/vec4;
    %pushi/vec4 0, 0, 4;
    %cmp/u;
    %jmp/1 T_16.0, 6;
    %dup/vec4;
    %pushi/vec4 1, 0, 4;
    %cmp/u;
    %jmp/1 T_16.1, 6;
    %dup/vec4;
    %pushi/vec4 2, 0, 4;
    %cmp/u;
    %jmp/1 T_16.2, 6;
    %dup/vec4;
    %pushi/vec4 3, 0, 4;
    %cmp/u;
    %jmp/1 T_16.3, 6;
    %dup/vec4;
    %pushi/vec4 4, 0, 4;
    %cmp/u;
    %jmp/1 T_16.4, 6;
    %dup/vec4;
    %pushi/vec4 5, 0, 4;
    %cmp/u;
    %jmp/1 T_16.5, 6;
    %dup/vec4;
    %pushi/vec4 6, 0, 4;
    %cmp/u;
    %jmp/1 T_16.6, 6;
    %dup/vec4;
    %pushi/vec4 7, 0, 4;
    %cmp/u;
    %jmp/1 T_16.7, 6;
    %dup/vec4;
    %pushi/vec4 8, 0, 4;
    %cmp/u;
    %jmp/1 T_16.8, 6;
    %dup/vec4;
    %pushi/vec4 9, 0, 4;
    %cmp/u;
    %jmp/1 T_16.9, 6;
    %dup/vec4;
    %pushi/vec4 10, 0, 4;
    %cmp/u;
    %jmp/1 T_16.10, 6;
    %dup/vec4;
    %pushi/vec4 11, 0, 4;
    %cmp/u;
    %jmp/1 T_16.11, 6;
    %dup/vec4;
    %pushi/vec4 12, 0, 4;
    %cmp/u;
    %jmp/1 T_16.12, 6;
    %dup/vec4;
    %pushi/vec4 13, 0, 4;
    %cmp/u;
    %jmp/1 T_16.13, 6;
    %dup/vec4;
    %pushi/vec4 14, 0, 4;
    %cmp/u;
    %jmp/1 T_16.14, 6;
    %dup/vec4;
    %pushi/vec4 15, 0, 4;
    %cmp/u;
    %jmp/1 T_16.15, 6;
    %pushi/vec4 0, 0, 16;
    %store/vec4 v0x556fd443ad30_0, 0, 16;
    %jmp T_16.17;
T_16.0 ;
    %pushi/vec4 0, 0, 16;
    %store/vec4 v0x556fd443ad30_0, 0, 16;
    %jmp T_16.17;
T_16.1 ;
    %load/vec4 v0x556fd443ac50_0;
    %ix/load 4, 0, 0;
    %flag_set/imm 4, 0;
    %store/vec4 v0x556fd443ad30_0, 4, 1;
    %pushi/vec4 0, 0, 15;
    %ix/load 4, 1, 0;
    %flag_set/imm 4, 0;
    %store/vec4 v0x556fd443ad30_0, 4, 15;
    %jmp T_16.17;
T_16.2 ;
    %load/vec4 v0x556fd443ac50_0;
    %ix/load 4, 1, 0;
    %flag_set/imm 4, 0;
    %store/vec4 v0x556fd443ad30_0, 4, 1;
    %pushi/vec4 0, 0, 1;
    %ix/load 4, 0, 0;
    %flag_set/imm 4, 0;
    %store/vec4 v0x556fd443ad30_0, 4, 1;
    %jmp T_16.17;
T_16.3 ;
    %load/vec4 v0x556fd443ac50_0;
    %ix/load 4, 2, 0;
    %flag_set/imm 4, 0;
    %store/vec4 v0x556fd443ad30_0, 4, 1;
    %pushi/vec4 0, 0, 2;
    %ix/load 4, 0, 0;
    %flag_set/imm 4, 0;
    %store/vec4 v0x556fd443ad30_0, 4, 2;
    %jmp T_16.17;
T_16.4 ;
    %load/vec4 v0x556fd443ac50_0;
    %ix/load 4, 3, 0;
    %flag_set/imm 4, 0;
    %store/vec4 v0x556fd443ad30_0, 4, 1;
    %pushi/vec4 0, 0, 3;
    %ix/load 4, 0, 0;
    %flag_set/imm 4, 0;
    %store/vec4 v0x556fd443ad30_0, 4, 3;
    %jmp T_16.17;
T_16.5 ;
    %load/vec4 v0x556fd443ac50_0;
    %ix/load 4, 4, 0;
    %flag_set/imm 4, 0;
    %store/vec4 v0x556fd443ad30_0, 4, 1;
    %pushi/vec4 0, 0, 4;
    %ix/load 4, 0, 0;
    %flag_set/imm 4, 0;
    %store/vec4 v0x556fd443ad30_0, 4, 4;
    %jmp T_16.17;
T_16.6 ;
    %load/vec4 v0x556fd443ac50_0;
    %ix/load 4, 5, 0;
    %flag_set/imm 4, 0;
    %store/vec4 v0x556fd443ad30_0, 4, 1;
    %pushi/vec4 0, 0, 5;
    %ix/load 4, 0, 0;
    %flag_set/imm 4, 0;
    %store/vec4 v0x556fd443ad30_0, 4, 5;
    %jmp T_16.17;
T_16.7 ;
    %load/vec4 v0x556fd443ac50_0;
    %ix/load 4, 6, 0;
    %flag_set/imm 4, 0;
    %store/vec4 v0x556fd443ad30_0, 4, 1;
    %pushi/vec4 0, 0, 6;
    %ix/load 4, 0, 0;
    %flag_set/imm 4, 0;
    %store/vec4 v0x556fd443ad30_0, 4, 6;
    %jmp T_16.17;
T_16.8 ;
    %load/vec4 v0x556fd443ac50_0;
    %ix/load 4, 7, 0;
    %flag_set/imm 4, 0;
    %store/vec4 v0x556fd443ad30_0, 4, 1;
    %pushi/vec4 0, 0, 7;
    %ix/load 4, 0, 0;
    %flag_set/imm 4, 0;
    %store/vec4 v0x556fd443ad30_0, 4, 7;
    %jmp T_16.17;
T_16.9 ;
    %load/vec4 v0x556fd443ac50_0;
    %ix/load 4, 8, 0;
    %flag_set/imm 4, 0;
    %store/vec4 v0x556fd443ad30_0, 4, 1;
    %pushi/vec4 0, 0, 8;
    %ix/load 4, 0, 0;
    %flag_set/imm 4, 0;
    %store/vec4 v0x556fd443ad30_0, 4, 8;
    %jmp T_16.17;
T_16.10 ;
    %load/vec4 v0x556fd443ac50_0;
    %ix/load 4, 9, 0;
    %flag_set/imm 4, 0;
    %store/vec4 v0x556fd443ad30_0, 4, 1;
    %pushi/vec4 0, 0, 9;
    %ix/load 4, 0, 0;
    %flag_set/imm 4, 0;
    %store/vec4 v0x556fd443ad30_0, 4, 9;
    %jmp T_16.17;
T_16.11 ;
    %load/vec4 v0x556fd443ac50_0;
    %ix/load 4, 10, 0;
    %flag_set/imm 4, 0;
    %store/vec4 v0x556fd443ad30_0, 4, 1;
    %pushi/vec4 0, 0, 10;
    %ix/load 4, 0, 0;
    %flag_set/imm 4, 0;
    %store/vec4 v0x556fd443ad30_0, 4, 10;
    %jmp T_16.17;
T_16.12 ;
    %load/vec4 v0x556fd443ac50_0;
    %ix/load 4, 11, 0;
    %flag_set/imm 4, 0;
    %store/vec4 v0x556fd443ad30_0, 4, 1;
    %pushi/vec4 0, 0, 11;
    %ix/load 4, 0, 0;
    %flag_set/imm 4, 0;
    %store/vec4 v0x556fd443ad30_0, 4, 11;
    %jmp T_16.17;
T_16.13 ;
    %load/vec4 v0x556fd443ac50_0;
    %ix/load 4, 12, 0;
    %flag_set/imm 4, 0;
    %store/vec4 v0x556fd443ad30_0, 4, 1;
    %pushi/vec4 0, 0, 12;
    %ix/load 4, 0, 0;
    %flag_set/imm 4, 0;
    %store/vec4 v0x556fd443ad30_0, 4, 12;
    %jmp T_16.17;
T_16.14 ;
    %load/vec4 v0x556fd443ac50_0;
    %ix/load 4, 13, 0;
    %flag_set/imm 4, 0;
    %store/vec4 v0x556fd443ad30_0, 4, 1;
    %pushi/vec4 0, 0, 13;
    %ix/load 4, 0, 0;
    %flag_set/imm 4, 0;
    %store/vec4 v0x556fd443ad30_0, 4, 13;
    %jmp T_16.17;
T_16.15 ;
    %load/vec4 v0x556fd443ac50_0;
    %ix/load 4, 14, 0;
    %flag_set/imm 4, 0;
    %store/vec4 v0x556fd443ad30_0, 4, 1;
    %pushi/vec4 0, 0, 14;
    %ix/load 4, 0, 0;
    %flag_set/imm 4, 0;
    %store/vec4 v0x556fd443ad30_0, 4, 14;
    %jmp T_16.17;
T_16.17 ;
    %pop/vec4 1;
    %jmp T_16;
    .thread T_16, $push;
    .scope S_0x556fd443bec0;
T_17 ;
    %wait E_0x556fd443c0e0;
    %load/vec4 v0x556fd443c300_0;
    %dup/vec4;
    %pushi/vec4 0, 0, 4;
    %cmp/u;
    %jmp/1 T_17.0, 6;
    %dup/vec4;
    %pushi/vec4 1, 0, 4;
    %cmp/u;
    %jmp/1 T_17.1, 6;
    %dup/vec4;
    %pushi/vec4 2, 0, 4;
    %cmp/u;
    %jmp/1 T_17.2, 6;
    %dup/vec4;
    %pushi/vec4 3, 0, 4;
    %cmp/u;
    %jmp/1 T_17.3, 6;
    %dup/vec4;
    %pushi/vec4 4, 0, 4;
    %cmp/u;
    %jmp/1 T_17.4, 6;
    %dup/vec4;
    %pushi/vec4 5, 0, 4;
    %cmp/u;
    %jmp/1 T_17.5, 6;
    %dup/vec4;
    %pushi/vec4 6, 0, 4;
    %cmp/u;
    %jmp/1 T_17.6, 6;
    %dup/vec4;
    %pushi/vec4 7, 0, 4;
    %cmp/u;
    %jmp/1 T_17.7, 6;
    %dup/vec4;
    %pushi/vec4 8, 0, 4;
    %cmp/u;
    %jmp/1 T_17.8, 6;
    %dup/vec4;
    %pushi/vec4 9, 0, 4;
    %cmp/u;
    %jmp/1 T_17.9, 6;
    %dup/vec4;
    %pushi/vec4 10, 0, 4;
    %cmp/u;
    %jmp/1 T_17.10, 6;
    %dup/vec4;
    %pushi/vec4 11, 0, 4;
    %cmp/u;
    %jmp/1 T_17.11, 6;
    %dup/vec4;
    %pushi/vec4 12, 0, 4;
    %cmp/u;
    %jmp/1 T_17.12, 6;
    %dup/vec4;
    %pushi/vec4 13, 0, 4;
    %cmp/u;
    %jmp/1 T_17.13, 6;
    %dup/vec4;
    %pushi/vec4 14, 0, 4;
    %cmp/u;
    %jmp/1 T_17.14, 6;
    %dup/vec4;
    %pushi/vec4 15, 0, 4;
    %cmp/u;
    %jmp/1 T_17.15, 6;
    %pushi/vec4 0, 0, 16;
    %store/vec4 v0x556fd443c240_0, 0, 16;
    %jmp T_17.17;
T_17.0 ;
    %pushi/vec4 0, 0, 16;
    %store/vec4 v0x556fd443c240_0, 0, 16;
    %jmp T_17.17;
T_17.1 ;
    %load/vec4 v0x556fd443c160_0;
    %ix/load 4, 0, 0;
    %flag_set/imm 4, 0;
    %store/vec4 v0x556fd443c240_0, 4, 1;
    %pushi/vec4 0, 0, 15;
    %ix/load 4, 1, 0;
    %flag_set/imm 4, 0;
    %store/vec4 v0x556fd443c240_0, 4, 15;
    %jmp T_17.17;
T_17.2 ;
    %load/vec4 v0x556fd443c160_0;
    %ix/load 4, 1, 0;
    %flag_set/imm 4, 0;
    %store/vec4 v0x556fd443c240_0, 4, 1;
    %pushi/vec4 0, 0, 1;
    %ix/load 4, 0, 0;
    %flag_set/imm 4, 0;
    %store/vec4 v0x556fd443c240_0, 4, 1;
    %jmp T_17.17;
T_17.3 ;
    %load/vec4 v0x556fd443c160_0;
    %ix/load 4, 2, 0;
    %flag_set/imm 4, 0;
    %store/vec4 v0x556fd443c240_0, 4, 1;
    %pushi/vec4 0, 0, 2;
    %ix/load 4, 0, 0;
    %flag_set/imm 4, 0;
    %store/vec4 v0x556fd443c240_0, 4, 2;
    %jmp T_17.17;
T_17.4 ;
    %load/vec4 v0x556fd443c160_0;
    %ix/load 4, 3, 0;
    %flag_set/imm 4, 0;
    %store/vec4 v0x556fd443c240_0, 4, 1;
    %pushi/vec4 0, 0, 3;
    %ix/load 4, 0, 0;
    %flag_set/imm 4, 0;
    %store/vec4 v0x556fd443c240_0, 4, 3;
    %jmp T_17.17;
T_17.5 ;
    %load/vec4 v0x556fd443c160_0;
    %ix/load 4, 4, 0;
    %flag_set/imm 4, 0;
    %store/vec4 v0x556fd443c240_0, 4, 1;
    %pushi/vec4 0, 0, 4;
    %ix/load 4, 0, 0;
    %flag_set/imm 4, 0;
    %store/vec4 v0x556fd443c240_0, 4, 4;
    %jmp T_17.17;
T_17.6 ;
    %load/vec4 v0x556fd443c160_0;
    %ix/load 4, 5, 0;
    %flag_set/imm 4, 0;
    %store/vec4 v0x556fd443c240_0, 4, 1;
    %pushi/vec4 0, 0, 5;
    %ix/load 4, 0, 0;
    %flag_set/imm 4, 0;
    %store/vec4 v0x556fd443c240_0, 4, 5;
    %jmp T_17.17;
T_17.7 ;
    %load/vec4 v0x556fd443c160_0;
    %ix/load 4, 6, 0;
    %flag_set/imm 4, 0;
    %store/vec4 v0x556fd443c240_0, 4, 1;
    %pushi/vec4 0, 0, 6;
    %ix/load 4, 0, 0;
    %flag_set/imm 4, 0;
    %store/vec4 v0x556fd443c240_0, 4, 6;
    %jmp T_17.17;
T_17.8 ;
    %load/vec4 v0x556fd443c160_0;
    %ix/load 4, 7, 0;
    %flag_set/imm 4, 0;
    %store/vec4 v0x556fd443c240_0, 4, 1;
    %pushi/vec4 0, 0, 7;
    %ix/load 4, 0, 0;
    %flag_set/imm 4, 0;
    %store/vec4 v0x556fd443c240_0, 4, 7;
    %jmp T_17.17;
T_17.9 ;
    %load/vec4 v0x556fd443c160_0;
    %ix/load 4, 8, 0;
    %flag_set/imm 4, 0;
    %store/vec4 v0x556fd443c240_0, 4, 1;
    %pushi/vec4 0, 0, 8;
    %ix/load 4, 0, 0;
    %flag_set/imm 4, 0;
    %store/vec4 v0x556fd443c240_0, 4, 8;
    %jmp T_17.17;
T_17.10 ;
    %load/vec4 v0x556fd443c160_0;
    %ix/load 4, 9, 0;
    %flag_set/imm 4, 0;
    %store/vec4 v0x556fd443c240_0, 4, 1;
    %pushi/vec4 0, 0, 9;
    %ix/load 4, 0, 0;
    %flag_set/imm 4, 0;
    %store/vec4 v0x556fd443c240_0, 4, 9;
    %jmp T_17.17;
T_17.11 ;
    %load/vec4 v0x556fd443c160_0;
    %ix/load 4, 10, 0;
    %flag_set/imm 4, 0;
    %store/vec4 v0x556fd443c240_0, 4, 1;
    %pushi/vec4 0, 0, 10;
    %ix/load 4, 0, 0;
    %flag_set/imm 4, 0;
    %store/vec4 v0x556fd443c240_0, 4, 10;
    %jmp T_17.17;
T_17.12 ;
    %load/vec4 v0x556fd443c160_0;
    %ix/load 4, 11, 0;
    %flag_set/imm 4, 0;
    %store/vec4 v0x556fd443c240_0, 4, 1;
    %pushi/vec4 0, 0, 11;
    %ix/load 4, 0, 0;
    %flag_set/imm 4, 0;
    %store/vec4 v0x556fd443c240_0, 4, 11;
    %jmp T_17.17;
T_17.13 ;
    %load/vec4 v0x556fd443c160_0;
    %ix/load 4, 12, 0;
    %flag_set/imm 4, 0;
    %store/vec4 v0x556fd443c240_0, 4, 1;
    %pushi/vec4 0, 0, 12;
    %ix/load 4, 0, 0;
    %flag_set/imm 4, 0;
    %store/vec4 v0x556fd443c240_0, 4, 12;
    %jmp T_17.17;
T_17.14 ;
    %load/vec4 v0x556fd443c160_0;
    %ix/load 4, 13, 0;
    %flag_set/imm 4, 0;
    %store/vec4 v0x556fd443c240_0, 4, 1;
    %pushi/vec4 0, 0, 13;
    %ix/load 4, 0, 0;
    %flag_set/imm 4, 0;
    %store/vec4 v0x556fd443c240_0, 4, 13;
    %jmp T_17.17;
T_17.15 ;
    %load/vec4 v0x556fd443c160_0;
    %ix/load 4, 14, 0;
    %flag_set/imm 4, 0;
    %store/vec4 v0x556fd443c240_0, 4, 1;
    %pushi/vec4 0, 0, 14;
    %ix/load 4, 0, 0;
    %flag_set/imm 4, 0;
    %store/vec4 v0x556fd443c240_0, 4, 14;
    %jmp T_17.17;
T_17.17 ;
    %pop/vec4 1;
    %jmp T_17;
    .thread T_17, $push;
    .scope S_0x556fd443b930;
T_18 ;
    %wait E_0x556fd443bb50;
    %load/vec4 v0x556fd443bd70_0;
    %dup/vec4;
    %pushi/vec4 0, 0, 4;
    %cmp/u;
    %jmp/1 T_18.0, 6;
    %dup/vec4;
    %pushi/vec4 1, 0, 4;
    %cmp/u;
    %jmp/1 T_18.1, 6;
    %dup/vec4;
    %pushi/vec4 2, 0, 4;
    %cmp/u;
    %jmp/1 T_18.2, 6;
    %dup/vec4;
    %pushi/vec4 3, 0, 4;
    %cmp/u;
    %jmp/1 T_18.3, 6;
    %dup/vec4;
    %pushi/vec4 4, 0, 4;
    %cmp/u;
    %jmp/1 T_18.4, 6;
    %dup/vec4;
    %pushi/vec4 5, 0, 4;
    %cmp/u;
    %jmp/1 T_18.5, 6;
    %dup/vec4;
    %pushi/vec4 6, 0, 4;
    %cmp/u;
    %jmp/1 T_18.6, 6;
    %dup/vec4;
    %pushi/vec4 7, 0, 4;
    %cmp/u;
    %jmp/1 T_18.7, 6;
    %dup/vec4;
    %pushi/vec4 8, 0, 4;
    %cmp/u;
    %jmp/1 T_18.8, 6;
    %dup/vec4;
    %pushi/vec4 9, 0, 4;
    %cmp/u;
    %jmp/1 T_18.9, 6;
    %dup/vec4;
    %pushi/vec4 10, 0, 4;
    %cmp/u;
    %jmp/1 T_18.10, 6;
    %dup/vec4;
    %pushi/vec4 11, 0, 4;
    %cmp/u;
    %jmp/1 T_18.11, 6;
    %dup/vec4;
    %pushi/vec4 12, 0, 4;
    %cmp/u;
    %jmp/1 T_18.12, 6;
    %dup/vec4;
    %pushi/vec4 13, 0, 4;
    %cmp/u;
    %jmp/1 T_18.13, 6;
    %dup/vec4;
    %pushi/vec4 14, 0, 4;
    %cmp/u;
    %jmp/1 T_18.14, 6;
    %dup/vec4;
    %pushi/vec4 15, 0, 4;
    %cmp/u;
    %jmp/1 T_18.15, 6;
    %pushi/vec4 0, 0, 16;
    %store/vec4 v0x556fd443bcb0_0, 0, 16;
    %jmp T_18.17;
T_18.0 ;
    %pushi/vec4 0, 0, 16;
    %store/vec4 v0x556fd443bcb0_0, 0, 16;
    %jmp T_18.17;
T_18.1 ;
    %load/vec4 v0x556fd443bbd0_0;
    %ix/load 4, 0, 0;
    %flag_set/imm 4, 0;
    %store/vec4 v0x556fd443bcb0_0, 4, 1;
    %pushi/vec4 0, 0, 15;
    %ix/load 4, 1, 0;
    %flag_set/imm 4, 0;
    %store/vec4 v0x556fd443bcb0_0, 4, 15;
    %jmp T_18.17;
T_18.2 ;
    %load/vec4 v0x556fd443bbd0_0;
    %ix/load 4, 1, 0;
    %flag_set/imm 4, 0;
    %store/vec4 v0x556fd443bcb0_0, 4, 1;
    %pushi/vec4 0, 0, 1;
    %ix/load 4, 0, 0;
    %flag_set/imm 4, 0;
    %store/vec4 v0x556fd443bcb0_0, 4, 1;
    %jmp T_18.17;
T_18.3 ;
    %load/vec4 v0x556fd443bbd0_0;
    %ix/load 4, 2, 0;
    %flag_set/imm 4, 0;
    %store/vec4 v0x556fd443bcb0_0, 4, 1;
    %pushi/vec4 0, 0, 2;
    %ix/load 4, 0, 0;
    %flag_set/imm 4, 0;
    %store/vec4 v0x556fd443bcb0_0, 4, 2;
    %jmp T_18.17;
T_18.4 ;
    %load/vec4 v0x556fd443bbd0_0;
    %ix/load 4, 3, 0;
    %flag_set/imm 4, 0;
    %store/vec4 v0x556fd443bcb0_0, 4, 1;
    %pushi/vec4 0, 0, 3;
    %ix/load 4, 0, 0;
    %flag_set/imm 4, 0;
    %store/vec4 v0x556fd443bcb0_0, 4, 3;
    %jmp T_18.17;
T_18.5 ;
    %load/vec4 v0x556fd443bbd0_0;
    %ix/load 4, 4, 0;
    %flag_set/imm 4, 0;
    %store/vec4 v0x556fd443bcb0_0, 4, 1;
    %pushi/vec4 0, 0, 4;
    %ix/load 4, 0, 0;
    %flag_set/imm 4, 0;
    %store/vec4 v0x556fd443bcb0_0, 4, 4;
    %jmp T_18.17;
T_18.6 ;
    %load/vec4 v0x556fd443bbd0_0;
    %ix/load 4, 5, 0;
    %flag_set/imm 4, 0;
    %store/vec4 v0x556fd443bcb0_0, 4, 1;
    %pushi/vec4 0, 0, 5;
    %ix/load 4, 0, 0;
    %flag_set/imm 4, 0;
    %store/vec4 v0x556fd443bcb0_0, 4, 5;
    %jmp T_18.17;
T_18.7 ;
    %load/vec4 v0x556fd443bbd0_0;
    %ix/load 4, 6, 0;
    %flag_set/imm 4, 0;
    %store/vec4 v0x556fd443bcb0_0, 4, 1;
    %pushi/vec4 0, 0, 6;
    %ix/load 4, 0, 0;
    %flag_set/imm 4, 0;
    %store/vec4 v0x556fd443bcb0_0, 4, 6;
    %jmp T_18.17;
T_18.8 ;
    %load/vec4 v0x556fd443bbd0_0;
    %ix/load 4, 7, 0;
    %flag_set/imm 4, 0;
    %store/vec4 v0x556fd443bcb0_0, 4, 1;
    %pushi/vec4 0, 0, 7;
    %ix/load 4, 0, 0;
    %flag_set/imm 4, 0;
    %store/vec4 v0x556fd443bcb0_0, 4, 7;
    %jmp T_18.17;
T_18.9 ;
    %load/vec4 v0x556fd443bbd0_0;
    %ix/load 4, 8, 0;
    %flag_set/imm 4, 0;
    %store/vec4 v0x556fd443bcb0_0, 4, 1;
    %pushi/vec4 0, 0, 8;
    %ix/load 4, 0, 0;
    %flag_set/imm 4, 0;
    %store/vec4 v0x556fd443bcb0_0, 4, 8;
    %jmp T_18.17;
T_18.10 ;
    %load/vec4 v0x556fd443bbd0_0;
    %ix/load 4, 9, 0;
    %flag_set/imm 4, 0;
    %store/vec4 v0x556fd443bcb0_0, 4, 1;
    %pushi/vec4 0, 0, 9;
    %ix/load 4, 0, 0;
    %flag_set/imm 4, 0;
    %store/vec4 v0x556fd443bcb0_0, 4, 9;
    %jmp T_18.17;
T_18.11 ;
    %load/vec4 v0x556fd443bbd0_0;
    %ix/load 4, 10, 0;
    %flag_set/imm 4, 0;
    %store/vec4 v0x556fd443bcb0_0, 4, 1;
    %pushi/vec4 0, 0, 10;
    %ix/load 4, 0, 0;
    %flag_set/imm 4, 0;
    %store/vec4 v0x556fd443bcb0_0, 4, 10;
    %jmp T_18.17;
T_18.12 ;
    %load/vec4 v0x556fd443bbd0_0;
    %ix/load 4, 11, 0;
    %flag_set/imm 4, 0;
    %store/vec4 v0x556fd443bcb0_0, 4, 1;
    %pushi/vec4 0, 0, 11;
    %ix/load 4, 0, 0;
    %flag_set/imm 4, 0;
    %store/vec4 v0x556fd443bcb0_0, 4, 11;
    %jmp T_18.17;
T_18.13 ;
    %load/vec4 v0x556fd443bbd0_0;
    %ix/load 4, 12, 0;
    %flag_set/imm 4, 0;
    %store/vec4 v0x556fd443bcb0_0, 4, 1;
    %pushi/vec4 0, 0, 12;
    %ix/load 4, 0, 0;
    %flag_set/imm 4, 0;
    %store/vec4 v0x556fd443bcb0_0, 4, 12;
    %jmp T_18.17;
T_18.14 ;
    %load/vec4 v0x556fd443bbd0_0;
    %ix/load 4, 13, 0;
    %flag_set/imm 4, 0;
    %store/vec4 v0x556fd443bcb0_0, 4, 1;
    %pushi/vec4 0, 0, 13;
    %ix/load 4, 0, 0;
    %flag_set/imm 4, 0;
    %store/vec4 v0x556fd443bcb0_0, 4, 13;
    %jmp T_18.17;
T_18.15 ;
    %load/vec4 v0x556fd443bbd0_0;
    %ix/load 4, 14, 0;
    %flag_set/imm 4, 0;
    %store/vec4 v0x556fd443bcb0_0, 4, 1;
    %pushi/vec4 0, 0, 14;
    %ix/load 4, 0, 0;
    %flag_set/imm 4, 0;
    %store/vec4 v0x556fd443bcb0_0, 4, 14;
    %jmp T_18.17;
T_18.17 ;
    %pop/vec4 1;
    %jmp T_18;
    .thread T_18, $push;
    .scope S_0x556fd43ed8c0;
T_19 ;
    %wait E_0x556fd443f150;
    %load/vec4 v0x556fd4442da0_0;
    %flag_set/vec4 8;
    %jmp/0xz  T_19.0, 8;
    %pushi/vec4 0, 0, 25;
    %assign/vec4 v0x556fd44425c0_0, 0;
    %pushi/vec4 0, 0, 32;
    %assign/vec4 v0x556fd4442cc0_0, 0;
    %pushi/vec4 0, 0, 1;
    %assign/vec4 v0x556fd44434a0_0, 0;
    %jmp T_19.1;
T_19.0 ;
    %pushi/vec4 0, 0, 1;
    %assign/vec4 v0x556fd44434a0_0, 0;
    %load/vec4 v0x556fd4442e40_0;
    %load/vec4 v0x556fd4442460_0;
    %and;
    %flag_set/vec4 8;
    %jmp/0xz  T_19.2, 8;
    %pushi/vec4 0, 0, 7;
    %load/vec4 v0x556fd44425c0_0;
    %concat/vec4; draw_concat_vec4
    %assign/vec4 v0x556fd4442cc0_0, 0;
    %load/vec4 v0x556fd4444e80_0;
    %parti/s 1, 0, 2;
    %flag_set/vec4 8;
    %jmp/0xz  T_19.4, 8;
    %load/vec4 v0x556fd44439d0_0;
    %parti/s 25, 0, 2;
    %assign/vec4 v0x556fd44425c0_0, 0;
T_19.4 ;
T_19.2 ;
T_19.1 ;
    %jmp T_19;
    .thread T_19;
# The file index is used to find the file name in the following table.
:file_names 4;
    "N/A";
    "<interactive>";
    "pixel_macro.v";
    "./Pixel.v";
