#! /usr/bin/vvp
:ivl_version "10.3 (stable)";
:ivl_delay_selection "TYPICAL";
:vpi_time_precision + 0;
:vpi_module "system";
:vpi_module "vhdl_sys";
:vpi_module "v2005_math";
:vpi_module "va_math";
S_0x55efb60f7320 .scope module, "user_proj_example" "user_proj_example" 2 40;
 .timescale 0 0;
    .port_info 0 /INPUT 1 "wb_clk_i"
    .port_info 1 /INPUT 1 "wb_rst_i"
    .port_info 2 /INPUT 1 "wbs_stb_i"
    .port_info 3 /INPUT 1 "wbs_cyc_i"
    .port_info 4 /INPUT 1 "wbs_we_i"
    .port_info 5 /INPUT 4 "wbs_sel_i"
    .port_info 6 /INPUT 32 "wbs_dat_i"
    .port_info 7 /INPUT 32 "wbs_adr_i"
    .port_info 8 /OUTPUT 1 "wbs_ack_o"
    .port_info 9 /OUTPUT 32 "wbs_dat_o"
    .port_info 10 /INPUT 128 "la_data_in"
    .port_info 11 /OUTPUT 128 "la_data_out"
    .port_info 12 /INPUT 128 "la_oenb"
    .port_info 13 /INPUT 2 "io_in"
    .port_info 14 /OUTPUT 2 "io_out"
    .port_info 15 /OUTPUT 2 "io_oeb"
    .port_info 16 /OUTPUT 3 "irq"
P_0x55efb60c2450 .param/l "ADJ_MAX_CLK_ADDR" 1 2 130, +C4<00000000000000000000000000011000>;
P_0x55efb60c2490 .param/l "ADJ_TIMER_M_I_ADDR" 1 2 127, +C4<00000000000000000000000000001100>;
P_0x55efb60c24d0 .param/l "BITS" 0 2 41, +C4<00000000000000000000000000100000>;
P_0x55efb60c2510 .param/l "DATA_IN_ADDR" 1 2 128, +C4<00000000000000000000000000010000>;
P_0x55efb60c2550 .param/l "DATA_OUT_ADDR" 1 2 131, +C4<00000000000000000000000000011100>;
P_0x55efb60c2590 .param/l "LOC_MAX_CLK_ADDR" 1 2 129, +C4<00000000000000000000000000010100>;
P_0x55efb60c25d0 .param/l "LOC_TIMERM_I_ADDR" 1 2 126, +C4<00000000000000000000000000001000>;
P_0x55efb60c2610 .param/l "PXL_DONE_I_ADDR" 1 2 125, +C4<00000000000000000000000000000100>;
P_0x55efb60c2650 .param/l "PXL_START_I_ADDR" 1 2 124, +C4<00000000000000000000000000000000>;
o0x7fe0a2a65f08 .functor BUFZ 1, C4<z>; HiZ drive
o0x7fe0a2a65ff8 .functor BUFZ 1, C4<z>; HiZ drive
L_0x55efb60e08c0 .functor AND 1, o0x7fe0a2a65f08, o0x7fe0a2a65ff8, C4<1>, C4<1>;
o0x7fe0a2a65fc8 .functor BUFZ 4, C4<zzzz>; HiZ drive
L_0x55efb60e07d0 .functor AND 4, o0x7fe0a2a65fc8, L_0x55efb6154750, C4<1111>, C4<1111>;
L_0x55efb60ae9d0 .functor BUFZ 32, v0x55efb6150070_0, C4<00000000000000000000000000000000>, C4<00000000000000000000000000000000>, C4<00000000000000000000000000000000>;
o0x7fe0a2a65f38 .functor BUFZ 32, C4<zzzzzzzzzzzzzzzzzzzzzzzzzzzzzzzz>; HiZ drive
L_0x55efb60ae8c0 .functor BUFZ 32, o0x7fe0a2a65f38, C4<00000000000000000000000000000000>, C4<00000000000000000000000000000000>, C4<00000000000000000000000000000000>;
L_0x55efb60ae7b0 .functor BUFZ 1, v0x55efb6150f50_0, C4<0>, C4<0>, C4<0>;
o0x7fe0a2a65e48 .functor BUFZ 1, C4<z>; HiZ drive
L_0x55efb60aeae0 .functor BUFZ 1, o0x7fe0a2a65e48, C4<0>, C4<0>, C4<0>;
o0x7fe0a2a65e78 .functor BUFZ 1, C4<z>; HiZ drive
L_0x55efb60ae6a0 .functor BUFZ 1, o0x7fe0a2a65e78, C4<0>, C4<0>, C4<0>;
v0x55efb614e470_0 .net *"_s13", 1 0, L_0x55efb6152df0;  1 drivers
v0x55efb614e570_0 .net *"_s17", 1 0, L_0x55efb6152f80;  1 drivers
v0x55efb614e650_0 .net *"_s21", 1 0, L_0x55efb6153170;  1 drivers
v0x55efb614e740_0 .net *"_s25", 1 0, L_0x55efb6153320;  1 drivers
v0x55efb614e820_0 .net *"_s29", 1 0, L_0x55efb6153530;  1 drivers
v0x55efb614e950_0 .net *"_s33", 1 0, L_0x55efb6153750;  1 drivers
v0x55efb614ea30_0 .net *"_s37", 1 0, L_0x55efb6153980;  1 drivers
v0x55efb614eb10_0 .net *"_s41", 1 0, L_0x55efb61538e0;  1 drivers
v0x55efb614ebf0_0 .net *"_s45", 1 0, L_0x55efb6153d70;  1 drivers
v0x55efb614ecd0_0 .net *"_s49", 1 0, L_0x55efb6153fd0;  1 drivers
v0x55efb614edb0_0 .net *"_s5", 1 0, L_0x55efb6152b30;  1 drivers
v0x55efb614ee90_0 .net *"_s53", 1 0, L_0x55efb6154240;  1 drivers
v0x55efb614ef70_0 .net *"_s57", 1 0, L_0x55efb61544c0;  1 drivers
v0x55efb614f050_0 .net *"_s62", 3 0, L_0x55efb6154750;  1 drivers
v0x55efb614f130_0 .net *"_s71", 3 0, L_0x55efb6154870;  1 drivers
v0x55efb614f210_0 .net *"_s72", 31 0, L_0x55efb6154a20;  1 drivers
L_0x7fe0a2a1b018 .functor BUFT 1, C4<0000000000000000000000000000>, C4<0>, C4<0>, C4<0>;
v0x55efb614f2f0_0 .net *"_s75", 27 0, L_0x7fe0a2a1b018;  1 drivers
L_0x7fe0a2a1b060 .functor BUFT 1, C4<00000000000000000000000000000011>, C4<0>, C4<0>, C4<0>;
v0x55efb614f3d0_0 .net/2u *"_s76", 31 0, L_0x7fe0a2a1b060;  1 drivers
v0x55efb614f4b0_0 .net *"_s78", 0 0, L_0x55efb6164b20;  1 drivers
L_0x7fe0a2a1b0a8 .functor BUFT 1, C4<01>, C4<0>, C4<0>, C4<0>;
v0x55efb614f570_0 .net/2s *"_s80", 1 0, L_0x7fe0a2a1b0a8;  1 drivers
L_0x7fe0a2a1b0f0 .functor BUFT 1, C4<00>, C4<0>, C4<0>, C4<0>;
v0x55efb614f650_0 .net/2s *"_s82", 1 0, L_0x7fe0a2a1b0f0;  1 drivers
v0x55efb614f730_0 .net *"_s84", 1 0, L_0x55efb6164de0;  1 drivers
v0x55efb614f810_0 .net *"_s9", 1 0, L_0x55efb6152c70;  1 drivers
v0x55efb614f8f0_0 .net "addr_valid", 0 0, L_0x55efb6164fa0;  1 drivers
v0x55efb614f9b0_0 .net "clk", 0 0, L_0x55efb60aeae0;  1 drivers
o0x7fe0a2a65c98 .functor BUFZ 2, C4<zz>; HiZ drive
v0x55efb614fa50_0 .net "io_in", -1 0, o0x7fe0a2a65c98;  0 drivers
o0x7fe0a2a65cc8 .functor BUFZ 2, C4<zz>; HiZ drive
v0x55efb614fb30_0 .net "io_oeb", -1 0, o0x7fe0a2a65cc8;  0 drivers
o0x7fe0a2a65cf8 .functor BUFZ 2, C4<zz>; HiZ drive
v0x55efb614fc10_0 .net "io_out", -1 0, o0x7fe0a2a65cf8;  0 drivers
o0x7fe0a2a65d28 .functor BUFZ 3, C4<zzz>; HiZ drive
v0x55efb614fcf0_0 .net "irq", 2 0, o0x7fe0a2a65d28;  0 drivers
o0x7fe0a2a65d58 .functor BUFZ 128, C4<zzzzzzzzzzzzzzzzzzzzzzzzzzzzzzzzzzzzzzzzzzzzzzzzzzzzzzzzzzzzzzzzzzzzzzzzzzzzzzzzzzzzzzzzzzzzzzzzzzzzzzzzzzzzzzzzzzzzzzzzzzzzzzzz>; HiZ drive
v0x55efb614fdd0_0 .net "la_data_in", 127 0, o0x7fe0a2a65d58;  0 drivers
o0x7fe0a2a65d88 .functor BUFZ 128, C4<zzzzzzzzzzzzzzzzzzzzzzzzzzzzzzzzzzzzzzzzzzzzzzzzzzzzzzzzzzzzzzzzzzzzzzzzzzzzzzzzzzzzzzzzzzzzzzzzzzzzzzzzzzzzzzzzzzzzzzzzzzzzzzzz>; HiZ drive
v0x55efb614feb0_0 .net "la_data_out", 127 0, o0x7fe0a2a65d88;  0 drivers
o0x7fe0a2a65db8 .functor BUFZ 128, C4<zzzzzzzzzzzzzzzzzzzzzzzzzzzzzzzzzzzzzzzzzzzzzzzzzzzzzzzzzzzzzzzzzzzzzzzzzzzzzzzzzzzzzzzzzzzzzzzzzzzzzzzzzzzzzzzzzzzzzzzzzzzzzzzz>; HiZ drive
v0x55efb614ff90_0 .net "la_oenb", 127 0, o0x7fe0a2a65db8;  0 drivers
v0x55efb6150070_0 .var "rdata", 31 0;
v0x55efb6150360_0 .var "reg_adj_max_clk", 9 0;
v0x55efb6150420_0 .var "reg_adj_timer_m_i", 0 0;
v0x55efb61504c0_0 .var "reg_data_in", 0 0;
v0x55efb6150560_0 .var "reg_loc_max_clk", 9 0;
v0x55efb6150650_0 .var "reg_loc_timer_m_i", 0 0;
v0x55efb61506f0_0 .var "reg_pxl_done_i", 0 0;
v0x55efb61507c0_0 .var "reg_pxl_start_i", 0 0;
v0x55efb61508b0_0 .net "rst", 0 0, L_0x55efb60ae6a0;  1 drivers
v0x55efb6150950_0 .net "valid", 0 0, L_0x55efb60e08c0;  1 drivers
v0x55efb61509f0_0 .net "wb_clk_i", 0 0, o0x7fe0a2a65e48;  0 drivers
v0x55efb6150a90_0 .net "wb_rst_i", 0 0, o0x7fe0a2a65e78;  0 drivers
v0x55efb6150b30_0 .net "wbs_ack_o", 0 0, L_0x55efb60ae7b0;  1 drivers
o0x7fe0a2a65ed8 .functor BUFZ 32, C4<zzzzzzzzzzzzzzzzzzzzzzzzzzzzzzzz>; HiZ drive
v0x55efb6150bf0_0 .net "wbs_adr_i", 31 0, o0x7fe0a2a65ed8;  0 drivers
v0x55efb6150cd0_0 .net "wbs_cyc_i", 0 0, o0x7fe0a2a65f08;  0 drivers
v0x55efb6150d90_0 .net "wbs_dat_i", 31 0, o0x7fe0a2a65f38;  0 drivers
v0x55efb6150e70_0 .net "wbs_dat_o", 31 0, L_0x55efb60ae9d0;  1 drivers
v0x55efb6150f50_0 .var "wbs_done", 0 0;
v0x55efb6151010_0 .net "wbs_sel_i", 3 0, o0x7fe0a2a65fc8;  0 drivers
v0x55efb61510f0_0 .net "wbs_stb_i", 0 0, o0x7fe0a2a65ff8;  0 drivers
o0x7fe0a2a66028 .functor BUFZ 1, C4<z>; HiZ drive
v0x55efb61511b0_0 .net "wbs_we_i", 0 0, o0x7fe0a2a66028;  0 drivers
v0x55efb6151270_0 .net "wdata", 31 0, L_0x55efb60ae8c0;  1 drivers
RS_0x7fe0a2a64678 .resolv tri, v0x55efb6149540_0, L_0x55efb6152d10;
v0x55efb6151350_0 .net8 "wire_adj_timer_en", 0 0, RS_0x7fe0a2a64678;  2 drivers
RS_0x7fe0a2a64eb8 .resolv tri, L_0x55efb61542e0, L_0x55efb6165f10;
v0x55efb61513f0_0 .net8 "wire_adj_timer_max", 0 0, RS_0x7fe0a2a64eb8;  2 drivers
RS_0x7fe0a2a64048 .resolv tri, v0x55efb6103de0_0, v0x55efb6146b00_0, v0x55efb6147050_0, v0x55efb6147610_0, v0x55efb6147b80_0, v0x55efb6148000_0, v0x55efb6148590_0, v0x55efb6148b20_0;
v0x55efb61514e0_0 .net8 "wire_data_out", 15 0, RS_0x7fe0a2a64048;  8 drivers
v0x55efb61515a0_0 .net "wire_data_sel", 3 0, L_0x55efb61529f0;  1 drivers
RS_0x7fe0a2a65068 .resolv tri, v0x55efb614bbe0_0, L_0x55efb6154560;
v0x55efb6151660_0 .net8 "wire_kernel_done_o", 0 0, RS_0x7fe0a2a65068;  2 drivers
RS_0x7fe0a2a64708 .resolv tri, v0x55efb61497b0_0, L_0x55efb6152bd0;
v0x55efb6151750_0 .net8 "wire_loc_timer_en", 0 0, RS_0x7fe0a2a64708;  2 drivers
RS_0x7fe0a2a64d08 .resolv tri, L_0x55efb6154070, L_0x55efb6165e70;
v0x55efb61517f0_0 .net8 "wire_loc_timer_max", 0 0, RS_0x7fe0a2a64d08;  2 drivers
RS_0x7fe0a2a64798 .resolv tri, v0x55efb6149a10_0, L_0x55efb6153e10;
v0x55efb61518e0_0 .net8 "wire_pxl_done_o", 0 0, RS_0x7fe0a2a64798;  2 drivers
RS_0x7fe0a2a650f8 .resolv tri, L_0x55efb6152950, v0x55efb614bf10_0;
v0x55efb61519d0_0 .net8 "wire_pxl_q", 3 0, RS_0x7fe0a2a650f8;  2 drivers
RS_0x7fe0a2a64828 .resolv tri, v0x55efb6149c50_0, L_0x55efb6153210;
v0x55efb6151ac0_0 .net8 "wire_s1", 0 0, RS_0x7fe0a2a64828;  2 drivers
RS_0x7fe0a2a64858 .resolv tri, v0x55efb6149d10_0, L_0x55efb61535d0;
v0x55efb6151bb0_0 .net8 "wire_s1_inv", 0 0, RS_0x7fe0a2a64858;  2 drivers
RS_0x7fe0a2a64888 .resolv tri, v0x55efb6149dd0_0, L_0x55efb61533c0;
v0x55efb61520b0_0 .net8 "wire_s2", 0 0, RS_0x7fe0a2a64888;  2 drivers
RS_0x7fe0a2a648b8 .resolv tri, v0x55efb6149e90_0, L_0x55efb61537f0;
v0x55efb61521a0_0 .net8 "wire_s2_inv", 0 0, RS_0x7fe0a2a648b8;  2 drivers
RS_0x7fe0a2a648e8 .resolv tri, v0x55efb6149f50_0, L_0x55efb6152e90;
v0x55efb6152290_0 .net8 "wire_s_p1", 0 0, RS_0x7fe0a2a648e8;  2 drivers
RS_0x7fe0a2a64918 .resolv tri, v0x55efb614a010_0, L_0x55efb6153020;
v0x55efb6152380_0 .net8 "wire_s_p2", 0 0, RS_0x7fe0a2a64918;  2 drivers
RS_0x7fe0a2a64978 .resolv tri, v0x55efb614a1b0_0, L_0x55efb6153a20;
v0x55efb6152470_0 .net8 "wire_v_b0", 0 0, RS_0x7fe0a2a64978;  2 drivers
RS_0x7fe0a2a649a8 .resolv tri, v0x55efb614a380_0, L_0x55efb6153bc0;
v0x55efb6152560_0 .net8 "wire_v_b1", 0 0, RS_0x7fe0a2a649a8;  2 drivers
v0x55efb6152650_0 .net "wstrb", 3 0, L_0x55efb60e07d0;  1 drivers
L_0x55efb6152950 .part o0x7fe0a2a65d88, 0, 4;
L_0x55efb61529f0 .part o0x7fe0a2a65d88, 3, 4;
L_0x55efb6152b30 .part o0x7fe0a2a65d88, 6, 2;
L_0x55efb6152bd0 .part L_0x55efb6152b30, 0, 1;
L_0x55efb6152c70 .part o0x7fe0a2a65d88, 7, 2;
L_0x55efb6152d10 .part L_0x55efb6152c70, 0, 1;
L_0x55efb6152df0 .part o0x7fe0a2a65d88, 8, 2;
L_0x55efb6152e90 .part L_0x55efb6152df0, 0, 1;
L_0x55efb6152f80 .part o0x7fe0a2a65d88, 9, 2;
L_0x55efb6153020 .part L_0x55efb6152f80, 0, 1;
L_0x55efb6153170 .part o0x7fe0a2a65d88, 10, 2;
L_0x55efb6153210 .part L_0x55efb6153170, 0, 1;
L_0x55efb6153320 .part o0x7fe0a2a65d88, 11, 2;
L_0x55efb61533c0 .part L_0x55efb6153320, 0, 1;
L_0x55efb6153530 .part o0x7fe0a2a65d88, 12, 2;
L_0x55efb61535d0 .part L_0x55efb6153530, 0, 1;
L_0x55efb6153750 .part o0x7fe0a2a65d88, 13, 2;
L_0x55efb61537f0 .part L_0x55efb6153750, 0, 1;
L_0x55efb6153980 .part o0x7fe0a2a65d88, 14, 2;
L_0x55efb6153a20 .part L_0x55efb6153980, 0, 1;
L_0x55efb61538e0 .part o0x7fe0a2a65d88, 15, 2;
L_0x55efb6153bc0 .part L_0x55efb61538e0, 0, 1;
L_0x55efb6153d70 .part o0x7fe0a2a65d88, 16, 2;
L_0x55efb6153e10 .part L_0x55efb6153d70, 0, 1;
L_0x55efb6153fd0 .part o0x7fe0a2a65d88, 17, 2;
L_0x55efb6154070 .part L_0x55efb6153fd0, 0, 1;
L_0x55efb6154240 .part o0x7fe0a2a65d88, 18, 2;
L_0x55efb61542e0 .part L_0x55efb6154240, 0, 1;
L_0x55efb61544c0 .part o0x7fe0a2a65d88, 19, 2;
L_0x55efb6154560 .part L_0x55efb61544c0, 0, 1;
L_0x55efb6154750 .concat [ 1 1 1 1], o0x7fe0a2a66028, o0x7fe0a2a66028, o0x7fe0a2a66028, o0x7fe0a2a66028;
L_0x55efb6154870 .part o0x7fe0a2a65ed8, 28, 4;
L_0x55efb6154a20 .concat [ 4 28 0 0], L_0x55efb6154870, L_0x7fe0a2a1b018;
L_0x55efb6164b20 .cmp/eq 32, L_0x55efb6154a20, L_0x7fe0a2a1b060;
L_0x55efb6164de0 .functor MUXZ 2, L_0x7fe0a2a1b0f0, L_0x7fe0a2a1b0a8, L_0x55efb6164b20, C4<>;
L_0x55efb6164fa0 .part L_0x55efb6164de0, 0, 1;
S_0x55efb60f6f70 .scope module, "pixel_fsm0" "pixel" 2 229, 3 242 0, S_0x55efb60f7320;
 .timescale 0 0;
    .port_info 0 /INPUT 1 "clk"
    .port_info 1 /INPUT 1 "reset"
    .port_info 2 /INPUT 1 "pxl_start_i"
    .port_info 3 /INPUT 1 "loc_timer_m_i"
    .port_info 4 /OUTPUT 1 "loc_timer_en"
    .port_info 5 /INPUT 1 "adj_timer_m_i"
    .port_info 6 /OUTPUT 1 "adj_timer_en"
    .port_info 7 /OUTPUT 1 "s_p1"
    .port_info 8 /OUTPUT 1 "s_p2"
    .port_info 9 /OUTPUT 1 "s1"
    .port_info 10 /OUTPUT 1 "s2"
    .port_info 11 /OUTPUT 1 "s1_inv"
    .port_info 12 /OUTPUT 1 "s2_inv"
    .port_info 13 /OUTPUT 1 "v_b1"
    .port_info 14 /OUTPUT 1 "v_b0"
    .port_info 15 /OUTPUT 1 "pxl_done_o"
    .port_info 16 /OUTPUT 1 "loc_timer_max"
    .port_info 17 /INPUT 10 "loc_max_clk"
    .port_info 18 /OUTPUT 1 "adj_timer_max"
    .port_info 19 /INPUT 10 "adj_max_clk"
    .port_info 20 /INPUT 1 "pxl_done_i"
    .port_info 21 /OUTPUT 4 "pxl_q"
    .port_info 22 /OUTPUT 1 "kernel_done_o"
    .port_info 23 /INPUT 1 "data_in"
    .port_info 24 /OUTPUT 4 "data_sel"
    .port_info 25 /OUTPUT 16 "data_out"
L_0x55efb6164cd0 .functor BUFZ 1, RS_0x7fe0a2a64d08, C4<0>, C4<0>, C4<0>;
L_0x55efb6164d40 .functor BUFZ 1, RS_0x7fe0a2a64eb8, C4<0>, C4<0>, C4<0>;
L_0x55efb61652e0 .functor BUFZ 1, RS_0x7fe0a2a64798, C4<0>, C4<0>, C4<0>;
L_0x55efb61653e0 .functor BUFZ 4, RS_0x7fe0a2a650f8, C4<0000>, C4<0000>, C4<0000>;
L_0x55efb6165510 .functor BUFZ 1, RS_0x7fe0a2a648e8, C4<0>, C4<0>, C4<0>;
L_0x55efb6165610 .functor BUFZ 1, RS_0x7fe0a2a64918, C4<0>, C4<0>, C4<0>;
L_0x55efb6165750 .functor BUFZ 1, RS_0x7fe0a2a64828, C4<0>, C4<0>, C4<0>;
L_0x55efb6165850 .functor BUFZ 1, RS_0x7fe0a2a64888, C4<0>, C4<0>, C4<0>;
L_0x55efb61659a0 .functor BUFZ 1, RS_0x7fe0a2a64858, C4<0>, C4<0>, C4<0>;
L_0x55efb6165aa0 .functor BUFZ 1, RS_0x7fe0a2a648b8, C4<0>, C4<0>, C4<0>;
L_0x55efb6165c00 .functor BUFZ 1, RS_0x7fe0a2a649a8, C4<0>, C4<0>, C4<0>;
L_0x55efb6165d00 .functor BUFZ 1, RS_0x7fe0a2a64978, C4<0>, C4<0>, C4<0>;
v0x55efb614c140_0 .net "adj_max_clk", 9 0, v0x55efb6150360_0;  1 drivers
v0x55efb614c220_0 .net8 "adj_timer_en", 0 0, RS_0x7fe0a2a64678;  alias, 2 drivers
v0x55efb614c310_0 .net "adj_timer_m_i", 0 0, v0x55efb6150420_0;  1 drivers
v0x55efb614c3b0_0 .net "adj_timer_m_i_net", 0 0, L_0x55efb6164d40;  1 drivers
v0x55efb614c480_0 .net8 "adj_timer_max", 0 0, RS_0x7fe0a2a64eb8;  alias, 2 drivers
v0x55efb614c570_0 .net "clk", 0 0, L_0x55efb60aeae0;  alias, 1 drivers
v0x55efb614c610_0 .net "data_in", 0 0, v0x55efb61504c0_0;  1 drivers
v0x55efb614c6b0_0 .net8 "data_out", 15 0, RS_0x7fe0a2a64048;  alias, 8 drivers
v0x55efb614c860_0 .net "data_sel", 3 0, L_0x55efb61529f0;  alias, 1 drivers
v0x55efb614c920_0 .net "data_sel_net", 3 0, L_0x55efb61653e0;  1 drivers
v0x55efb614caf0_0 .net8 "kernel_done_o", 0 0, RS_0x7fe0a2a65068;  alias, 2 drivers
v0x55efb614cbc0_0 .net "loc_max_clk", 9 0, v0x55efb6150560_0;  1 drivers
v0x55efb614cc90_0 .net8 "loc_timer_en", 0 0, RS_0x7fe0a2a64708;  alias, 2 drivers
v0x55efb614cd30_0 .net "loc_timer_m_i", 0 0, v0x55efb6150650_0;  1 drivers
v0x55efb614cdd0_0 .net "loc_timer_m_i_net", 0 0, L_0x55efb6164cd0;  1 drivers
v0x55efb614ce70_0 .net8 "loc_timer_max", 0 0, RS_0x7fe0a2a64d08;  alias, 2 drivers
v0x55efb614cf40_0 .net "pxl_done_i", 0 0, v0x55efb61506f0_0;  1 drivers
v0x55efb614d0f0_0 .net "pxl_done_i_net", 0 0, L_0x55efb61652e0;  1 drivers
v0x55efb614d1c0_0 .net8 "pxl_done_o", 0 0, RS_0x7fe0a2a64798;  alias, 2 drivers
v0x55efb614d290_0 .net8 "pxl_q", 3 0, RS_0x7fe0a2a650f8;  alias, 2 drivers
v0x55efb614d360_0 .net "pxl_start_i", 0 0, v0x55efb61507c0_0;  1 drivers
v0x55efb614d430_0 .net "reset", 0 0, L_0x55efb60ae6a0;  alias, 1 drivers
v0x55efb614d4d0_0 .net8 "s1", 0 0, RS_0x7fe0a2a64828;  alias, 2 drivers
v0x55efb614d570_0 .net8 "s1_inv", 0 0, RS_0x7fe0a2a64858;  alias, 2 drivers
v0x55efb614d640_0 .net "s1_inv_net", 0 0, L_0x55efb61659a0;  1 drivers
v0x55efb614d710_0 .net "s1_net", 0 0, L_0x55efb6165750;  1 drivers
v0x55efb614d7e0_0 .net8 "s2", 0 0, RS_0x7fe0a2a64888;  alias, 2 drivers
v0x55efb614d8b0_0 .net8 "s2_inv", 0 0, RS_0x7fe0a2a648b8;  alias, 2 drivers
v0x55efb614d980_0 .net "s2_inv_net", 0 0, L_0x55efb6165aa0;  1 drivers
v0x55efb614da50_0 .net "s2_net", 0 0, L_0x55efb6165850;  1 drivers
v0x55efb614db20_0 .net8 "s_p1", 0 0, RS_0x7fe0a2a648e8;  alias, 2 drivers
v0x55efb614dbf0_0 .net "s_p1_net", 0 0, L_0x55efb6165510;  1 drivers
v0x55efb614dcc0_0 .net8 "s_p2", 0 0, RS_0x7fe0a2a64918;  alias, 2 drivers
v0x55efb614dfa0_0 .net "s_p2_net", 0 0, L_0x55efb6165610;  1 drivers
v0x55efb614e070_0 .net8 "v_b0", 0 0, RS_0x7fe0a2a64978;  alias, 2 drivers
v0x55efb614e140_0 .net "v_b0_net", 0 0, L_0x55efb6165d00;  1 drivers
v0x55efb614e210_0 .net8 "v_b1", 0 0, RS_0x7fe0a2a649a8;  alias, 2 drivers
v0x55efb614e2e0_0 .net "v_b1_net", 0 0, L_0x55efb6165c00;  1 drivers
S_0x55efb60f6bc0 .scope module, "demux_s1" "demux" 3 321, 3 211 0, S_0x55efb60f6f70;
 .timescale 0 0;
    .port_info 0 /INPUT 1 "data_in"
    .port_info 1 /INPUT 4 "data_sel"
    .port_info 2 /OUTPUT 16 "data_out"
v0x55efb612d520_0 .net "data_in", 0 0, L_0x55efb6165750;  alias, 1 drivers
v0x55efb6103de0_0 .var "data_out", 15 0;
v0x55efb6103ee0_0 .net "data_sel", 3 0, L_0x55efb61653e0;  alias, 1 drivers
E_0x55efb60bdab0 .event edge, v0x55efb6103ee0_0, v0x55efb612d520_0;
S_0x55efb61467c0 .scope module, "demux_s1_inv" "demux" 3 333, 3 211 0, S_0x55efb60f6f70;
 .timescale 0 0;
    .port_info 0 /INPUT 1 "data_in"
    .port_info 1 /INPUT 4 "data_sel"
    .port_info 2 /OUTPUT 16 "data_out"
v0x55efb6146a20_0 .net "data_in", 0 0, L_0x55efb61659a0;  alias, 1 drivers
v0x55efb6146b00_0 .var "data_out", 15 0;
v0x55efb6146bc0_0 .net "data_sel", 3 0, L_0x55efb61653e0;  alias, 1 drivers
E_0x55efb60bdca0 .event edge, v0x55efb6103ee0_0, v0x55efb6146a20_0;
S_0x55efb6146d00 .scope module, "demux_s2" "demux" 3 327, 3 211 0, S_0x55efb60f6f70;
 .timescale 0 0;
    .port_info 0 /INPUT 1 "data_in"
    .port_info 1 /INPUT 4 "data_sel"
    .port_info 2 /OUTPUT 16 "data_out"
v0x55efb6146f70_0 .net "data_in", 0 0, L_0x55efb6165850;  alias, 1 drivers
v0x55efb6147050_0 .var "data_out", 15 0;
v0x55efb6147160_0 .net "data_sel", 3 0, L_0x55efb61653e0;  alias, 1 drivers
E_0x55efb60bd4f0 .event edge, v0x55efb6103ee0_0, v0x55efb6146f70_0;
S_0x55efb61472d0 .scope module, "demux_s2_inv" "demux" 3 339, 3 211 0, S_0x55efb60f6f70;
 .timescale 0 0;
    .port_info 0 /INPUT 1 "data_in"
    .port_info 1 /INPUT 4 "data_sel"
    .port_info 2 /OUTPUT 16 "data_out"
v0x55efb6147530_0 .net "data_in", 0 0, L_0x55efb6165aa0;  alias, 1 drivers
v0x55efb6147610_0 .var "data_out", 15 0;
v0x55efb61476d0_0 .net "data_sel", 3 0, L_0x55efb61653e0;  alias, 1 drivers
E_0x55efb60bd600 .event edge, v0x55efb6103ee0_0, v0x55efb6147530_0;
S_0x55efb61477f0 .scope module, "demux_sp1" "demux" 3 309, 3 211 0, S_0x55efb60f6f70;
 .timescale 0 0;
    .port_info 0 /INPUT 1 "data_in"
    .port_info 1 /INPUT 4 "data_sel"
    .port_info 2 /OUTPUT 16 "data_out"
v0x55efb6147aa0_0 .net "data_in", 0 0, L_0x55efb6165510;  alias, 1 drivers
v0x55efb6147b80_0 .var "data_out", 15 0;
v0x55efb6147c40_0 .net "data_sel", 3 0, L_0x55efb61653e0;  alias, 1 drivers
E_0x55efb612c8e0 .event edge, v0x55efb6103ee0_0, v0x55efb6147aa0_0;
S_0x55efb6147d60 .scope module, "demux_sp2" "demux" 3 315, 3 211 0, S_0x55efb60f6f70;
 .timescale 0 0;
    .port_info 0 /INPUT 1 "data_in"
    .port_info 1 /INPUT 4 "data_sel"
    .port_info 2 /OUTPUT 16 "data_out"
v0x55efb6147f20_0 .net "data_in", 0 0, L_0x55efb6165610;  alias, 1 drivers
v0x55efb6148000_0 .var "data_out", 15 0;
v0x55efb61480c0_0 .net "data_sel", 3 0, L_0x55efb61653e0;  alias, 1 drivers
E_0x55efb612d4e0 .event edge, v0x55efb6103ee0_0, v0x55efb6147f20_0;
S_0x55efb6148210 .scope module, "demux_vb0" "demux" 3 351, 3 211 0, S_0x55efb60f6f70;
 .timescale 0 0;
    .port_info 0 /INPUT 1 "data_in"
    .port_info 1 /INPUT 4 "data_sel"
    .port_info 2 /OUTPUT 16 "data_out"
v0x55efb61484b0_0 .net "data_in", 0 0, L_0x55efb6165d00;  alias, 1 drivers
v0x55efb6148590_0 .var "data_out", 15 0;
v0x55efb6148650_0 .net "data_sel", 3 0, L_0x55efb61653e0;  alias, 1 drivers
E_0x55efb6148430 .event edge, v0x55efb6103ee0_0, v0x55efb61484b0_0;
S_0x55efb61487a0 .scope module, "demux_vb1" "demux" 3 345, 3 211 0, S_0x55efb60f6f70;
 .timescale 0 0;
    .port_info 0 /INPUT 1 "data_in"
    .port_info 1 /INPUT 4 "data_sel"
    .port_info 2 /OUTPUT 16 "data_out"
v0x55efb6148a40_0 .net "data_in", 0 0, L_0x55efb6165c00;  alias, 1 drivers
v0x55efb6148b20_0 .var "data_out", 15 0;
v0x55efb6148be0_0 .net "data_sel", 3 0, L_0x55efb61653e0;  alias, 1 drivers
E_0x55efb61489c0 .event edge, v0x55efb6103ee0_0, v0x55efb6148a40_0;
S_0x55efb6148d30 .scope module, "inst1" "pixel_fsm" 3 268, 3 4 0, S_0x55efb60f6f70;
 .timescale 0 0;
    .port_info 0 /INPUT 1 "clk"
    .port_info 1 /INPUT 1 "reset"
    .port_info 2 /INPUT 1 "pxl_start_i"
    .port_info 3 /INPUT 1 "loc_timer_m_i"
    .port_info 4 /OUTPUT 1 "loc_timer_en"
    .port_info 5 /INPUT 1 "adj_timer_m_i"
    .port_info 6 /OUTPUT 1 "adj_timer_en"
    .port_info 7 /OUTPUT 1 "s_p1"
    .port_info 8 /OUTPUT 1 "s_p2"
    .port_info 9 /OUTPUT 1 "s1"
    .port_info 10 /OUTPUT 1 "s2"
    .port_info 11 /OUTPUT 1 "s1_inv"
    .port_info 12 /OUTPUT 1 "s2_inv"
    .port_info 13 /OUTPUT 1 "v_b1"
    .port_info 14 /OUTPUT 1 "v_b0"
    .port_info 15 /OUTPUT 1 "pxl_done_o"
P_0x55efb6148f00 .param/l "ADJ_PIXEL" 0 3 11, C4<011>;
P_0x55efb6148f40 .param/l "IDLE" 0 3 10, C4<010>;
P_0x55efb6148f80 .param/l "LOC_PIXEL" 0 3 10, C4<001>;
P_0x55efb6148fc0 .param/l "PXL_DONE" 0 3 11, C4<100>;
P_0x55efb6149000 .param/l "RESET" 0 3 10, C4<000>;
v0x55efb6149540_0 .var "adj_timer_en", 0 0;
v0x55efb6149620_0 .net "adj_timer_m_i", 0 0, L_0x55efb6164d40;  alias, 1 drivers
v0x55efb61496e0_0 .net "clk", 0 0, L_0x55efb60aeae0;  alias, 1 drivers
v0x55efb61497b0_0 .var "loc_timer_en", 0 0;
v0x55efb6149870_0 .net "loc_timer_m_i", 0 0, L_0x55efb6164cd0;  alias, 1 drivers
v0x55efb6149930_0 .var "next_state", 2 0;
v0x55efb6149a10_0 .var "pxl_done_o", 0 0;
v0x55efb6149ad0_0 .net "pxl_start_i", 0 0, v0x55efb61507c0_0;  alias, 1 drivers
v0x55efb6149b90_0 .net "reset", 0 0, L_0x55efb60ae6a0;  alias, 1 drivers
v0x55efb6149c50_0 .var "s1", 0 0;
v0x55efb6149d10_0 .var "s1_inv", 0 0;
v0x55efb6149dd0_0 .var "s2", 0 0;
v0x55efb6149e90_0 .var "s2_inv", 0 0;
v0x55efb6149f50_0 .var "s_p1", 0 0;
v0x55efb614a010_0 .var "s_p2", 0 0;
v0x55efb614a0d0_0 .var "state", 2 0;
v0x55efb614a1b0_0 .var "v_b0", 0 0;
v0x55efb614a380_0 .var "v_b1", 0 0;
E_0x55efb6149410 .event edge, v0x55efb614a0d0_0;
E_0x55efb6149470 .event edge, v0x55efb6149620_0, v0x55efb6149870_0, v0x55efb6149ad0_0, v0x55efb614a0d0_0;
E_0x55efb61494e0 .event posedge, v0x55efb6149b90_0, v0x55efb61496e0_0;
S_0x55efb614a640 .scope module, "inst2" "loc_timer_int" 3 287, 3 126 0, S_0x55efb60f6f70;
 .timescale 0 0;
    .port_info 0 /INPUT 1 "clk"
    .port_info 1 /INPUT 1 "reset"
    .port_info 2 /INPUT 1 "loc_timer_en"
    .port_info 3 /INPUT 10 "loc_max_clk"
    .port_info 4 /OUTPUT 1 "loc_timer_max"
v0x55efb614a8c0_0 .net "clk", 0 0, L_0x55efb60aeae0;  alias, 1 drivers
v0x55efb614a9b0_0 .net "loc_max_clk", 9 0, v0x55efb6150560_0;  alias, 1 drivers
v0x55efb614aa70_0 .net8 "loc_timer_en", 0 0, RS_0x7fe0a2a64708;  alias, 2 drivers
v0x55efb614ab70_0 .net8 "loc_timer_max", 0 0, RS_0x7fe0a2a64d08;  alias, 2 drivers
v0x55efb614ac10_0 .var "loc_timer_q", 9 0;
o0x7fe0a2a64d68 .functor BUFZ 1, C4<z>; HiZ drive
v0x55efb614ad20_0 .net "reset", 0 0, o0x7fe0a2a64d68;  0 drivers
E_0x55efb614a840 .event posedge, v0x55efb614ad20_0, v0x55efb61496e0_0;
L_0x55efb6165e70 .cmp/eq 10, v0x55efb614ac10_0, v0x55efb6150560_0;
S_0x55efb614ae80 .scope module, "inst3" "adj_timer_int" 3 294, 3 153 0, S_0x55efb60f6f70;
 .timescale 0 0;
    .port_info 0 /INPUT 1 "clk"
    .port_info 1 /INPUT 1 "reset"
    .port_info 2 /INPUT 1 "adj_timer_en"
    .port_info 3 /INPUT 10 "adj_max_clk"
    .port_info 4 /OUTPUT 1 "adj_timer_max"
v0x55efb614b150_0 .net "adj_max_clk", 9 0, v0x55efb6150360_0;  alias, 1 drivers
v0x55efb614b250_0 .net8 "adj_timer_en", 0 0, RS_0x7fe0a2a64678;  alias, 2 drivers
v0x55efb614b340_0 .net8 "adj_timer_max", 0 0, RS_0x7fe0a2a64eb8;  alias, 2 drivers
v0x55efb614b410_0 .var "adj_timer_q", 9 0;
v0x55efb614b4b0_0 .net "clk", 0 0, L_0x55efb60aeae0;  alias, 1 drivers
o0x7fe0a2a64f18 .functor BUFZ 1, C4<z>; HiZ drive
v0x55efb614b5f0_0 .net "reset", 0 0, o0x7fe0a2a64f18;  0 drivers
E_0x55efb614b0d0 .event posedge, v0x55efb614b5f0_0, v0x55efb61496e0_0;
L_0x55efb6165f10 .cmp/eq 10, v0x55efb614b410_0, v0x55efb6150360_0;
S_0x55efb614b750 .scope module, "inst4" "pixel_counter" 3 301, 3 181 0, S_0x55efb60f6f70;
 .timescale 0 0;
    .port_info 0 /INPUT 1 "clk"
    .port_info 1 /INPUT 1 "reset"
    .port_info 2 /INPUT 1 "pxl_done_i"
    .port_info 3 /OUTPUT 4 "pxl_q"
    .port_info 4 /OUTPUT 1 "kernel_done_o"
L_0x7fe0a2a1b138 .functor BUFT 1, C4<1010>, C4<0>, C4<0>, C4<0>;
v0x55efb614ba20_0 .net/2u *"_s2", 3 0, L_0x7fe0a2a1b138;  1 drivers
v0x55efb614bb20_0 .net "clk", 0 0, L_0x55efb60aeae0;  alias, 1 drivers
v0x55efb614bbe0_0 .var "kernel_done_o", 0 0;
v0x55efb614bc80_0 .net "pixel_count_max", 0 0, L_0x55efb6166020;  1 drivers
v0x55efb614bd20_0 .net "pxl_done_i", 0 0, L_0x55efb61652e0;  alias, 1 drivers
v0x55efb614be30_0 .net8 "pxl_q", 3 0, RS_0x7fe0a2a650f8;  alias, 2 drivers
v0x55efb614bf10_0 .var "pxl_tmp", 3 0;
v0x55efb614bff0_0 .net "reset", 0 0, L_0x55efb60ae6a0;  alias, 1 drivers
E_0x55efb614b9a0 .event posedge, v0x55efb61496e0_0;
L_0x55efb6166020 .cmp/eq 4, RS_0x7fe0a2a650f8, L_0x7fe0a2a1b138;
    .scope S_0x55efb6148d30;
T_0 ;
    %pushi/vec4 0, 0, 3;
    %store/vec4 v0x55efb614a0d0_0, 0, 3;
    %end;
    .thread T_0;
    .scope S_0x55efb6148d30;
T_1 ;
    %wait E_0x55efb61494e0;
    %load/vec4 v0x55efb6149b90_0;
    %flag_set/vec4 8;
    %jmp/0xz  T_1.0, 8;
    %pushi/vec4 0, 0, 3;
    %assign/vec4 v0x55efb614a0d0_0, 0;
    %jmp T_1.1;
T_1.0 ;
    %load/vec4 v0x55efb6149930_0;
    %assign/vec4 v0x55efb614a0d0_0, 0;
T_1.1 ;
    %jmp T_1;
    .thread T_1;
    .scope S_0x55efb6148d30;
T_2 ;
    %wait E_0x55efb6149470;
    %load/vec4 v0x55efb614a0d0_0;
    %dup/vec4;
    %pushi/vec4 0, 0, 3;
    %cmp/u;
    %jmp/1 T_2.0, 6;
    %dup/vec4;
    %pushi/vec4 1, 0, 3;
    %cmp/u;
    %jmp/1 T_2.1, 6;
    %dup/vec4;
    %pushi/vec4 2, 0, 3;
    %cmp/u;
    %jmp/1 T_2.2, 6;
    %dup/vec4;
    %pushi/vec4 3, 0, 3;
    %cmp/u;
    %jmp/1 T_2.3, 6;
    %dup/vec4;
    %pushi/vec4 4, 0, 3;
    %cmp/u;
    %jmp/1 T_2.4, 6;
    %jmp T_2.5;
T_2.0 ;
    %load/vec4 v0x55efb6149ad0_0;
    %cmpi/e 0, 0, 1;
    %jmp/0xz  T_2.6, 4;
    %pushi/vec4 0, 0, 3;
    %store/vec4 v0x55efb6149930_0, 0, 3;
    %jmp T_2.7;
T_2.6 ;
    %pushi/vec4 1, 0, 3;
    %store/vec4 v0x55efb6149930_0, 0, 3;
T_2.7 ;
    %jmp T_2.5;
T_2.1 ;
    %load/vec4 v0x55efb6149870_0;
    %cmpi/e 0, 0, 1;
    %jmp/0xz  T_2.8, 4;
    %pushi/vec4 1, 0, 3;
    %store/vec4 v0x55efb6149930_0, 0, 3;
    %jmp T_2.9;
T_2.8 ;
    %pushi/vec4 2, 0, 3;
    %store/vec4 v0x55efb6149930_0, 0, 3;
T_2.9 ;
    %jmp T_2.5;
T_2.2 ;
    %pushi/vec4 3, 0, 3;
    %store/vec4 v0x55efb6149930_0, 0, 3;
    %jmp T_2.5;
T_2.3 ;
    %load/vec4 v0x55efb6149620_0;
    %cmpi/e 0, 0, 1;
    %jmp/0xz  T_2.10, 4;
    %pushi/vec4 3, 0, 3;
    %store/vec4 v0x55efb6149930_0, 0, 3;
    %jmp T_2.11;
T_2.10 ;
    %pushi/vec4 4, 0, 3;
    %store/vec4 v0x55efb6149930_0, 0, 3;
T_2.11 ;
    %jmp T_2.5;
T_2.4 ;
    %pushi/vec4 0, 0, 3;
    %store/vec4 v0x55efb6149930_0, 0, 3;
    %jmp T_2.5;
T_2.5 ;
    %pop/vec4 1;
    %jmp T_2;
    .thread T_2, $push;
    .scope S_0x55efb6148d30;
T_3 ;
    %wait E_0x55efb6149410;
    %load/vec4 v0x55efb614a0d0_0;
    %dup/vec4;
    %pushi/vec4 0, 0, 3;
    %cmp/u;
    %jmp/1 T_3.0, 6;
    %dup/vec4;
    %pushi/vec4 1, 0, 3;
    %cmp/u;
    %jmp/1 T_3.1, 6;
    %dup/vec4;
    %pushi/vec4 2, 0, 3;
    %cmp/u;
    %jmp/1 T_3.2, 6;
    %dup/vec4;
    %pushi/vec4 3, 0, 3;
    %cmp/u;
    %jmp/1 T_3.3, 6;
    %dup/vec4;
    %pushi/vec4 4, 0, 3;
    %cmp/u;
    %jmp/1 T_3.4, 6;
    %jmp T_3.5;
T_3.0 ;
    %pushi/vec4 0, 0, 1;
    %store/vec4 v0x55efb61497b0_0, 0, 1;
    %pushi/vec4 0, 0, 1;
    %store/vec4 v0x55efb6149540_0, 0, 1;
    %pushi/vec4 0, 0, 1;
    %store/vec4 v0x55efb6149f50_0, 0, 1;
    %pushi/vec4 0, 0, 1;
    %store/vec4 v0x55efb614a010_0, 0, 1;
    %pushi/vec4 0, 0, 1;
    %store/vec4 v0x55efb6149c50_0, 0, 1;
    %load/vec4 v0x55efb6149c50_0;
    %inv;
    %store/vec4 v0x55efb6149d10_0, 0, 1;
    %pushi/vec4 0, 0, 1;
    %store/vec4 v0x55efb6149dd0_0, 0, 1;
    %load/vec4 v0x55efb6149dd0_0;
    %inv;
    %store/vec4 v0x55efb6149e90_0, 0, 1;
    %pushi/vec4 0, 0, 1;
    %store/vec4 v0x55efb614a380_0, 0, 1;
    %load/vec4 v0x55efb614a380_0;
    %inv;
    %store/vec4 v0x55efb614a1b0_0, 0, 1;
    %pushi/vec4 0, 0, 1;
    %store/vec4 v0x55efb6149a10_0, 0, 1;
    %jmp T_3.5;
T_3.1 ;
    %pushi/vec4 1, 0, 1;
    %store/vec4 v0x55efb61497b0_0, 0, 1;
    %pushi/vec4 0, 0, 1;
    %store/vec4 v0x55efb6149540_0, 0, 1;
    %pushi/vec4 1, 0, 1;
    %store/vec4 v0x55efb6149f50_0, 0, 1;
    %pushi/vec4 0, 0, 1;
    %store/vec4 v0x55efb614a010_0, 0, 1;
    %pushi/vec4 1, 0, 1;
    %store/vec4 v0x55efb6149c50_0, 0, 1;
    %load/vec4 v0x55efb6149c50_0;
    %inv;
    %store/vec4 v0x55efb6149d10_0, 0, 1;
    %pushi/vec4 0, 0, 1;
    %store/vec4 v0x55efb6149dd0_0, 0, 1;
    %load/vec4 v0x55efb6149dd0_0;
    %inv;
    %store/vec4 v0x55efb6149e90_0, 0, 1;
    %pushi/vec4 1, 0, 1;
    %store/vec4 v0x55efb614a380_0, 0, 1;
    %load/vec4 v0x55efb614a380_0;
    %inv;
    %store/vec4 v0x55efb614a1b0_0, 0, 1;
    %pushi/vec4 0, 0, 1;
    %store/vec4 v0x55efb6149a10_0, 0, 1;
    %jmp T_3.5;
T_3.2 ;
    %pushi/vec4 0, 0, 1;
    %store/vec4 v0x55efb61497b0_0, 0, 1;
    %pushi/vec4 0, 0, 1;
    %store/vec4 v0x55efb6149540_0, 0, 1;
    %pushi/vec4 0, 0, 1;
    %store/vec4 v0x55efb6149f50_0, 0, 1;
    %pushi/vec4 0, 0, 1;
    %store/vec4 v0x55efb614a010_0, 0, 1;
    %pushi/vec4 0, 0, 1;
    %store/vec4 v0x55efb6149c50_0, 0, 1;
    %load/vec4 v0x55efb6149c50_0;
    %inv;
    %store/vec4 v0x55efb6149d10_0, 0, 1;
    %pushi/vec4 0, 0, 1;
    %store/vec4 v0x55efb6149dd0_0, 0, 1;
    %load/vec4 v0x55efb6149dd0_0;
    %inv;
    %store/vec4 v0x55efb6149e90_0, 0, 1;
    %pushi/vec4 0, 0, 1;
    %store/vec4 v0x55efb614a380_0, 0, 1;
    %load/vec4 v0x55efb614a380_0;
    %inv;
    %store/vec4 v0x55efb614a1b0_0, 0, 1;
    %pushi/vec4 0, 0, 1;
    %store/vec4 v0x55efb6149a10_0, 0, 1;
    %jmp T_3.5;
T_3.3 ;
    %pushi/vec4 0, 0, 1;
    %store/vec4 v0x55efb61497b0_0, 0, 1;
    %pushi/vec4 1, 0, 1;
    %store/vec4 v0x55efb6149540_0, 0, 1;
    %pushi/vec4 0, 0, 1;
    %store/vec4 v0x55efb6149f50_0, 0, 1;
    %pushi/vec4 1, 0, 1;
    %store/vec4 v0x55efb614a010_0, 0, 1;
    %pushi/vec4 0, 0, 1;
    %store/vec4 v0x55efb6149c50_0, 0, 1;
    %load/vec4 v0x55efb6149c50_0;
    %inv;
    %store/vec4 v0x55efb6149d10_0, 0, 1;
    %pushi/vec4 1, 0, 1;
    %store/vec4 v0x55efb6149dd0_0, 0, 1;
    %load/vec4 v0x55efb6149dd0_0;
    %inv;
    %store/vec4 v0x55efb6149e90_0, 0, 1;
    %pushi/vec4 1, 0, 1;
    %store/vec4 v0x55efb614a380_0, 0, 1;
    %load/vec4 v0x55efb614a380_0;
    %inv;
    %store/vec4 v0x55efb614a1b0_0, 0, 1;
    %pushi/vec4 0, 0, 1;
    %store/vec4 v0x55efb6149a10_0, 0, 1;
    %jmp T_3.5;
T_3.4 ;
    %pushi/vec4 0, 0, 1;
    %store/vec4 v0x55efb61497b0_0, 0, 1;
    %pushi/vec4 0, 0, 1;
    %store/vec4 v0x55efb6149540_0, 0, 1;
    %pushi/vec4 0, 0, 1;
    %store/vec4 v0x55efb6149f50_0, 0, 1;
    %pushi/vec4 0, 0, 1;
    %store/vec4 v0x55efb614a010_0, 0, 1;
    %pushi/vec4 0, 0, 1;
    %store/vec4 v0x55efb6149c50_0, 0, 1;
    %load/vec4 v0x55efb6149c50_0;
    %inv;
    %store/vec4 v0x55efb6149d10_0, 0, 1;
    %pushi/vec4 0, 0, 1;
    %store/vec4 v0x55efb6149dd0_0, 0, 1;
    %load/vec4 v0x55efb6149dd0_0;
    %inv;
    %store/vec4 v0x55efb6149e90_0, 0, 1;
    %pushi/vec4 0, 0, 1;
    %store/vec4 v0x55efb614a380_0, 0, 1;
    %load/vec4 v0x55efb614a380_0;
    %inv;
    %store/vec4 v0x55efb614a1b0_0, 0, 1;
    %pushi/vec4 1, 0, 1;
    %store/vec4 v0x55efb6149a10_0, 0, 1;
    %jmp T_3.5;
T_3.5 ;
    %pop/vec4 1;
    %jmp T_3;
    .thread T_3, $push;
    .scope S_0x55efb614a640;
T_4 ;
    %pushi/vec4 0, 0, 10;
    %store/vec4 v0x55efb614ac10_0, 0, 10;
    %end;
    .thread T_4;
    .scope S_0x55efb614a640;
T_5 ;
    %wait E_0x55efb614a840;
    %load/vec4 v0x55efb614ad20_0;
    %flag_set/vec4 8;
    %jmp/0xz  T_5.0, 8;
    %pushi/vec4 0, 0, 10;
    %assign/vec4 v0x55efb614ac10_0, 0;
    %jmp T_5.1;
T_5.0 ;
    %load/vec4 v0x55efb614aa70_0;
    %nor/r;
    %flag_set/vec4 8;
    %load/vec4 v0x55efb614ac10_0;
    %load/vec4 v0x55efb614a9b0_0;
    %cmp/e;
    %flag_or 4, 8;
    %jmp/0xz  T_5.2, 4;
    %pushi/vec4 0, 0, 10;
    %assign/vec4 v0x55efb614ac10_0, 0;
    %jmp T_5.3;
T_5.2 ;
    %load/vec4 v0x55efb614ac10_0;
    %addi 1, 0, 10;
    %assign/vec4 v0x55efb614ac10_0, 0;
T_5.3 ;
T_5.1 ;
    %jmp T_5;
    .thread T_5;
    .scope S_0x55efb614ae80;
T_6 ;
    %pushi/vec4 0, 0, 10;
    %store/vec4 v0x55efb614b410_0, 0, 10;
    %end;
    .thread T_6;
    .scope S_0x55efb614ae80;
T_7 ;
    %wait E_0x55efb614b0d0;
    %load/vec4 v0x55efb614b5f0_0;
    %flag_set/vec4 8;
    %jmp/0xz  T_7.0, 8;
    %pushi/vec4 0, 0, 10;
    %assign/vec4 v0x55efb614b410_0, 0;
    %jmp T_7.1;
T_7.0 ;
    %load/vec4 v0x55efb614b250_0;
    %nor/r;
    %flag_set/vec4 8;
    %load/vec4 v0x55efb614b410_0;
    %load/vec4 v0x55efb614b150_0;
    %cmp/e;
    %flag_or 4, 8;
    %jmp/0xz  T_7.2, 4;
    %pushi/vec4 0, 0, 10;
    %assign/vec4 v0x55efb614b410_0, 0;
    %jmp T_7.3;
T_7.2 ;
    %load/vec4 v0x55efb614b410_0;
    %addi 1, 0, 10;
    %assign/vec4 v0x55efb614b410_0, 0;
T_7.3 ;
T_7.1 ;
    %jmp T_7;
    .thread T_7;
    .scope S_0x55efb614b750;
T_8 ;
    %pushi/vec4 0, 0, 1;
    %store/vec4 v0x55efb614bbe0_0, 0, 1;
    %end;
    .thread T_8;
    .scope S_0x55efb614b750;
T_9 ;
    %wait E_0x55efb61494e0;
    %load/vec4 v0x55efb614bff0_0;
    %flag_set/vec4 8;
    %jmp/0xz  T_9.0, 8;
    %pushi/vec4 1, 0, 4;
    %assign/vec4 v0x55efb614bf10_0, 0;
    %jmp T_9.1;
T_9.0 ;
    %load/vec4 v0x55efb614bbe0_0;
    %flag_set/vec4 8;
    %jmp/0xz  T_9.2, 8;
    %pushi/vec4 0, 0, 4;
    %assign/vec4 v0x55efb614bf10_0, 0;
    %jmp T_9.3;
T_9.2 ;
    %load/vec4 v0x55efb614bd20_0;
    %flag_set/vec4 8;
    %jmp/0xz  T_9.4, 8;
    %load/vec4 v0x55efb614bf10_0;
    %addi 1, 0, 4;
    %assign/vec4 v0x55efb614bf10_0, 0;
T_9.4 ;
T_9.3 ;
T_9.1 ;
    %jmp T_9;
    .thread T_9;
    .scope S_0x55efb614b750;
T_10 ;
    %wait E_0x55efb614b9a0;
    %load/vec4 v0x55efb614bc80_0;
    %assign/vec4 v0x55efb614bbe0_0, 0;
    %jmp T_10;
    .thread T_10;
    .scope S_0x55efb61477f0;
T_11 ;
    %wait E_0x55efb612c8e0;
    %load/vec4 v0x55efb6147c40_0;
    %dup/vec4;
    %pushi/vec4 0, 0, 4;
    %cmp/u;
    %jmp/1 T_11.0, 6;
    %dup/vec4;
    %pushi/vec4 1, 0, 4;
    %cmp/u;
    %jmp/1 T_11.1, 6;
    %dup/vec4;
    %pushi/vec4 2, 0, 4;
    %cmp/u;
    %jmp/1 T_11.2, 6;
    %dup/vec4;
    %pushi/vec4 3, 0, 4;
    %cmp/u;
    %jmp/1 T_11.3, 6;
    %dup/vec4;
    %pushi/vec4 4, 0, 4;
    %cmp/u;
    %jmp/1 T_11.4, 6;
    %dup/vec4;
    %pushi/vec4 5, 0, 4;
    %cmp/u;
    %jmp/1 T_11.5, 6;
    %dup/vec4;
    %pushi/vec4 6, 0, 4;
    %cmp/u;
    %jmp/1 T_11.6, 6;
    %dup/vec4;
    %pushi/vec4 7, 0, 4;
    %cmp/u;
    %jmp/1 T_11.7, 6;
    %dup/vec4;
    %pushi/vec4 8, 0, 4;
    %cmp/u;
    %jmp/1 T_11.8, 6;
    %dup/vec4;
    %pushi/vec4 9, 0, 4;
    %cmp/u;
    %jmp/1 T_11.9, 6;
    %dup/vec4;
    %pushi/vec4 10, 0, 4;
    %cmp/u;
    %jmp/1 T_11.10, 6;
    %dup/vec4;
    %pushi/vec4 11, 0, 4;
    %cmp/u;
    %jmp/1 T_11.11, 6;
    %dup/vec4;
    %pushi/vec4 12, 0, 4;
    %cmp/u;
    %jmp/1 T_11.12, 6;
    %dup/vec4;
    %pushi/vec4 13, 0, 4;
    %cmp/u;
    %jmp/1 T_11.13, 6;
    %dup/vec4;
    %pushi/vec4 14, 0, 4;
    %cmp/u;
    %jmp/1 T_11.14, 6;
    %dup/vec4;
    %pushi/vec4 15, 0, 4;
    %cmp/u;
    %jmp/1 T_11.15, 6;
    %pushi/vec4 0, 0, 16;
    %store/vec4 v0x55efb6147b80_0, 0, 16;
    %jmp T_11.17;
T_11.0 ;
    %pushi/vec4 0, 0, 16;
    %store/vec4 v0x55efb6147b80_0, 0, 16;
    %jmp T_11.17;
T_11.1 ;
    %load/vec4 v0x55efb6147aa0_0;
    %ix/load 4, 0, 0;
    %flag_set/imm 4, 0;
    %store/vec4 v0x55efb6147b80_0, 4, 1;
    %pushi/vec4 0, 0, 15;
    %ix/load 4, 1, 0;
    %flag_set/imm 4, 0;
    %store/vec4 v0x55efb6147b80_0, 4, 15;
    %jmp T_11.17;
T_11.2 ;
    %load/vec4 v0x55efb6147aa0_0;
    %ix/load 4, 1, 0;
    %flag_set/imm 4, 0;
    %store/vec4 v0x55efb6147b80_0, 4, 1;
    %pushi/vec4 0, 0, 1;
    %ix/load 4, 0, 0;
    %flag_set/imm 4, 0;
    %store/vec4 v0x55efb6147b80_0, 4, 1;
    %jmp T_11.17;
T_11.3 ;
    %load/vec4 v0x55efb6147aa0_0;
    %ix/load 4, 2, 0;
    %flag_set/imm 4, 0;
    %store/vec4 v0x55efb6147b80_0, 4, 1;
    %pushi/vec4 0, 0, 2;
    %ix/load 4, 0, 0;
    %flag_set/imm 4, 0;
    %store/vec4 v0x55efb6147b80_0, 4, 2;
    %jmp T_11.17;
T_11.4 ;
    %load/vec4 v0x55efb6147aa0_0;
    %ix/load 4, 3, 0;
    %flag_set/imm 4, 0;
    %store/vec4 v0x55efb6147b80_0, 4, 1;
    %pushi/vec4 0, 0, 3;
    %ix/load 4, 0, 0;
    %flag_set/imm 4, 0;
    %store/vec4 v0x55efb6147b80_0, 4, 3;
    %jmp T_11.17;
T_11.5 ;
    %load/vec4 v0x55efb6147aa0_0;
    %ix/load 4, 4, 0;
    %flag_set/imm 4, 0;
    %store/vec4 v0x55efb6147b80_0, 4, 1;
    %pushi/vec4 0, 0, 4;
    %ix/load 4, 0, 0;
    %flag_set/imm 4, 0;
    %store/vec4 v0x55efb6147b80_0, 4, 4;
    %jmp T_11.17;
T_11.6 ;
    %load/vec4 v0x55efb6147aa0_0;
    %ix/load 4, 5, 0;
    %flag_set/imm 4, 0;
    %store/vec4 v0x55efb6147b80_0, 4, 1;
    %pushi/vec4 0, 0, 5;
    %ix/load 4, 0, 0;
    %flag_set/imm 4, 0;
    %store/vec4 v0x55efb6147b80_0, 4, 5;
    %jmp T_11.17;
T_11.7 ;
    %load/vec4 v0x55efb6147aa0_0;
    %ix/load 4, 6, 0;
    %flag_set/imm 4, 0;
    %store/vec4 v0x55efb6147b80_0, 4, 1;
    %pushi/vec4 0, 0, 6;
    %ix/load 4, 0, 0;
    %flag_set/imm 4, 0;
    %store/vec4 v0x55efb6147b80_0, 4, 6;
    %jmp T_11.17;
T_11.8 ;
    %load/vec4 v0x55efb6147aa0_0;
    %ix/load 4, 7, 0;
    %flag_set/imm 4, 0;
    %store/vec4 v0x55efb6147b80_0, 4, 1;
    %pushi/vec4 0, 0, 7;
    %ix/load 4, 0, 0;
    %flag_set/imm 4, 0;
    %store/vec4 v0x55efb6147b80_0, 4, 7;
    %jmp T_11.17;
T_11.9 ;
    %load/vec4 v0x55efb6147aa0_0;
    %ix/load 4, 8, 0;
    %flag_set/imm 4, 0;
    %store/vec4 v0x55efb6147b80_0, 4, 1;
    %pushi/vec4 0, 0, 8;
    %ix/load 4, 0, 0;
    %flag_set/imm 4, 0;
    %store/vec4 v0x55efb6147b80_0, 4, 8;
    %jmp T_11.17;
T_11.10 ;
    %load/vec4 v0x55efb6147aa0_0;
    %ix/load 4, 9, 0;
    %flag_set/imm 4, 0;
    %store/vec4 v0x55efb6147b80_0, 4, 1;
    %pushi/vec4 0, 0, 9;
    %ix/load 4, 0, 0;
    %flag_set/imm 4, 0;
    %store/vec4 v0x55efb6147b80_0, 4, 9;
    %jmp T_11.17;
T_11.11 ;
    %load/vec4 v0x55efb6147aa0_0;
    %ix/load 4, 10, 0;
    %flag_set/imm 4, 0;
    %store/vec4 v0x55efb6147b80_0, 4, 1;
    %pushi/vec4 0, 0, 10;
    %ix/load 4, 0, 0;
    %flag_set/imm 4, 0;
    %store/vec4 v0x55efb6147b80_0, 4, 10;
    %jmp T_11.17;
T_11.12 ;
    %load/vec4 v0x55efb6147aa0_0;
    %ix/load 4, 11, 0;
    %flag_set/imm 4, 0;
    %store/vec4 v0x55efb6147b80_0, 4, 1;
    %pushi/vec4 0, 0, 11;
    %ix/load 4, 0, 0;
    %flag_set/imm 4, 0;
    %store/vec4 v0x55efb6147b80_0, 4, 11;
    %jmp T_11.17;
T_11.13 ;
    %load/vec4 v0x55efb6147aa0_0;
    %ix/load 4, 12, 0;
    %flag_set/imm 4, 0;
    %store/vec4 v0x55efb6147b80_0, 4, 1;
    %pushi/vec4 0, 0, 12;
    %ix/load 4, 0, 0;
    %flag_set/imm 4, 0;
    %store/vec4 v0x55efb6147b80_0, 4, 12;
    %jmp T_11.17;
T_11.14 ;
    %load/vec4 v0x55efb6147aa0_0;
    %ix/load 4, 13, 0;
    %flag_set/imm 4, 0;
    %store/vec4 v0x55efb6147b80_0, 4, 1;
    %pushi/vec4 0, 0, 13;
    %ix/load 4, 0, 0;
    %flag_set/imm 4, 0;
    %store/vec4 v0x55efb6147b80_0, 4, 13;
    %jmp T_11.17;
T_11.15 ;
    %load/vec4 v0x55efb6147aa0_0;
    %ix/load 4, 14, 0;
    %flag_set/imm 4, 0;
    %store/vec4 v0x55efb6147b80_0, 4, 1;
    %pushi/vec4 0, 0, 14;
    %ix/load 4, 0, 0;
    %flag_set/imm 4, 0;
    %store/vec4 v0x55efb6147b80_0, 4, 14;
    %jmp T_11.17;
T_11.17 ;
    %pop/vec4 1;
    %jmp T_11;
    .thread T_11, $push;
    .scope S_0x55efb6147d60;
T_12 ;
    %wait E_0x55efb612d4e0;
    %load/vec4 v0x55efb61480c0_0;
    %dup/vec4;
    %pushi/vec4 0, 0, 4;
    %cmp/u;
    %jmp/1 T_12.0, 6;
    %dup/vec4;
    %pushi/vec4 1, 0, 4;
    %cmp/u;
    %jmp/1 T_12.1, 6;
    %dup/vec4;
    %pushi/vec4 2, 0, 4;
    %cmp/u;
    %jmp/1 T_12.2, 6;
    %dup/vec4;
    %pushi/vec4 3, 0, 4;
    %cmp/u;
    %jmp/1 T_12.3, 6;
    %dup/vec4;
    %pushi/vec4 4, 0, 4;
    %cmp/u;
    %jmp/1 T_12.4, 6;
    %dup/vec4;
    %pushi/vec4 5, 0, 4;
    %cmp/u;
    %jmp/1 T_12.5, 6;
    %dup/vec4;
    %pushi/vec4 6, 0, 4;
    %cmp/u;
    %jmp/1 T_12.6, 6;
    %dup/vec4;
    %pushi/vec4 7, 0, 4;
    %cmp/u;
    %jmp/1 T_12.7, 6;
    %dup/vec4;
    %pushi/vec4 8, 0, 4;
    %cmp/u;
    %jmp/1 T_12.8, 6;
    %dup/vec4;
    %pushi/vec4 9, 0, 4;
    %cmp/u;
    %jmp/1 T_12.9, 6;
    %dup/vec4;
    %pushi/vec4 10, 0, 4;
    %cmp/u;
    %jmp/1 T_12.10, 6;
    %dup/vec4;
    %pushi/vec4 11, 0, 4;
    %cmp/u;
    %jmp/1 T_12.11, 6;
    %dup/vec4;
    %pushi/vec4 12, 0, 4;
    %cmp/u;
    %jmp/1 T_12.12, 6;
    %dup/vec4;
    %pushi/vec4 13, 0, 4;
    %cmp/u;
    %jmp/1 T_12.13, 6;
    %dup/vec4;
    %pushi/vec4 14, 0, 4;
    %cmp/u;
    %jmp/1 T_12.14, 6;
    %dup/vec4;
    %pushi/vec4 15, 0, 4;
    %cmp/u;
    %jmp/1 T_12.15, 6;
    %pushi/vec4 0, 0, 16;
    %store/vec4 v0x55efb6148000_0, 0, 16;
    %jmp T_12.17;
T_12.0 ;
    %pushi/vec4 0, 0, 16;
    %store/vec4 v0x55efb6148000_0, 0, 16;
    %jmp T_12.17;
T_12.1 ;
    %load/vec4 v0x55efb6147f20_0;
    %ix/load 4, 0, 0;
    %flag_set/imm 4, 0;
    %store/vec4 v0x55efb6148000_0, 4, 1;
    %pushi/vec4 0, 0, 15;
    %ix/load 4, 1, 0;
    %flag_set/imm 4, 0;
    %store/vec4 v0x55efb6148000_0, 4, 15;
    %jmp T_12.17;
T_12.2 ;
    %load/vec4 v0x55efb6147f20_0;
    %ix/load 4, 1, 0;
    %flag_set/imm 4, 0;
    %store/vec4 v0x55efb6148000_0, 4, 1;
    %pushi/vec4 0, 0, 1;
    %ix/load 4, 0, 0;
    %flag_set/imm 4, 0;
    %store/vec4 v0x55efb6148000_0, 4, 1;
    %jmp T_12.17;
T_12.3 ;
    %load/vec4 v0x55efb6147f20_0;
    %ix/load 4, 2, 0;
    %flag_set/imm 4, 0;
    %store/vec4 v0x55efb6148000_0, 4, 1;
    %pushi/vec4 0, 0, 2;
    %ix/load 4, 0, 0;
    %flag_set/imm 4, 0;
    %store/vec4 v0x55efb6148000_0, 4, 2;
    %jmp T_12.17;
T_12.4 ;
    %load/vec4 v0x55efb6147f20_0;
    %ix/load 4, 3, 0;
    %flag_set/imm 4, 0;
    %store/vec4 v0x55efb6148000_0, 4, 1;
    %pushi/vec4 0, 0, 3;
    %ix/load 4, 0, 0;
    %flag_set/imm 4, 0;
    %store/vec4 v0x55efb6148000_0, 4, 3;
    %jmp T_12.17;
T_12.5 ;
    %load/vec4 v0x55efb6147f20_0;
    %ix/load 4, 4, 0;
    %flag_set/imm 4, 0;
    %store/vec4 v0x55efb6148000_0, 4, 1;
    %pushi/vec4 0, 0, 4;
    %ix/load 4, 0, 0;
    %flag_set/imm 4, 0;
    %store/vec4 v0x55efb6148000_0, 4, 4;
    %jmp T_12.17;
T_12.6 ;
    %load/vec4 v0x55efb6147f20_0;
    %ix/load 4, 5, 0;
    %flag_set/imm 4, 0;
    %store/vec4 v0x55efb6148000_0, 4, 1;
    %pushi/vec4 0, 0, 5;
    %ix/load 4, 0, 0;
    %flag_set/imm 4, 0;
    %store/vec4 v0x55efb6148000_0, 4, 5;
    %jmp T_12.17;
T_12.7 ;
    %load/vec4 v0x55efb6147f20_0;
    %ix/load 4, 6, 0;
    %flag_set/imm 4, 0;
    %store/vec4 v0x55efb6148000_0, 4, 1;
    %pushi/vec4 0, 0, 6;
    %ix/load 4, 0, 0;
    %flag_set/imm 4, 0;
    %store/vec4 v0x55efb6148000_0, 4, 6;
    %jmp T_12.17;
T_12.8 ;
    %load/vec4 v0x55efb6147f20_0;
    %ix/load 4, 7, 0;
    %flag_set/imm 4, 0;
    %store/vec4 v0x55efb6148000_0, 4, 1;
    %pushi/vec4 0, 0, 7;
    %ix/load 4, 0, 0;
    %flag_set/imm 4, 0;
    %store/vec4 v0x55efb6148000_0, 4, 7;
    %jmp T_12.17;
T_12.9 ;
    %load/vec4 v0x55efb6147f20_0;
    %ix/load 4, 8, 0;
    %flag_set/imm 4, 0;
    %store/vec4 v0x55efb6148000_0, 4, 1;
    %pushi/vec4 0, 0, 8;
    %ix/load 4, 0, 0;
    %flag_set/imm 4, 0;
    %store/vec4 v0x55efb6148000_0, 4, 8;
    %jmp T_12.17;
T_12.10 ;
    %load/vec4 v0x55efb6147f20_0;
    %ix/load 4, 9, 0;
    %flag_set/imm 4, 0;
    %store/vec4 v0x55efb6148000_0, 4, 1;
    %pushi/vec4 0, 0, 9;
    %ix/load 4, 0, 0;
    %flag_set/imm 4, 0;
    %store/vec4 v0x55efb6148000_0, 4, 9;
    %jmp T_12.17;
T_12.11 ;
    %load/vec4 v0x55efb6147f20_0;
    %ix/load 4, 10, 0;
    %flag_set/imm 4, 0;
    %store/vec4 v0x55efb6148000_0, 4, 1;
    %pushi/vec4 0, 0, 10;
    %ix/load 4, 0, 0;
    %flag_set/imm 4, 0;
    %store/vec4 v0x55efb6148000_0, 4, 10;
    %jmp T_12.17;
T_12.12 ;
    %load/vec4 v0x55efb6147f20_0;
    %ix/load 4, 11, 0;
    %flag_set/imm 4, 0;
    %store/vec4 v0x55efb6148000_0, 4, 1;
    %pushi/vec4 0, 0, 11;
    %ix/load 4, 0, 0;
    %flag_set/imm 4, 0;
    %store/vec4 v0x55efb6148000_0, 4, 11;
    %jmp T_12.17;
T_12.13 ;
    %load/vec4 v0x55efb6147f20_0;
    %ix/load 4, 12, 0;
    %flag_set/imm 4, 0;
    %store/vec4 v0x55efb6148000_0, 4, 1;
    %pushi/vec4 0, 0, 12;
    %ix/load 4, 0, 0;
    %flag_set/imm 4, 0;
    %store/vec4 v0x55efb6148000_0, 4, 12;
    %jmp T_12.17;
T_12.14 ;
    %load/vec4 v0x55efb6147f20_0;
    %ix/load 4, 13, 0;
    %flag_set/imm 4, 0;
    %store/vec4 v0x55efb6148000_0, 4, 1;
    %pushi/vec4 0, 0, 13;
    %ix/load 4, 0, 0;
    %flag_set/imm 4, 0;
    %store/vec4 v0x55efb6148000_0, 4, 13;
    %jmp T_12.17;
T_12.15 ;
    %load/vec4 v0x55efb6147f20_0;
    %ix/load 4, 14, 0;
    %flag_set/imm 4, 0;
    %store/vec4 v0x55efb6148000_0, 4, 1;
    %pushi/vec4 0, 0, 14;
    %ix/load 4, 0, 0;
    %flag_set/imm 4, 0;
    %store/vec4 v0x55efb6148000_0, 4, 14;
    %jmp T_12.17;
T_12.17 ;
    %pop/vec4 1;
    %jmp T_12;
    .thread T_12, $push;
    .scope S_0x55efb60f6bc0;
T_13 ;
    %wait E_0x55efb60bdab0;
    %load/vec4 v0x55efb6103ee0_0;
    %dup/vec4;
    %pushi/vec4 0, 0, 4;
    %cmp/u;
    %jmp/1 T_13.0, 6;
    %dup/vec4;
    %pushi/vec4 1, 0, 4;
    %cmp/u;
    %jmp/1 T_13.1, 6;
    %dup/vec4;
    %pushi/vec4 2, 0, 4;
    %cmp/u;
    %jmp/1 T_13.2, 6;
    %dup/vec4;
    %pushi/vec4 3, 0, 4;
    %cmp/u;
    %jmp/1 T_13.3, 6;
    %dup/vec4;
    %pushi/vec4 4, 0, 4;
    %cmp/u;
    %jmp/1 T_13.4, 6;
    %dup/vec4;
    %pushi/vec4 5, 0, 4;
    %cmp/u;
    %jmp/1 T_13.5, 6;
    %dup/vec4;
    %pushi/vec4 6, 0, 4;
    %cmp/u;
    %jmp/1 T_13.6, 6;
    %dup/vec4;
    %pushi/vec4 7, 0, 4;
    %cmp/u;
    %jmp/1 T_13.7, 6;
    %dup/vec4;
    %pushi/vec4 8, 0, 4;
    %cmp/u;
    %jmp/1 T_13.8, 6;
    %dup/vec4;
    %pushi/vec4 9, 0, 4;
    %cmp/u;
    %jmp/1 T_13.9, 6;
    %dup/vec4;
    %pushi/vec4 10, 0, 4;
    %cmp/u;
    %jmp/1 T_13.10, 6;
    %dup/vec4;
    %pushi/vec4 11, 0, 4;
    %cmp/u;
    %jmp/1 T_13.11, 6;
    %dup/vec4;
    %pushi/vec4 12, 0, 4;
    %cmp/u;
    %jmp/1 T_13.12, 6;
    %dup/vec4;
    %pushi/vec4 13, 0, 4;
    %cmp/u;
    %jmp/1 T_13.13, 6;
    %dup/vec4;
    %pushi/vec4 14, 0, 4;
    %cmp/u;
    %jmp/1 T_13.14, 6;
    %dup/vec4;
    %pushi/vec4 15, 0, 4;
    %cmp/u;
    %jmp/1 T_13.15, 6;
    %pushi/vec4 0, 0, 16;
    %store/vec4 v0x55efb6103de0_0, 0, 16;
    %jmp T_13.17;
T_13.0 ;
    %pushi/vec4 0, 0, 16;
    %store/vec4 v0x55efb6103de0_0, 0, 16;
    %jmp T_13.17;
T_13.1 ;
    %load/vec4 v0x55efb612d520_0;
    %ix/load 4, 0, 0;
    %flag_set/imm 4, 0;
    %store/vec4 v0x55efb6103de0_0, 4, 1;
    %pushi/vec4 0, 0, 15;
    %ix/load 4, 1, 0;
    %flag_set/imm 4, 0;
    %store/vec4 v0x55efb6103de0_0, 4, 15;
    %jmp T_13.17;
T_13.2 ;
    %load/vec4 v0x55efb612d520_0;
    %ix/load 4, 1, 0;
    %flag_set/imm 4, 0;
    %store/vec4 v0x55efb6103de0_0, 4, 1;
    %pushi/vec4 0, 0, 1;
    %ix/load 4, 0, 0;
    %flag_set/imm 4, 0;
    %store/vec4 v0x55efb6103de0_0, 4, 1;
    %jmp T_13.17;
T_13.3 ;
    %load/vec4 v0x55efb612d520_0;
    %ix/load 4, 2, 0;
    %flag_set/imm 4, 0;
    %store/vec4 v0x55efb6103de0_0, 4, 1;
    %pushi/vec4 0, 0, 2;
    %ix/load 4, 0, 0;
    %flag_set/imm 4, 0;
    %store/vec4 v0x55efb6103de0_0, 4, 2;
    %jmp T_13.17;
T_13.4 ;
    %load/vec4 v0x55efb612d520_0;
    %ix/load 4, 3, 0;
    %flag_set/imm 4, 0;
    %store/vec4 v0x55efb6103de0_0, 4, 1;
    %pushi/vec4 0, 0, 3;
    %ix/load 4, 0, 0;
    %flag_set/imm 4, 0;
    %store/vec4 v0x55efb6103de0_0, 4, 3;
    %jmp T_13.17;
T_13.5 ;
    %load/vec4 v0x55efb612d520_0;
    %ix/load 4, 4, 0;
    %flag_set/imm 4, 0;
    %store/vec4 v0x55efb6103de0_0, 4, 1;
    %pushi/vec4 0, 0, 4;
    %ix/load 4, 0, 0;
    %flag_set/imm 4, 0;
    %store/vec4 v0x55efb6103de0_0, 4, 4;
    %jmp T_13.17;
T_13.6 ;
    %load/vec4 v0x55efb612d520_0;
    %ix/load 4, 5, 0;
    %flag_set/imm 4, 0;
    %store/vec4 v0x55efb6103de0_0, 4, 1;
    %pushi/vec4 0, 0, 5;
    %ix/load 4, 0, 0;
    %flag_set/imm 4, 0;
    %store/vec4 v0x55efb6103de0_0, 4, 5;
    %jmp T_13.17;
T_13.7 ;
    %load/vec4 v0x55efb612d520_0;
    %ix/load 4, 6, 0;
    %flag_set/imm 4, 0;
    %store/vec4 v0x55efb6103de0_0, 4, 1;
    %pushi/vec4 0, 0, 6;
    %ix/load 4, 0, 0;
    %flag_set/imm 4, 0;
    %store/vec4 v0x55efb6103de0_0, 4, 6;
    %jmp T_13.17;
T_13.8 ;
    %load/vec4 v0x55efb612d520_0;
    %ix/load 4, 7, 0;
    %flag_set/imm 4, 0;
    %store/vec4 v0x55efb6103de0_0, 4, 1;
    %pushi/vec4 0, 0, 7;
    %ix/load 4, 0, 0;
    %flag_set/imm 4, 0;
    %store/vec4 v0x55efb6103de0_0, 4, 7;
    %jmp T_13.17;
T_13.9 ;
    %load/vec4 v0x55efb612d520_0;
    %ix/load 4, 8, 0;
    %flag_set/imm 4, 0;
    %store/vec4 v0x55efb6103de0_0, 4, 1;
    %pushi/vec4 0, 0, 8;
    %ix/load 4, 0, 0;
    %flag_set/imm 4, 0;
    %store/vec4 v0x55efb6103de0_0, 4, 8;
    %jmp T_13.17;
T_13.10 ;
    %load/vec4 v0x55efb612d520_0;
    %ix/load 4, 9, 0;
    %flag_set/imm 4, 0;
    %store/vec4 v0x55efb6103de0_0, 4, 1;
    %pushi/vec4 0, 0, 9;
    %ix/load 4, 0, 0;
    %flag_set/imm 4, 0;
    %store/vec4 v0x55efb6103de0_0, 4, 9;
    %jmp T_13.17;
T_13.11 ;
    %load/vec4 v0x55efb612d520_0;
    %ix/load 4, 10, 0;
    %flag_set/imm 4, 0;
    %store/vec4 v0x55efb6103de0_0, 4, 1;
    %pushi/vec4 0, 0, 10;
    %ix/load 4, 0, 0;
    %flag_set/imm 4, 0;
    %store/vec4 v0x55efb6103de0_0, 4, 10;
    %jmp T_13.17;
T_13.12 ;
    %load/vec4 v0x55efb612d520_0;
    %ix/load 4, 11, 0;
    %flag_set/imm 4, 0;
    %store/vec4 v0x55efb6103de0_0, 4, 1;
    %pushi/vec4 0, 0, 11;
    %ix/load 4, 0, 0;
    %flag_set/imm 4, 0;
    %store/vec4 v0x55efb6103de0_0, 4, 11;
    %jmp T_13.17;
T_13.13 ;
    %load/vec4 v0x55efb612d520_0;
    %ix/load 4, 12, 0;
    %flag_set/imm 4, 0;
    %store/vec4 v0x55efb6103de0_0, 4, 1;
    %pushi/vec4 0, 0, 12;
    %ix/load 4, 0, 0;
    %flag_set/imm 4, 0;
    %store/vec4 v0x55efb6103de0_0, 4, 12;
    %jmp T_13.17;
T_13.14 ;
    %load/vec4 v0x55efb612d520_0;
    %ix/load 4, 13, 0;
    %flag_set/imm 4, 0;
    %store/vec4 v0x55efb6103de0_0, 4, 1;
    %pushi/vec4 0, 0, 13;
    %ix/load 4, 0, 0;
    %flag_set/imm 4, 0;
    %store/vec4 v0x55efb6103de0_0, 4, 13;
    %jmp T_13.17;
T_13.15 ;
    %load/vec4 v0x55efb612d520_0;
    %ix/load 4, 14, 0;
    %flag_set/imm 4, 0;
    %store/vec4 v0x55efb6103de0_0, 4, 1;
    %pushi/vec4 0, 0, 14;
    %ix/load 4, 0, 0;
    %flag_set/imm 4, 0;
    %store/vec4 v0x55efb6103de0_0, 4, 14;
    %jmp T_13.17;
T_13.17 ;
    %pop/vec4 1;
    %jmp T_13;
    .thread T_13, $push;
    .scope S_0x55efb6146d00;
T_14 ;
    %wait E_0x55efb60bd4f0;
    %load/vec4 v0x55efb6147160_0;
    %dup/vec4;
    %pushi/vec4 0, 0, 4;
    %cmp/u;
    %jmp/1 T_14.0, 6;
    %dup/vec4;
    %pushi/vec4 1, 0, 4;
    %cmp/u;
    %jmp/1 T_14.1, 6;
    %dup/vec4;
    %pushi/vec4 2, 0, 4;
    %cmp/u;
    %jmp/1 T_14.2, 6;
    %dup/vec4;
    %pushi/vec4 3, 0, 4;
    %cmp/u;
    %jmp/1 T_14.3, 6;
    %dup/vec4;
    %pushi/vec4 4, 0, 4;
    %cmp/u;
    %jmp/1 T_14.4, 6;
    %dup/vec4;
    %pushi/vec4 5, 0, 4;
    %cmp/u;
    %jmp/1 T_14.5, 6;
    %dup/vec4;
    %pushi/vec4 6, 0, 4;
    %cmp/u;
    %jmp/1 T_14.6, 6;
    %dup/vec4;
    %pushi/vec4 7, 0, 4;
    %cmp/u;
    %jmp/1 T_14.7, 6;
    %dup/vec4;
    %pushi/vec4 8, 0, 4;
    %cmp/u;
    %jmp/1 T_14.8, 6;
    %dup/vec4;
    %pushi/vec4 9, 0, 4;
    %cmp/u;
    %jmp/1 T_14.9, 6;
    %dup/vec4;
    %pushi/vec4 10, 0, 4;
    %cmp/u;
    %jmp/1 T_14.10, 6;
    %dup/vec4;
    %pushi/vec4 11, 0, 4;
    %cmp/u;
    %jmp/1 T_14.11, 6;
    %dup/vec4;
    %pushi/vec4 12, 0, 4;
    %cmp/u;
    %jmp/1 T_14.12, 6;
    %dup/vec4;
    %pushi/vec4 13, 0, 4;
    %cmp/u;
    %jmp/1 T_14.13, 6;
    %dup/vec4;
    %pushi/vec4 14, 0, 4;
    %cmp/u;
    %jmp/1 T_14.14, 6;
    %dup/vec4;
    %pushi/vec4 15, 0, 4;
    %cmp/u;
    %jmp/1 T_14.15, 6;
    %pushi/vec4 0, 0, 16;
    %store/vec4 v0x55efb6147050_0, 0, 16;
    %jmp T_14.17;
T_14.0 ;
    %pushi/vec4 0, 0, 16;
    %store/vec4 v0x55efb6147050_0, 0, 16;
    %jmp T_14.17;
T_14.1 ;
    %load/vec4 v0x55efb6146f70_0;
    %ix/load 4, 0, 0;
    %flag_set/imm 4, 0;
    %store/vec4 v0x55efb6147050_0, 4, 1;
    %pushi/vec4 0, 0, 15;
    %ix/load 4, 1, 0;
    %flag_set/imm 4, 0;
    %store/vec4 v0x55efb6147050_0, 4, 15;
    %jmp T_14.17;
T_14.2 ;
    %load/vec4 v0x55efb6146f70_0;
    %ix/load 4, 1, 0;
    %flag_set/imm 4, 0;
    %store/vec4 v0x55efb6147050_0, 4, 1;
    %pushi/vec4 0, 0, 1;
    %ix/load 4, 0, 0;
    %flag_set/imm 4, 0;
    %store/vec4 v0x55efb6147050_0, 4, 1;
    %jmp T_14.17;
T_14.3 ;
    %load/vec4 v0x55efb6146f70_0;
    %ix/load 4, 2, 0;
    %flag_set/imm 4, 0;
    %store/vec4 v0x55efb6147050_0, 4, 1;
    %pushi/vec4 0, 0, 2;
    %ix/load 4, 0, 0;
    %flag_set/imm 4, 0;
    %store/vec4 v0x55efb6147050_0, 4, 2;
    %jmp T_14.17;
T_14.4 ;
    %load/vec4 v0x55efb6146f70_0;
    %ix/load 4, 3, 0;
    %flag_set/imm 4, 0;
    %store/vec4 v0x55efb6147050_0, 4, 1;
    %pushi/vec4 0, 0, 3;
    %ix/load 4, 0, 0;
    %flag_set/imm 4, 0;
    %store/vec4 v0x55efb6147050_0, 4, 3;
    %jmp T_14.17;
T_14.5 ;
    %load/vec4 v0x55efb6146f70_0;
    %ix/load 4, 4, 0;
    %flag_set/imm 4, 0;
    %store/vec4 v0x55efb6147050_0, 4, 1;
    %pushi/vec4 0, 0, 4;
    %ix/load 4, 0, 0;
    %flag_set/imm 4, 0;
    %store/vec4 v0x55efb6147050_0, 4, 4;
    %jmp T_14.17;
T_14.6 ;
    %load/vec4 v0x55efb6146f70_0;
    %ix/load 4, 5, 0;
    %flag_set/imm 4, 0;
    %store/vec4 v0x55efb6147050_0, 4, 1;
    %pushi/vec4 0, 0, 5;
    %ix/load 4, 0, 0;
    %flag_set/imm 4, 0;
    %store/vec4 v0x55efb6147050_0, 4, 5;
    %jmp T_14.17;
T_14.7 ;
    %load/vec4 v0x55efb6146f70_0;
    %ix/load 4, 6, 0;
    %flag_set/imm 4, 0;
    %store/vec4 v0x55efb6147050_0, 4, 1;
    %pushi/vec4 0, 0, 6;
    %ix/load 4, 0, 0;
    %flag_set/imm 4, 0;
    %store/vec4 v0x55efb6147050_0, 4, 6;
    %jmp T_14.17;
T_14.8 ;
    %load/vec4 v0x55efb6146f70_0;
    %ix/load 4, 7, 0;
    %flag_set/imm 4, 0;
    %store/vec4 v0x55efb6147050_0, 4, 1;
    %pushi/vec4 0, 0, 7;
    %ix/load 4, 0, 0;
    %flag_set/imm 4, 0;
    %store/vec4 v0x55efb6147050_0, 4, 7;
    %jmp T_14.17;
T_14.9 ;
    %load/vec4 v0x55efb6146f70_0;
    %ix/load 4, 8, 0;
    %flag_set/imm 4, 0;
    %store/vec4 v0x55efb6147050_0, 4, 1;
    %pushi/vec4 0, 0, 8;
    %ix/load 4, 0, 0;
    %flag_set/imm 4, 0;
    %store/vec4 v0x55efb6147050_0, 4, 8;
    %jmp T_14.17;
T_14.10 ;
    %load/vec4 v0x55efb6146f70_0;
    %ix/load 4, 9, 0;
    %flag_set/imm 4, 0;
    %store/vec4 v0x55efb6147050_0, 4, 1;
    %pushi/vec4 0, 0, 9;
    %ix/load 4, 0, 0;
    %flag_set/imm 4, 0;
    %store/vec4 v0x55efb6147050_0, 4, 9;
    %jmp T_14.17;
T_14.11 ;
    %load/vec4 v0x55efb6146f70_0;
    %ix/load 4, 10, 0;
    %flag_set/imm 4, 0;
    %store/vec4 v0x55efb6147050_0, 4, 1;
    %pushi/vec4 0, 0, 10;
    %ix/load 4, 0, 0;
    %flag_set/imm 4, 0;
    %store/vec4 v0x55efb6147050_0, 4, 10;
    %jmp T_14.17;
T_14.12 ;
    %load/vec4 v0x55efb6146f70_0;
    %ix/load 4, 11, 0;
    %flag_set/imm 4, 0;
    %store/vec4 v0x55efb6147050_0, 4, 1;
    %pushi/vec4 0, 0, 11;
    %ix/load 4, 0, 0;
    %flag_set/imm 4, 0;
    %store/vec4 v0x55efb6147050_0, 4, 11;
    %jmp T_14.17;
T_14.13 ;
    %load/vec4 v0x55efb6146f70_0;
    %ix/load 4, 12, 0;
    %flag_set/imm 4, 0;
    %store/vec4 v0x55efb6147050_0, 4, 1;
    %pushi/vec4 0, 0, 12;
    %ix/load 4, 0, 0;
    %flag_set/imm 4, 0;
    %store/vec4 v0x55efb6147050_0, 4, 12;
    %jmp T_14.17;
T_14.14 ;
    %load/vec4 v0x55efb6146f70_0;
    %ix/load 4, 13, 0;
    %flag_set/imm 4, 0;
    %store/vec4 v0x55efb6147050_0, 4, 1;
    %pushi/vec4 0, 0, 13;
    %ix/load 4, 0, 0;
    %flag_set/imm 4, 0;
    %store/vec4 v0x55efb6147050_0, 4, 13;
    %jmp T_14.17;
T_14.15 ;
    %load/vec4 v0x55efb6146f70_0;
    %ix/load 4, 14, 0;
    %flag_set/imm 4, 0;
    %store/vec4 v0x55efb6147050_0, 4, 1;
    %pushi/vec4 0, 0, 14;
    %ix/load 4, 0, 0;
    %flag_set/imm 4, 0;
    %store/vec4 v0x55efb6147050_0, 4, 14;
    %jmp T_14.17;
T_14.17 ;
    %pop/vec4 1;
    %jmp T_14;
    .thread T_14, $push;
    .scope S_0x55efb61467c0;
T_15 ;
    %wait E_0x55efb60bdca0;
    %load/vec4 v0x55efb6146bc0_0;
    %dup/vec4;
    %pushi/vec4 0, 0, 4;
    %cmp/u;
    %jmp/1 T_15.0, 6;
    %dup/vec4;
    %pushi/vec4 1, 0, 4;
    %cmp/u;
    %jmp/1 T_15.1, 6;
    %dup/vec4;
    %pushi/vec4 2, 0, 4;
    %cmp/u;
    %jmp/1 T_15.2, 6;
    %dup/vec4;
    %pushi/vec4 3, 0, 4;
    %cmp/u;
    %jmp/1 T_15.3, 6;
    %dup/vec4;
    %pushi/vec4 4, 0, 4;
    %cmp/u;
    %jmp/1 T_15.4, 6;
    %dup/vec4;
    %pushi/vec4 5, 0, 4;
    %cmp/u;
    %jmp/1 T_15.5, 6;
    %dup/vec4;
    %pushi/vec4 6, 0, 4;
    %cmp/u;
    %jmp/1 T_15.6, 6;
    %dup/vec4;
    %pushi/vec4 7, 0, 4;
    %cmp/u;
    %jmp/1 T_15.7, 6;
    %dup/vec4;
    %pushi/vec4 8, 0, 4;
    %cmp/u;
    %jmp/1 T_15.8, 6;
    %dup/vec4;
    %pushi/vec4 9, 0, 4;
    %cmp/u;
    %jmp/1 T_15.9, 6;
    %dup/vec4;
    %pushi/vec4 10, 0, 4;
    %cmp/u;
    %jmp/1 T_15.10, 6;
    %dup/vec4;
    %pushi/vec4 11, 0, 4;
    %cmp/u;
    %jmp/1 T_15.11, 6;
    %dup/vec4;
    %pushi/vec4 12, 0, 4;
    %cmp/u;
    %jmp/1 T_15.12, 6;
    %dup/vec4;
    %pushi/vec4 13, 0, 4;
    %cmp/u;
    %jmp/1 T_15.13, 6;
    %dup/vec4;
    %pushi/vec4 14, 0, 4;
    %cmp/u;
    %jmp/1 T_15.14, 6;
    %dup/vec4;
    %pushi/vec4 15, 0, 4;
    %cmp/u;
    %jmp/1 T_15.15, 6;
    %pushi/vec4 0, 0, 16;
    %store/vec4 v0x55efb6146b00_0, 0, 16;
    %jmp T_15.17;
T_15.0 ;
    %pushi/vec4 0, 0, 16;
    %store/vec4 v0x55efb6146b00_0, 0, 16;
    %jmp T_15.17;
T_15.1 ;
    %load/vec4 v0x55efb6146a20_0;
    %ix/load 4, 0, 0;
    %flag_set/imm 4, 0;
    %store/vec4 v0x55efb6146b00_0, 4, 1;
    %pushi/vec4 0, 0, 15;
    %ix/load 4, 1, 0;
    %flag_set/imm 4, 0;
    %store/vec4 v0x55efb6146b00_0, 4, 15;
    %jmp T_15.17;
T_15.2 ;
    %load/vec4 v0x55efb6146a20_0;
    %ix/load 4, 1, 0;
    %flag_set/imm 4, 0;
    %store/vec4 v0x55efb6146b00_0, 4, 1;
    %pushi/vec4 0, 0, 1;
    %ix/load 4, 0, 0;
    %flag_set/imm 4, 0;
    %store/vec4 v0x55efb6146b00_0, 4, 1;
    %jmp T_15.17;
T_15.3 ;
    %load/vec4 v0x55efb6146a20_0;
    %ix/load 4, 2, 0;
    %flag_set/imm 4, 0;
    %store/vec4 v0x55efb6146b00_0, 4, 1;
    %pushi/vec4 0, 0, 2;
    %ix/load 4, 0, 0;
    %flag_set/imm 4, 0;
    %store/vec4 v0x55efb6146b00_0, 4, 2;
    %jmp T_15.17;
T_15.4 ;
    %load/vec4 v0x55efb6146a20_0;
    %ix/load 4, 3, 0;
    %flag_set/imm 4, 0;
    %store/vec4 v0x55efb6146b00_0, 4, 1;
    %pushi/vec4 0, 0, 3;
    %ix/load 4, 0, 0;
    %flag_set/imm 4, 0;
    %store/vec4 v0x55efb6146b00_0, 4, 3;
    %jmp T_15.17;
T_15.5 ;
    %load/vec4 v0x55efb6146a20_0;
    %ix/load 4, 4, 0;
    %flag_set/imm 4, 0;
    %store/vec4 v0x55efb6146b00_0, 4, 1;
    %pushi/vec4 0, 0, 4;
    %ix/load 4, 0, 0;
    %flag_set/imm 4, 0;
    %store/vec4 v0x55efb6146b00_0, 4, 4;
    %jmp T_15.17;
T_15.6 ;
    %load/vec4 v0x55efb6146a20_0;
    %ix/load 4, 5, 0;
    %flag_set/imm 4, 0;
    %store/vec4 v0x55efb6146b00_0, 4, 1;
    %pushi/vec4 0, 0, 5;
    %ix/load 4, 0, 0;
    %flag_set/imm 4, 0;
    %store/vec4 v0x55efb6146b00_0, 4, 5;
    %jmp T_15.17;
T_15.7 ;
    %load/vec4 v0x55efb6146a20_0;
    %ix/load 4, 6, 0;
    %flag_set/imm 4, 0;
    %store/vec4 v0x55efb6146b00_0, 4, 1;
    %pushi/vec4 0, 0, 6;
    %ix/load 4, 0, 0;
    %flag_set/imm 4, 0;
    %store/vec4 v0x55efb6146b00_0, 4, 6;
    %jmp T_15.17;
T_15.8 ;
    %load/vec4 v0x55efb6146a20_0;
    %ix/load 4, 7, 0;
    %flag_set/imm 4, 0;
    %store/vec4 v0x55efb6146b00_0, 4, 1;
    %pushi/vec4 0, 0, 7;
    %ix/load 4, 0, 0;
    %flag_set/imm 4, 0;
    %store/vec4 v0x55efb6146b00_0, 4, 7;
    %jmp T_15.17;
T_15.9 ;
    %load/vec4 v0x55efb6146a20_0;
    %ix/load 4, 8, 0;
    %flag_set/imm 4, 0;
    %store/vec4 v0x55efb6146b00_0, 4, 1;
    %pushi/vec4 0, 0, 8;
    %ix/load 4, 0, 0;
    %flag_set/imm 4, 0;
    %store/vec4 v0x55efb6146b00_0, 4, 8;
    %jmp T_15.17;
T_15.10 ;
    %load/vec4 v0x55efb6146a20_0;
    %ix/load 4, 9, 0;
    %flag_set/imm 4, 0;
    %store/vec4 v0x55efb6146b00_0, 4, 1;
    %pushi/vec4 0, 0, 9;
    %ix/load 4, 0, 0;
    %flag_set/imm 4, 0;
    %store/vec4 v0x55efb6146b00_0, 4, 9;
    %jmp T_15.17;
T_15.11 ;
    %load/vec4 v0x55efb6146a20_0;
    %ix/load 4, 10, 0;
    %flag_set/imm 4, 0;
    %store/vec4 v0x55efb6146b00_0, 4, 1;
    %pushi/vec4 0, 0, 10;
    %ix/load 4, 0, 0;
    %flag_set/imm 4, 0;
    %store/vec4 v0x55efb6146b00_0, 4, 10;
    %jmp T_15.17;
T_15.12 ;
    %load/vec4 v0x55efb6146a20_0;
    %ix/load 4, 11, 0;
    %flag_set/imm 4, 0;
    %store/vec4 v0x55efb6146b00_0, 4, 1;
    %pushi/vec4 0, 0, 11;
    %ix/load 4, 0, 0;
    %flag_set/imm 4, 0;
    %store/vec4 v0x55efb6146b00_0, 4, 11;
    %jmp T_15.17;
T_15.13 ;
    %load/vec4 v0x55efb6146a20_0;
    %ix/load 4, 12, 0;
    %flag_set/imm 4, 0;
    %store/vec4 v0x55efb6146b00_0, 4, 1;
    %pushi/vec4 0, 0, 12;
    %ix/load 4, 0, 0;
    %flag_set/imm 4, 0;
    %store/vec4 v0x55efb6146b00_0, 4, 12;
    %jmp T_15.17;
T_15.14 ;
    %load/vec4 v0x55efb6146a20_0;
    %ix/load 4, 13, 0;
    %flag_set/imm 4, 0;
    %store/vec4 v0x55efb6146b00_0, 4, 1;
    %pushi/vec4 0, 0, 13;
    %ix/load 4, 0, 0;
    %flag_set/imm 4, 0;
    %store/vec4 v0x55efb6146b00_0, 4, 13;
    %jmp T_15.17;
T_15.15 ;
    %load/vec4 v0x55efb6146a20_0;
    %ix/load 4, 14, 0;
    %flag_set/imm 4, 0;
    %store/vec4 v0x55efb6146b00_0, 4, 1;
    %pushi/vec4 0, 0, 14;
    %ix/load 4, 0, 0;
    %flag_set/imm 4, 0;
    %store/vec4 v0x55efb6146b00_0, 4, 14;
    %jmp T_15.17;
T_15.17 ;
    %pop/vec4 1;
    %jmp T_15;
    .thread T_15, $push;
    .scope S_0x55efb61472d0;
T_16 ;
    %wait E_0x55efb60bd600;
    %load/vec4 v0x55efb61476d0_0;
    %dup/vec4;
    %pushi/vec4 0, 0, 4;
    %cmp/u;
    %jmp/1 T_16.0, 6;
    %dup/vec4;
    %pushi/vec4 1, 0, 4;
    %cmp/u;
    %jmp/1 T_16.1, 6;
    %dup/vec4;
    %pushi/vec4 2, 0, 4;
    %cmp/u;
    %jmp/1 T_16.2, 6;
    %dup/vec4;
    %pushi/vec4 3, 0, 4;
    %cmp/u;
    %jmp/1 T_16.3, 6;
    %dup/vec4;
    %pushi/vec4 4, 0, 4;
    %cmp/u;
    %jmp/1 T_16.4, 6;
    %dup/vec4;
    %pushi/vec4 5, 0, 4;
    %cmp/u;
    %jmp/1 T_16.5, 6;
    %dup/vec4;
    %pushi/vec4 6, 0, 4;
    %cmp/u;
    %jmp/1 T_16.6, 6;
    %dup/vec4;
    %pushi/vec4 7, 0, 4;
    %cmp/u;
    %jmp/1 T_16.7, 6;
    %dup/vec4;
    %pushi/vec4 8, 0, 4;
    %cmp/u;
    %jmp/1 T_16.8, 6;
    %dup/vec4;
    %pushi/vec4 9, 0, 4;
    %cmp/u;
    %jmp/1 T_16.9, 6;
    %dup/vec4;
    %pushi/vec4 10, 0, 4;
    %cmp/u;
    %jmp/1 T_16.10, 6;
    %dup/vec4;
    %pushi/vec4 11, 0, 4;
    %cmp/u;
    %jmp/1 T_16.11, 6;
    %dup/vec4;
    %pushi/vec4 12, 0, 4;
    %cmp/u;
    %jmp/1 T_16.12, 6;
    %dup/vec4;
    %pushi/vec4 13, 0, 4;
    %cmp/u;
    %jmp/1 T_16.13, 6;
    %dup/vec4;
    %pushi/vec4 14, 0, 4;
    %cmp/u;
    %jmp/1 T_16.14, 6;
    %dup/vec4;
    %pushi/vec4 15, 0, 4;
    %cmp/u;
    %jmp/1 T_16.15, 6;
    %pushi/vec4 0, 0, 16;
    %store/vec4 v0x55efb6147610_0, 0, 16;
    %jmp T_16.17;
T_16.0 ;
    %pushi/vec4 0, 0, 16;
    %store/vec4 v0x55efb6147610_0, 0, 16;
    %jmp T_16.17;
T_16.1 ;
    %load/vec4 v0x55efb6147530_0;
    %ix/load 4, 0, 0;
    %flag_set/imm 4, 0;
    %store/vec4 v0x55efb6147610_0, 4, 1;
    %pushi/vec4 0, 0, 15;
    %ix/load 4, 1, 0;
    %flag_set/imm 4, 0;
    %store/vec4 v0x55efb6147610_0, 4, 15;
    %jmp T_16.17;
T_16.2 ;
    %load/vec4 v0x55efb6147530_0;
    %ix/load 4, 1, 0;
    %flag_set/imm 4, 0;
    %store/vec4 v0x55efb6147610_0, 4, 1;
    %pushi/vec4 0, 0, 1;
    %ix/load 4, 0, 0;
    %flag_set/imm 4, 0;
    %store/vec4 v0x55efb6147610_0, 4, 1;
    %jmp T_16.17;
T_16.3 ;
    %load/vec4 v0x55efb6147530_0;
    %ix/load 4, 2, 0;
    %flag_set/imm 4, 0;
    %store/vec4 v0x55efb6147610_0, 4, 1;
    %pushi/vec4 0, 0, 2;
    %ix/load 4, 0, 0;
    %flag_set/imm 4, 0;
    %store/vec4 v0x55efb6147610_0, 4, 2;
    %jmp T_16.17;
T_16.4 ;
    %load/vec4 v0x55efb6147530_0;
    %ix/load 4, 3, 0;
    %flag_set/imm 4, 0;
    %store/vec4 v0x55efb6147610_0, 4, 1;
    %pushi/vec4 0, 0, 3;
    %ix/load 4, 0, 0;
    %flag_set/imm 4, 0;
    %store/vec4 v0x55efb6147610_0, 4, 3;
    %jmp T_16.17;
T_16.5 ;
    %load/vec4 v0x55efb6147530_0;
    %ix/load 4, 4, 0;
    %flag_set/imm 4, 0;
    %store/vec4 v0x55efb6147610_0, 4, 1;
    %pushi/vec4 0, 0, 4;
    %ix/load 4, 0, 0;
    %flag_set/imm 4, 0;
    %store/vec4 v0x55efb6147610_0, 4, 4;
    %jmp T_16.17;
T_16.6 ;
    %load/vec4 v0x55efb6147530_0;
    %ix/load 4, 5, 0;
    %flag_set/imm 4, 0;
    %store/vec4 v0x55efb6147610_0, 4, 1;
    %pushi/vec4 0, 0, 5;
    %ix/load 4, 0, 0;
    %flag_set/imm 4, 0;
    %store/vec4 v0x55efb6147610_0, 4, 5;
    %jmp T_16.17;
T_16.7 ;
    %load/vec4 v0x55efb6147530_0;
    %ix/load 4, 6, 0;
    %flag_set/imm 4, 0;
    %store/vec4 v0x55efb6147610_0, 4, 1;
    %pushi/vec4 0, 0, 6;
    %ix/load 4, 0, 0;
    %flag_set/imm 4, 0;
    %store/vec4 v0x55efb6147610_0, 4, 6;
    %jmp T_16.17;
T_16.8 ;
    %load/vec4 v0x55efb6147530_0;
    %ix/load 4, 7, 0;
    %flag_set/imm 4, 0;
    %store/vec4 v0x55efb6147610_0, 4, 1;
    %pushi/vec4 0, 0, 7;
    %ix/load 4, 0, 0;
    %flag_set/imm 4, 0;
    %store/vec4 v0x55efb6147610_0, 4, 7;
    %jmp T_16.17;
T_16.9 ;
    %load/vec4 v0x55efb6147530_0;
    %ix/load 4, 8, 0;
    %flag_set/imm 4, 0;
    %store/vec4 v0x55efb6147610_0, 4, 1;
    %pushi/vec4 0, 0, 8;
    %ix/load 4, 0, 0;
    %flag_set/imm 4, 0;
    %store/vec4 v0x55efb6147610_0, 4, 8;
    %jmp T_16.17;
T_16.10 ;
    %load/vec4 v0x55efb6147530_0;
    %ix/load 4, 9, 0;
    %flag_set/imm 4, 0;
    %store/vec4 v0x55efb6147610_0, 4, 1;
    %pushi/vec4 0, 0, 9;
    %ix/load 4, 0, 0;
    %flag_set/imm 4, 0;
    %store/vec4 v0x55efb6147610_0, 4, 9;
    %jmp T_16.17;
T_16.11 ;
    %load/vec4 v0x55efb6147530_0;
    %ix/load 4, 10, 0;
    %flag_set/imm 4, 0;
    %store/vec4 v0x55efb6147610_0, 4, 1;
    %pushi/vec4 0, 0, 10;
    %ix/load 4, 0, 0;
    %flag_set/imm 4, 0;
    %store/vec4 v0x55efb6147610_0, 4, 10;
    %jmp T_16.17;
T_16.12 ;
    %load/vec4 v0x55efb6147530_0;
    %ix/load 4, 11, 0;
    %flag_set/imm 4, 0;
    %store/vec4 v0x55efb6147610_0, 4, 1;
    %pushi/vec4 0, 0, 11;
    %ix/load 4, 0, 0;
    %flag_set/imm 4, 0;
    %store/vec4 v0x55efb6147610_0, 4, 11;
    %jmp T_16.17;
T_16.13 ;
    %load/vec4 v0x55efb6147530_0;
    %ix/load 4, 12, 0;
    %flag_set/imm 4, 0;
    %store/vec4 v0x55efb6147610_0, 4, 1;
    %pushi/vec4 0, 0, 12;
    %ix/load 4, 0, 0;
    %flag_set/imm 4, 0;
    %store/vec4 v0x55efb6147610_0, 4, 12;
    %jmp T_16.17;
T_16.14 ;
    %load/vec4 v0x55efb6147530_0;
    %ix/load 4, 13, 0;
    %flag_set/imm 4, 0;
    %store/vec4 v0x55efb6147610_0, 4, 1;
    %pushi/vec4 0, 0, 13;
    %ix/load 4, 0, 0;
    %flag_set/imm 4, 0;
    %store/vec4 v0x55efb6147610_0, 4, 13;
    %jmp T_16.17;
T_16.15 ;
    %load/vec4 v0x55efb6147530_0;
    %ix/load 4, 14, 0;
    %flag_set/imm 4, 0;
    %store/vec4 v0x55efb6147610_0, 4, 1;
    %pushi/vec4 0, 0, 14;
    %ix/load 4, 0, 0;
    %flag_set/imm 4, 0;
    %store/vec4 v0x55efb6147610_0, 4, 14;
    %jmp T_16.17;
T_16.17 ;
    %pop/vec4 1;
    %jmp T_16;
    .thread T_16, $push;
    .scope S_0x55efb61487a0;
T_17 ;
    %wait E_0x55efb61489c0;
    %load/vec4 v0x55efb6148be0_0;
    %dup/vec4;
    %pushi/vec4 0, 0, 4;
    %cmp/u;
    %jmp/1 T_17.0, 6;
    %dup/vec4;
    %pushi/vec4 1, 0, 4;
    %cmp/u;
    %jmp/1 T_17.1, 6;
    %dup/vec4;
    %pushi/vec4 2, 0, 4;
    %cmp/u;
    %jmp/1 T_17.2, 6;
    %dup/vec4;
    %pushi/vec4 3, 0, 4;
    %cmp/u;
    %jmp/1 T_17.3, 6;
    %dup/vec4;
    %pushi/vec4 4, 0, 4;
    %cmp/u;
    %jmp/1 T_17.4, 6;
    %dup/vec4;
    %pushi/vec4 5, 0, 4;
    %cmp/u;
    %jmp/1 T_17.5, 6;
    %dup/vec4;
    %pushi/vec4 6, 0, 4;
    %cmp/u;
    %jmp/1 T_17.6, 6;
    %dup/vec4;
    %pushi/vec4 7, 0, 4;
    %cmp/u;
    %jmp/1 T_17.7, 6;
    %dup/vec4;
    %pushi/vec4 8, 0, 4;
    %cmp/u;
    %jmp/1 T_17.8, 6;
    %dup/vec4;
    %pushi/vec4 9, 0, 4;
    %cmp/u;
    %jmp/1 T_17.9, 6;
    %dup/vec4;
    %pushi/vec4 10, 0, 4;
    %cmp/u;
    %jmp/1 T_17.10, 6;
    %dup/vec4;
    %pushi/vec4 11, 0, 4;
    %cmp/u;
    %jmp/1 T_17.11, 6;
    %dup/vec4;
    %pushi/vec4 12, 0, 4;
    %cmp/u;
    %jmp/1 T_17.12, 6;
    %dup/vec4;
    %pushi/vec4 13, 0, 4;
    %cmp/u;
    %jmp/1 T_17.13, 6;
    %dup/vec4;
    %pushi/vec4 14, 0, 4;
    %cmp/u;
    %jmp/1 T_17.14, 6;
    %dup/vec4;
    %pushi/vec4 15, 0, 4;
    %cmp/u;
    %jmp/1 T_17.15, 6;
    %pushi/vec4 0, 0, 16;
    %store/vec4 v0x55efb6148b20_0, 0, 16;
    %jmp T_17.17;
T_17.0 ;
    %pushi/vec4 0, 0, 16;
    %store/vec4 v0x55efb6148b20_0, 0, 16;
    %jmp T_17.17;
T_17.1 ;
    %load/vec4 v0x55efb6148a40_0;
    %ix/load 4, 0, 0;
    %flag_set/imm 4, 0;
    %store/vec4 v0x55efb6148b20_0, 4, 1;
    %pushi/vec4 0, 0, 15;
    %ix/load 4, 1, 0;
    %flag_set/imm 4, 0;
    %store/vec4 v0x55efb6148b20_0, 4, 15;
    %jmp T_17.17;
T_17.2 ;
    %load/vec4 v0x55efb6148a40_0;
    %ix/load 4, 1, 0;
    %flag_set/imm 4, 0;
    %store/vec4 v0x55efb6148b20_0, 4, 1;
    %pushi/vec4 0, 0, 1;
    %ix/load 4, 0, 0;
    %flag_set/imm 4, 0;
    %store/vec4 v0x55efb6148b20_0, 4, 1;
    %jmp T_17.17;
T_17.3 ;
    %load/vec4 v0x55efb6148a40_0;
    %ix/load 4, 2, 0;
    %flag_set/imm 4, 0;
    %store/vec4 v0x55efb6148b20_0, 4, 1;
    %pushi/vec4 0, 0, 2;
    %ix/load 4, 0, 0;
    %flag_set/imm 4, 0;
    %store/vec4 v0x55efb6148b20_0, 4, 2;
    %jmp T_17.17;
T_17.4 ;
    %load/vec4 v0x55efb6148a40_0;
    %ix/load 4, 3, 0;
    %flag_set/imm 4, 0;
    %store/vec4 v0x55efb6148b20_0, 4, 1;
    %pushi/vec4 0, 0, 3;
    %ix/load 4, 0, 0;
    %flag_set/imm 4, 0;
    %store/vec4 v0x55efb6148b20_0, 4, 3;
    %jmp T_17.17;
T_17.5 ;
    %load/vec4 v0x55efb6148a40_0;
    %ix/load 4, 4, 0;
    %flag_set/imm 4, 0;
    %store/vec4 v0x55efb6148b20_0, 4, 1;
    %pushi/vec4 0, 0, 4;
    %ix/load 4, 0, 0;
    %flag_set/imm 4, 0;
    %store/vec4 v0x55efb6148b20_0, 4, 4;
    %jmp T_17.17;
T_17.6 ;
    %load/vec4 v0x55efb6148a40_0;
    %ix/load 4, 5, 0;
    %flag_set/imm 4, 0;
    %store/vec4 v0x55efb6148b20_0, 4, 1;
    %pushi/vec4 0, 0, 5;
    %ix/load 4, 0, 0;
    %flag_set/imm 4, 0;
    %store/vec4 v0x55efb6148b20_0, 4, 5;
    %jmp T_17.17;
T_17.7 ;
    %load/vec4 v0x55efb6148a40_0;
    %ix/load 4, 6, 0;
    %flag_set/imm 4, 0;
    %store/vec4 v0x55efb6148b20_0, 4, 1;
    %pushi/vec4 0, 0, 6;
    %ix/load 4, 0, 0;
    %flag_set/imm 4, 0;
    %store/vec4 v0x55efb6148b20_0, 4, 6;
    %jmp T_17.17;
T_17.8 ;
    %load/vec4 v0x55efb6148a40_0;
    %ix/load 4, 7, 0;
    %flag_set/imm 4, 0;
    %store/vec4 v0x55efb6148b20_0, 4, 1;
    %pushi/vec4 0, 0, 7;
    %ix/load 4, 0, 0;
    %flag_set/imm 4, 0;
    %store/vec4 v0x55efb6148b20_0, 4, 7;
    %jmp T_17.17;
T_17.9 ;
    %load/vec4 v0x55efb6148a40_0;
    %ix/load 4, 8, 0;
    %flag_set/imm 4, 0;
    %store/vec4 v0x55efb6148b20_0, 4, 1;
    %pushi/vec4 0, 0, 8;
    %ix/load 4, 0, 0;
    %flag_set/imm 4, 0;
    %store/vec4 v0x55efb6148b20_0, 4, 8;
    %jmp T_17.17;
T_17.10 ;
    %load/vec4 v0x55efb6148a40_0;
    %ix/load 4, 9, 0;
    %flag_set/imm 4, 0;
    %store/vec4 v0x55efb6148b20_0, 4, 1;
    %pushi/vec4 0, 0, 9;
    %ix/load 4, 0, 0;
    %flag_set/imm 4, 0;
    %store/vec4 v0x55efb6148b20_0, 4, 9;
    %jmp T_17.17;
T_17.11 ;
    %load/vec4 v0x55efb6148a40_0;
    %ix/load 4, 10, 0;
    %flag_set/imm 4, 0;
    %store/vec4 v0x55efb6148b20_0, 4, 1;
    %pushi/vec4 0, 0, 10;
    %ix/load 4, 0, 0;
    %flag_set/imm 4, 0;
    %store/vec4 v0x55efb6148b20_0, 4, 10;
    %jmp T_17.17;
T_17.12 ;
    %load/vec4 v0x55efb6148a40_0;
    %ix/load 4, 11, 0;
    %flag_set/imm 4, 0;
    %store/vec4 v0x55efb6148b20_0, 4, 1;
    %pushi/vec4 0, 0, 11;
    %ix/load 4, 0, 0;
    %flag_set/imm 4, 0;
    %store/vec4 v0x55efb6148b20_0, 4, 11;
    %jmp T_17.17;
T_17.13 ;
    %load/vec4 v0x55efb6148a40_0;
    %ix/load 4, 12, 0;
    %flag_set/imm 4, 0;
    %store/vec4 v0x55efb6148b20_0, 4, 1;
    %pushi/vec4 0, 0, 12;
    %ix/load 4, 0, 0;
    %flag_set/imm 4, 0;
    %store/vec4 v0x55efb6148b20_0, 4, 12;
    %jmp T_17.17;
T_17.14 ;
    %load/vec4 v0x55efb6148a40_0;
    %ix/load 4, 13, 0;
    %flag_set/imm 4, 0;
    %store/vec4 v0x55efb6148b20_0, 4, 1;
    %pushi/vec4 0, 0, 13;
    %ix/load 4, 0, 0;
    %flag_set/imm 4, 0;
    %store/vec4 v0x55efb6148b20_0, 4, 13;
    %jmp T_17.17;
T_17.15 ;
    %load/vec4 v0x55efb6148a40_0;
    %ix/load 4, 14, 0;
    %flag_set/imm 4, 0;
    %store/vec4 v0x55efb6148b20_0, 4, 1;
    %pushi/vec4 0, 0, 14;
    %ix/load 4, 0, 0;
    %flag_set/imm 4, 0;
    %store/vec4 v0x55efb6148b20_0, 4, 14;
    %jmp T_17.17;
T_17.17 ;
    %pop/vec4 1;
    %jmp T_17;
    .thread T_17, $push;
    .scope S_0x55efb6148210;
T_18 ;
    %wait E_0x55efb6148430;
    %load/vec4 v0x55efb6148650_0;
    %dup/vec4;
    %pushi/vec4 0, 0, 4;
    %cmp/u;
    %jmp/1 T_18.0, 6;
    %dup/vec4;
    %pushi/vec4 1, 0, 4;
    %cmp/u;
    %jmp/1 T_18.1, 6;
    %dup/vec4;
    %pushi/vec4 2, 0, 4;
    %cmp/u;
    %jmp/1 T_18.2, 6;
    %dup/vec4;
    %pushi/vec4 3, 0, 4;
    %cmp/u;
    %jmp/1 T_18.3, 6;
    %dup/vec4;
    %pushi/vec4 4, 0, 4;
    %cmp/u;
    %jmp/1 T_18.4, 6;
    %dup/vec4;
    %pushi/vec4 5, 0, 4;
    %cmp/u;
    %jmp/1 T_18.5, 6;
    %dup/vec4;
    %pushi/vec4 6, 0, 4;
    %cmp/u;
    %jmp/1 T_18.6, 6;
    %dup/vec4;
    %pushi/vec4 7, 0, 4;
    %cmp/u;
    %jmp/1 T_18.7, 6;
    %dup/vec4;
    %pushi/vec4 8, 0, 4;
    %cmp/u;
    %jmp/1 T_18.8, 6;
    %dup/vec4;
    %pushi/vec4 9, 0, 4;
    %cmp/u;
    %jmp/1 T_18.9, 6;
    %dup/vec4;
    %pushi/vec4 10, 0, 4;
    %cmp/u;
    %jmp/1 T_18.10, 6;
    %dup/vec4;
    %pushi/vec4 11, 0, 4;
    %cmp/u;
    %jmp/1 T_18.11, 6;
    %dup/vec4;
    %pushi/vec4 12, 0, 4;
    %cmp/u;
    %jmp/1 T_18.12, 6;
    %dup/vec4;
    %pushi/vec4 13, 0, 4;
    %cmp/u;
    %jmp/1 T_18.13, 6;
    %dup/vec4;
    %pushi/vec4 14, 0, 4;
    %cmp/u;
    %jmp/1 T_18.14, 6;
    %dup/vec4;
    %pushi/vec4 15, 0, 4;
    %cmp/u;
    %jmp/1 T_18.15, 6;
    %pushi/vec4 0, 0, 16;
    %store/vec4 v0x55efb6148590_0, 0, 16;
    %jmp T_18.17;
T_18.0 ;
    %pushi/vec4 0, 0, 16;
    %store/vec4 v0x55efb6148590_0, 0, 16;
    %jmp T_18.17;
T_18.1 ;
    %load/vec4 v0x55efb61484b0_0;
    %ix/load 4, 0, 0;
    %flag_set/imm 4, 0;
    %store/vec4 v0x55efb6148590_0, 4, 1;
    %pushi/vec4 0, 0, 15;
    %ix/load 4, 1, 0;
    %flag_set/imm 4, 0;
    %store/vec4 v0x55efb6148590_0, 4, 15;
    %jmp T_18.17;
T_18.2 ;
    %load/vec4 v0x55efb61484b0_0;
    %ix/load 4, 1, 0;
    %flag_set/imm 4, 0;
    %store/vec4 v0x55efb6148590_0, 4, 1;
    %pushi/vec4 0, 0, 1;
    %ix/load 4, 0, 0;
    %flag_set/imm 4, 0;
    %store/vec4 v0x55efb6148590_0, 4, 1;
    %jmp T_18.17;
T_18.3 ;
    %load/vec4 v0x55efb61484b0_0;
    %ix/load 4, 2, 0;
    %flag_set/imm 4, 0;
    %store/vec4 v0x55efb6148590_0, 4, 1;
    %pushi/vec4 0, 0, 2;
    %ix/load 4, 0, 0;
    %flag_set/imm 4, 0;
    %store/vec4 v0x55efb6148590_0, 4, 2;
    %jmp T_18.17;
T_18.4 ;
    %load/vec4 v0x55efb61484b0_0;
    %ix/load 4, 3, 0;
    %flag_set/imm 4, 0;
    %store/vec4 v0x55efb6148590_0, 4, 1;
    %pushi/vec4 0, 0, 3;
    %ix/load 4, 0, 0;
    %flag_set/imm 4, 0;
    %store/vec4 v0x55efb6148590_0, 4, 3;
    %jmp T_18.17;
T_18.5 ;
    %load/vec4 v0x55efb61484b0_0;
    %ix/load 4, 4, 0;
    %flag_set/imm 4, 0;
    %store/vec4 v0x55efb6148590_0, 4, 1;
    %pushi/vec4 0, 0, 4;
    %ix/load 4, 0, 0;
    %flag_set/imm 4, 0;
    %store/vec4 v0x55efb6148590_0, 4, 4;
    %jmp T_18.17;
T_18.6 ;
    %load/vec4 v0x55efb61484b0_0;
    %ix/load 4, 5, 0;
    %flag_set/imm 4, 0;
    %store/vec4 v0x55efb6148590_0, 4, 1;
    %pushi/vec4 0, 0, 5;
    %ix/load 4, 0, 0;
    %flag_set/imm 4, 0;
    %store/vec4 v0x55efb6148590_0, 4, 5;
    %jmp T_18.17;
T_18.7 ;
    %load/vec4 v0x55efb61484b0_0;
    %ix/load 4, 6, 0;
    %flag_set/imm 4, 0;
    %store/vec4 v0x55efb6148590_0, 4, 1;
    %pushi/vec4 0, 0, 6;
    %ix/load 4, 0, 0;
    %flag_set/imm 4, 0;
    %store/vec4 v0x55efb6148590_0, 4, 6;
    %jmp T_18.17;
T_18.8 ;
    %load/vec4 v0x55efb61484b0_0;
    %ix/load 4, 7, 0;
    %flag_set/imm 4, 0;
    %store/vec4 v0x55efb6148590_0, 4, 1;
    %pushi/vec4 0, 0, 7;
    %ix/load 4, 0, 0;
    %flag_set/imm 4, 0;
    %store/vec4 v0x55efb6148590_0, 4, 7;
    %jmp T_18.17;
T_18.9 ;
    %load/vec4 v0x55efb61484b0_0;
    %ix/load 4, 8, 0;
    %flag_set/imm 4, 0;
    %store/vec4 v0x55efb6148590_0, 4, 1;
    %pushi/vec4 0, 0, 8;
    %ix/load 4, 0, 0;
    %flag_set/imm 4, 0;
    %store/vec4 v0x55efb6148590_0, 4, 8;
    %jmp T_18.17;
T_18.10 ;
    %load/vec4 v0x55efb61484b0_0;
    %ix/load 4, 9, 0;
    %flag_set/imm 4, 0;
    %store/vec4 v0x55efb6148590_0, 4, 1;
    %pushi/vec4 0, 0, 9;
    %ix/load 4, 0, 0;
    %flag_set/imm 4, 0;
    %store/vec4 v0x55efb6148590_0, 4, 9;
    %jmp T_18.17;
T_18.11 ;
    %load/vec4 v0x55efb61484b0_0;
    %ix/load 4, 10, 0;
    %flag_set/imm 4, 0;
    %store/vec4 v0x55efb6148590_0, 4, 1;
    %pushi/vec4 0, 0, 10;
    %ix/load 4, 0, 0;
    %flag_set/imm 4, 0;
    %store/vec4 v0x55efb6148590_0, 4, 10;
    %jmp T_18.17;
T_18.12 ;
    %load/vec4 v0x55efb61484b0_0;
    %ix/load 4, 11, 0;
    %flag_set/imm 4, 0;
    %store/vec4 v0x55efb6148590_0, 4, 1;
    %pushi/vec4 0, 0, 11;
    %ix/load 4, 0, 0;
    %flag_set/imm 4, 0;
    %store/vec4 v0x55efb6148590_0, 4, 11;
    %jmp T_18.17;
T_18.13 ;
    %load/vec4 v0x55efb61484b0_0;
    %ix/load 4, 12, 0;
    %flag_set/imm 4, 0;
    %store/vec4 v0x55efb6148590_0, 4, 1;
    %pushi/vec4 0, 0, 12;
    %ix/load 4, 0, 0;
    %flag_set/imm 4, 0;
    %store/vec4 v0x55efb6148590_0, 4, 12;
    %jmp T_18.17;
T_18.14 ;
    %load/vec4 v0x55efb61484b0_0;
    %ix/load 4, 13, 0;
    %flag_set/imm 4, 0;
    %store/vec4 v0x55efb6148590_0, 4, 1;
    %pushi/vec4 0, 0, 13;
    %ix/load 4, 0, 0;
    %flag_set/imm 4, 0;
    %store/vec4 v0x55efb6148590_0, 4, 13;
    %jmp T_18.17;
T_18.15 ;
    %load/vec4 v0x55efb61484b0_0;
    %ix/load 4, 14, 0;
    %flag_set/imm 4, 0;
    %store/vec4 v0x55efb6148590_0, 4, 1;
    %pushi/vec4 0, 0, 14;
    %ix/load 4, 0, 0;
    %flag_set/imm 4, 0;
    %store/vec4 v0x55efb6148590_0, 4, 14;
    %jmp T_18.17;
T_18.17 ;
    %pop/vec4 1;
    %jmp T_18;
    .thread T_18, $push;
    .scope S_0x55efb60f7320;
T_19 ;
    %wait E_0x55efb614b9a0;
    %load/vec4 v0x55efb61508b0_0;
    %flag_set/vec4 8;
    %jmp/0xz  T_19.0, 8;
    %pushi/vec4 0, 0, 1;
    %assign/vec4 v0x55efb61507c0_0, 0;
    %pushi/vec4 0, 0, 1;
    %assign/vec4 v0x55efb61506f0_0, 0;
    %pushi/vec4 0, 0, 1;
    %assign/vec4 v0x55efb6150650_0, 0;
    %pushi/vec4 0, 0, 1;
    %assign/vec4 v0x55efb6150420_0, 0;
    %pushi/vec4 0, 0, 1;
    %assign/vec4 v0x55efb61504c0_0, 0;
    %pushi/vec4 0, 0, 10;
    %assign/vec4 v0x55efb6150560_0, 0;
    %pushi/vec4 0, 0, 10;
    %assign/vec4 v0x55efb6150360_0, 0;
    %pushi/vec4 0, 0, 32;
    %assign/vec4 v0x55efb6150070_0, 0;
    %pushi/vec4 0, 0, 1;
    %assign/vec4 v0x55efb6150f50_0, 0;
    %jmp T_19.1;
T_19.0 ;
    %pushi/vec4 0, 0, 1;
    %assign/vec4 v0x55efb6150f50_0, 0;
    %load/vec4 v0x55efb6150950_0;
    %load/vec4 v0x55efb614f8f0_0;
    %and;
    %flag_set/vec4 8;
    %jmp/0xz  T_19.2, 8;
    %load/vec4 v0x55efb6150bf0_0;
    %parti/s 8, 0, 2;
    %dup/vec4;
    %pushi/vec4 0, 0, 8;
    %cmp/u;
    %jmp/1 T_19.4, 6;
    %dup/vec4;
    %pushi/vec4 4, 0, 8;
    %cmp/u;
    %jmp/1 T_19.5, 6;
    %dup/vec4;
    %pushi/vec4 8, 0, 8;
    %cmp/u;
    %jmp/1 T_19.6, 6;
    %dup/vec4;
    %pushi/vec4 12, 0, 8;
    %cmp/u;
    %jmp/1 T_19.7, 6;
    %dup/vec4;
    %pushi/vec4 16, 0, 8;
    %cmp/u;
    %jmp/1 T_19.8, 6;
    %dup/vec4;
    %pushi/vec4 20, 0, 8;
    %cmp/u;
    %jmp/1 T_19.9, 6;
    %dup/vec4;
    %pushi/vec4 24, 0, 8;
    %cmp/u;
    %jmp/1 T_19.10, 6;
    %dup/vec4;
    %pushi/vec4 28, 0, 8;
    %cmp/u;
    %jmp/1 T_19.11, 6;
    %jmp T_19.13;
T_19.4 ;
    %load/vec4 v0x55efb6152650_0;
    %parti/s 1, 0, 2;
    %flag_set/vec4 8;
    %jmp/0xz  T_19.14, 8;
    %load/vec4 v0x55efb6151270_0;
    %parti/s 1, 0, 2;
    %assign/vec4 v0x55efb61507c0_0, 0;
T_19.14 ;
    %jmp T_19.13;
T_19.5 ;
    %load/vec4 v0x55efb6152650_0;
    %parti/s 1, 0, 2;
    %flag_set/vec4 8;
    %jmp/0xz  T_19.16, 8;
    %load/vec4 v0x55efb6151270_0;
    %parti/s 1, 0, 2;
    %assign/vec4 v0x55efb61506f0_0, 0;
T_19.16 ;
    %jmp T_19.13;
T_19.6 ;
    %load/vec4 v0x55efb6152650_0;
    %parti/s 1, 0, 2;
    %flag_set/vec4 8;
    %jmp/0xz  T_19.18, 8;
    %load/vec4 v0x55efb6151270_0;
    %parti/s 1, 0, 2;
    %assign/vec4 v0x55efb6150650_0, 0;
T_19.18 ;
    %jmp T_19.13;
T_19.7 ;
    %load/vec4 v0x55efb6152650_0;
    %parti/s 1, 0, 2;
    %flag_set/vec4 8;
    %jmp/0xz  T_19.20, 8;
    %load/vec4 v0x55efb6151270_0;
    %parti/s 1, 0, 2;
    %assign/vec4 v0x55efb6150420_0, 0;
T_19.20 ;
    %jmp T_19.13;
T_19.8 ;
    %load/vec4 v0x55efb6152650_0;
    %parti/s 1, 0, 2;
    %flag_set/vec4 8;
    %jmp/0xz  T_19.22, 8;
    %load/vec4 v0x55efb6151270_0;
    %parti/s 1, 0, 2;
    %assign/vec4 v0x55efb61504c0_0, 0;
T_19.22 ;
    %jmp T_19.13;
T_19.9 ;
    %load/vec4 v0x55efb6152650_0;
    %parti/s 1, 0, 2;
    %flag_set/vec4 8;
    %jmp/0xz  T_19.24, 8;
    %load/vec4 v0x55efb6151270_0;
    %parti/s 10, 0, 2;
    %assign/vec4 v0x55efb6150560_0, 0;
T_19.24 ;
    %jmp T_19.13;
T_19.10 ;
    %load/vec4 v0x55efb6152650_0;
    %parti/s 1, 0, 2;
    %flag_set/vec4 8;
    %jmp/0xz  T_19.26, 8;
    %load/vec4 v0x55efb6151270_0;
    %parti/s 10, 0, 2;
    %assign/vec4 v0x55efb6150360_0, 0;
T_19.26 ;
    %jmp T_19.13;
T_19.11 ;
    %load/vec4 v0x55efb61514e0_0;
    %pad/u 32;
    %assign/vec4 v0x55efb6150070_0, 0;
    %jmp T_19.13;
T_19.13 ;
    %pop/vec4 1;
    %pushi/vec4 1, 0, 1;
    %assign/vec4 v0x55efb6150f50_0, 0;
T_19.2 ;
T_19.1 ;
    %jmp T_19;
    .thread T_19;
# The file index is used to find the file name in the following table.
:file_names 4;
    "N/A";
    "<interactive>";
    "user_proj_example.v";
    "./Pixel.v";
